Log file open, 03/03/18 16:06:57
LogWindows: Failed to load 'aqProf.dll' (GetLastError=126)
LogWindows: File 'aqProf.dll' does not exist
LogWindows: Failed to load 'VtuneApi.dll' (GetLastError=126)
LogWindows: File 'VtuneApi.dll' does not exist
LogWindows: Failed to load 'VtuneApi32e.dll' (GetLastError=126)
LogWindows: File 'VtuneApi32e.dll' does not exist
LogInit: Display: Running engine for game: QuickFixGarage
LogPlatformFile: Not using cached read wrapper
LogInit: Display: RandInit(-963166769) SRandInit(-963166769).
LogInit: Read version file with build ID '9e49def5-3c95-4e3c-ac84-152a74e0b216'
LogInit: Registered custom module enumerator with build ID '9e49def5-3c95-4e3c-ac84-152a74e0b216'
LogTaskGraph: Started task graph with 5 named threads and 20 total threads with 3 sets of task threads.
LogStats: Stats thread started at 0.232303
LogD3D11RHI: Aftermath initialized
LogModuleManager: Display: Found up-to-date module file ../../../Engine/Plugins/2D/Paper2D/Binaries/Win64/UE4Editor-Paper2D.dll (API version 0).
LogModuleManager: Display: Found up-to-date module file ../../../Engine/Plugins/2D/Paper2D/Binaries/Win64/UE4Editor-Paper2DEditor.dll (API version 0).
LogModuleManager: Display: Found up-to-date module file ../../../Engine/Plugins/2D/Paper2D/Binaries/Win64/UE4Editor-PaperSpriteSheetImporter.dll (API version 0).
LogModuleManager: Display: Found up-to-date module file ../../../Engine/Plugins/2D/Paper2D/Binaries/Win64/UE4Editor-PaperTiledImporter.dll (API version 0).
LogModuleManager: Display: Found up-to-date module file ../../../Engine/Plugins/2D/Paper2D/Binaries/Win64/UE4Editor-SmartSnapping.dll (API version 0).
LogModuleManager: Display: Found up-to-date module file ../../../Engine/Plugins/Blendables/LightPropagationVolume/Binaries/Win64/UE4Editor-LightPropagationVolumeRuntime.dll (API version 0).
LogModuleManager: Display: Found up-to-date module file ../../../Engine/Plugins/Blendables/LightPropagationVolume/Binaries/Win64/UE4Editor-LightPropagationVolumeEditor.dll (API version 0).
LogModuleManager: Display: Found up-to-date module file ../../../Engine/Plugins/Developer/GitSourceControl/Binaries/Win64/UE4Editor-GitSourceControl.dll (API version 0).
LogModuleManager: Display: Found up-to-date module file ../../../Engine/Plugins/Developer/PerforceSourceControl/Binaries/Win64/UE4Editor-PerforceSourceControl.dll (API version 0).
LogModuleManager: Display: Found up-to-date module file ../../../Engine/Plugins/Developer/SubversionSourceControl/Binaries/Win64/UE4Editor-SubversionSourceControl.dll (API version 0).
LogModuleManager: Display: Found up-to-date module file ../../../Engine/Plugins/Developer/UObjectPlugin/Binaries/Win64/UE4Editor-UObjectPlugin.dll (API version 0).
LogModuleManager: Display: Found up-to-date module file ../../../Engine/Plugins/Developer/VisualStudioCodeSourceCodeAccess/Binaries/Win64/UE4Editor-VisualStudioCodeSourceCodeAccess.dll (API version 0).
LogModuleManager: Display: Found up-to-date module file ../../../Engine/Plugins/Developer/VisualStudioSourceCodeAccess/Binaries/Win64/UE4Editor-VisualStudioSourceCodeAccess.dll (API version 0).
LogModuleManager: Display: Found up-to-date module file ../../../Engine/Plugins/Editor/AssetManagerEditor/Binaries/Win64/UE4Editor-AssetManagerEditor.dll (API version 0).
LogModuleManager: Display: Found up-to-date module file ../../../Engine/Plugins/Editor/AudioCapture/Binaries/Win64/UE4Editor-AudioCapture.dll (API version 0).
LogModuleManager: Display: Found up-to-date module file ../../../Engine/Plugins/Editor/FacialAnimation/Binaries/Win64/UE4Editor-FacialAnimation.dll (API version 0).
LogModuleManager: Display: Found up-to-date module file ../../../Engine/Plugins/Editor/FacialAnimation/Binaries/Win64/UE4Editor-FacialAnimationEditor.dll (API version 0).
LogModuleManager: Display: Found up-to-date module file ../../../Engine/Plugins/Editor/GameplayTagsEditor/Binaries/Win64/UE4Editor-GameplayTagsEditor.dll (API version 0).
LogModuleManager: Display: Found up-to-date module file ../../../Engine/Plugins/Editor/MobileLauncherProfileWizard/Binaries/Win64/UE4Editor-MobileLauncherProfileWizard.dll (API version 0).
LogModuleManager: Display: Found up-to-date module file ../../../Engine/Plugins/Editor/PluginBrowser/Binaries/Win64/UE4Editor-PluginBrowser.dll (API version 0).
LogModuleManager: Display: Found up-to-date module file ../../../Engine/Plugins/Editor/SpeedTreeImporter/Binaries/Win64/UE4Editor-SpeedTreeImporter.dll (API version 0).
LogModuleManager: Display: Found up-to-date module file ../../../Engine/Plugins/Experimental/AlembicImporter/Binaries/Win64/UE4Editor-AlembicImporter.dll (API version 0).
LogModuleManager: Display: Found up-to-date module file ../../../Engine/Plugins/Experimental/AlembicImporter/Binaries/Win64/UE4Editor-AlembicLibrary.dll (API version 0).
LogModuleManager: Display: Found up-to-date module file ../../../Engine/Plugins/Experimental/CharacterAI/Binaries/Win64/UE4Editor-CharacterAI.dll (API version 0).
LogModuleManager: Display: Found up-to-date module file ../../../Engine/Plugins/Experimental/HTML5Networking/Binaries/Win64/UE4Editor-HTML5Networking.dll (API version 0).
LogModuleManager: Display: Found up-to-date module file ../../../Engine/Plugins/Media/AndroidMedia/Binaries/Win64/UE4Editor-AndroidMediaEditor.dll (API version 0).
LogModuleManager: Display: Found up-to-date module file ../../../Engine/Plugins/Media/AndroidMedia/Binaries/Win64/UE4Editor-AndroidMediaFactory.dll (API version 0).
LogModuleManager: Display: Found up-to-date module file ../../../Engine/Plugins/Media/AvfMedia/Binaries/Win64/UE4Editor-AvfMediaEditor.dll (API version 0).
LogModuleManager: Display: Found up-to-date module file ../../../Engine/Plugins/Media/AvfMedia/Binaries/Win64/UE4Editor-AvfMediaFactory.dll (API version 0).
LogModuleManager: Display: Found up-to-date module file ../../../Engine/Plugins/Media/AvfMedia/Binaries/Win64/UE4Editor-AvfMediaFactory.dll (API version 0).
LogModuleManager: Display: Found up-to-date module file ../../../Engine/Plugins/Media/ImgMedia/Binaries/Win64/UE4Editor-ImgMedia.dll (API version 0).
LogModuleManager: Display: Found up-to-date module file ../../../Engine/Plugins/Media/ImgMedia/Binaries/Win64/UE4Editor-ImgMediaEditor.dll (API version 0).
LogModuleManager: Display: Found up-to-date module file ../../../Engine/Plugins/Media/ImgMedia/Binaries/Win64/UE4Editor-ImgMediaFactory.dll (API version 0).
LogModuleManager: Display: Found up-to-date module file ../../../Engine/Plugins/Media/ImgMedia/Binaries/Win64/UE4Editor-ImgMediaFactory.dll (API version 0).
LogModuleManager: Display: Found up-to-date module file ../../../Engine/Plugins/Media/ImgMedia/Binaries/Win64/UE4Editor-OpenExrWrapper.dll (API version 0).
LogModuleManager: Display: Found up-to-date module file ../../../Engine/Plugins/Media/MediaCompositing/Binaries/Win64/UE4Editor-MediaCompositing.dll (API version 0).
LogModuleManager: Display: Found up-to-date module file ../../../Engine/Plugins/Media/MediaCompositing/Binaries/Win64/UE4Editor-MediaCompositingEditor.dll (API version 0).
LogModuleManager: Display: Found up-to-date module file ../../../Engine/Plugins/Media/MediaPlayerEditor/Binaries/Win64/UE4Editor-MediaPlayerEditor.dll (API version 0).
LogModuleManager: Display: Found up-to-date module file ../../../Engine/Plugins/Media/WmfMedia/Binaries/Win64/UE4Editor-WmfMedia.dll (API version 0).
LogModuleManager: Display: Found up-to-date module file ../../../Engine/Plugins/Media/WmfMedia/Binaries/Win64/UE4Editor-WmfMediaEditor.dll (API version 0).
LogModuleManager: Display: Found up-to-date module file ../../../Engine/Plugins/Media/WmfMedia/Binaries/Win64/UE4Editor-WmfMediaFactory.dll (API version 0).
LogModuleManager: Display: Found up-to-date module file ../../../Engine/Plugins/Media/WmfMedia/Binaries/Win64/UE4Editor-WmfMediaFactory.dll (API version 0).
LogModuleManager: Display: Found up-to-date module file ../../../Engine/Plugins/Messaging/TcpMessaging/Binaries/Win64/UE4Editor-TcpMessaging.dll (API version 0).
LogModuleManager: Display: Found up-to-date module file ../../../Engine/Plugins/Messaging/UdpMessaging/Binaries/Win64/UE4Editor-UdpMessaging.dll (API version 0).
LogModuleManager: Display: Found up-to-date module file ../../../Engine/Plugins/MovieScene/ActorSequence/Binaries/Win64/UE4Editor-ActorSequence.dll (API version 0).
LogModuleManager: Display: Found up-to-date module file ../../../Engine/Plugins/MovieScene/LevelSequenceEditor/Binaries/Win64/UE4Editor-LevelSequenceEditor.dll (API version 0).
LogModuleManager: Display: Found up-to-date module file ../../../Engine/Plugins/MovieScene/MatineeToLevelSequence/Binaries/Win64/UE4Editor-MatineeToLevelSequence.dll (API version 0).
LogModuleManager: Display: Found up-to-date module file ../../../Engine/Plugins/Online/OnlineSubsystem/Binaries/Win64/UE4Editor-OnlineSubsystem.dll (API version 0).
LogModuleManager: Display: Found up-to-date module file ../../../Engine/Plugins/Runtime/AndroidPermission/Binaries/Win64/UE4Editor-AndroidPermission.dll (API version 0).
LogModuleManager: Display: Found up-to-date module file ../../../Engine/Plugins/Online/OnlineSubsystemNull/Binaries/Win64/UE4Editor-OnlineSubsystemNull.dll (API version 0).
LogModuleManager: Display: Found up-to-date module file ../../../Engine/Plugins/Online/OnlineSubsystemUtils/Binaries/Win64/UE4Editor-OnlineSubsystemUtils.dll (API version 0).
LogModuleManager: Display: Found up-to-date module file ../../../Engine/Plugins/Online/OnlineSubsystemUtils/Binaries/Win64/UE4Editor-OnlineBlueprintSupport.dll (API version 0).
LogModuleManager: Display: Found up-to-date module file ../../../Engine/Plugins/Runtime/AndroidDeviceProfileSelector/Binaries/Win64/UE4Editor-AndroidDeviceProfileSelector.dll (API version 0).
LogModuleManager: Display: Found up-to-date module file ../../../Engine/Plugins/Runtime/AppleARKit/Binaries/Win64/UE4Editor-AppleARKit.dll (API version 0).
LogModuleManager: Display: Found up-to-date module file ../../../Engine/Plugins/Runtime/ArchVisCharacter/Binaries/Win64/UE4Editor-ArchVisCharacter.dll (API version 0).
LogModuleManager: Display: Found up-to-date module file ../../../Engine/Plugins/Runtime/CableComponent/Binaries/Win64/UE4Editor-CableComponent.dll (API version 0).
LogModuleManager: Display: Found up-to-date module file ../../../Engine/Plugins/Runtime/CustomMeshComponent/Binaries/Win64/UE4Editor-CustomMeshComponent.dll (API version 0).
LogModuleManager: Display: Found up-to-date module file ../../../Engine/Plugins/Runtime/ExampleDeviceProfileSelector/Binaries/Win64/UE4Editor-ExampleDeviceProfileSelector.dll (API version 0).
LogModuleManager: Display: Found up-to-date module file ../../../Engine/Plugins/Runtime/ImmediatePhysics/Binaries/Win64/UE4Editor-ImmediatePhysics.dll (API version 0).
LogModuleManager: Display: Found up-to-date module file ../../../Engine/Plugins/Runtime/ImmediatePhysics/Binaries/Win64/UE4Editor-ImmediatePhysicsEditor.dll (API version 0).
LogModuleManager: Display: Found up-to-date module file ../../../Engine/Plugins/Runtime/LocationServicesBPLibrary/Binaries/Win64/UE4Editor-LocationServicesBPLibrary.dll (API version 0).
LogModuleManager: Display: Found up-to-date module file ../../../Engine/Plugins/Runtime/MobilePatchingUtils/Binaries/Win64/UE4Editor-MobilePatchingUtils.dll (API version 0).
LogModuleManager: Display: Found up-to-date module file ../../../Engine/Plugins/Runtime/Oculus/OculusVR/Binaries/Win64/UE4Editor-OculusHMD.dll (API version 0).
LogModuleManager: Display: Found up-to-date module file ../../../Engine/Plugins/Runtime/Oculus/OculusVR/Binaries/Win64/UE4Editor-OculusInput.dll (API version 0).
LogModuleManager: Display: Found up-to-date module file ../../../Engine/Plugins/Runtime/Oculus/OculusVR/Binaries/Win64/UE4Editor-OculusEditor.dll (API version 0).
LogModuleManager: Display: Found up-to-date module file ../../../Engine/Plugins/Runtime/PhysXVehicles/Binaries/Win64/UE4Editor-PhysXVehicles.dll (API version 0).
LogModuleManager: Display: Found up-to-date module file ../../../Engine/Plugins/Runtime/PhysXVehicles/Binaries/Win64/UE4Editor-PhysXVehiclesEditor.dll (API version 0).
LogModuleManager: Display: Found up-to-date module file ../../../Engine/Plugins/Runtime/ProceduralMeshComponent/Binaries/Win64/UE4Editor-ProceduralMeshComponent.dll (API version 0).
LogModuleManager: Display: Found up-to-date module file ../../../Engine/Plugins/Runtime/ProceduralMeshComponent/Binaries/Win64/UE4Editor-ProceduralMeshComponentEditor.dll (API version 0).
LogModuleManager: Display: Found up-to-date module file ../../../Engine/Plugins/Runtime/RuntimePhysXCooking/Binaries/Win64/UE4Editor-RuntimePhysXCooking.dll (API version 0).
LogModuleManager: Display: Found up-to-date module file ../../../Engine/Plugins/Runtime/Steam/SteamVR/Binaries/Win64/UE4Editor-SteamVR.dll (API version 0).
LogModuleManager: Display: Found up-to-date module file ../../../Engine/Plugins/Runtime/Steam/SteamVR/Binaries/Win64/UE4Editor-SteamVRController.dll (API version 0).
LogModuleManager: Display: Found up-to-date module file ../../../Engine/Plugins/Runtime/WindowsMoviePlayer/Binaries/Win64/UE4Editor-WindowsMoviePlayer.dll (API version 0).
LogPluginManager: Mounting plugin Paper2D
LogPluginManager: Mounting plugin LightPropagationVolume
LogPluginManager: Mounting plugin CodeLiteSourceCodeAccess
LogPluginManager: Mounting plugin GitSourceControl
LogPluginManager: Mounting plugin KDevelopSourceCodeAccess
LogPluginManager: Mounting plugin NullSourceCodeAccess
LogPluginManager: Mounting plugin PerforceSourceControl
LogPluginManager: Mounting plugin SubversionSourceControl
LogPluginManager: Mounting plugin UObjectPlugin
LogPluginManager: Mounting plugin VisualStudioCodeSourceCodeAccess
LogPluginManager: Mounting plugin VisualStudioSourceCodeAccess
LogPluginManager: Mounting plugin XCodeSourceCodeAccess
LogPluginManager: Mounting plugin AssetManagerEditor
LogPluginManager: Mounting plugin AudioCapture
LogPluginManager: Mounting plugin FacialAnimation
LogPluginManager: Mounting plugin GameplayTagsEditor
LogPluginManager: Mounting plugin MobileLauncherProfileWizard
LogPluginManager: Mounting plugin PluginBrowser
LogPluginManager: Mounting plugin SpeedTreeImporter
LogPluginManager: Mounting plugin AlembicImporter
LogPluginManager: Mounting plugin CharacterAI
LogPluginManager: Mounting plugin HTML5Networking
LogPluginManager: Mounting plugin AndroidMedia
LogPluginManager: Mounting plugin AvfMedia
LogPluginManager: Mounting plugin ImgMedia
LogPluginManager: Mounting plugin MediaCompositing
LogPluginManager: Mounting plugin MediaPlayerEditor
LogPluginManager: Mounting plugin WmfMedia
LogPluginManager: Mounting plugin TcpMessaging
LogPluginManager: Mounting plugin UdpMessaging
LogPluginManager: Mounting plugin ActorSequence
LogPluginManager: Mounting plugin LevelSequenceEditor
LogPluginManager: Mounting plugin MatineeToLevelSequence
LogPluginManager: Mounting plugin OnlineSubsystemGooglePlay
LogPluginManager: Mounting plugin OnlineSubsystemIOS
LogPluginManager: Mounting plugin OnlineSubsystem
LogPluginManager: Mounting plugin OnlineSubsystemNull
LogPluginManager: Mounting plugin OnlineSubsystemUtils
LogPluginManager: Mounting plugin AndroidDeviceProfileSelector
LogPluginManager: Mounting plugin AndroidMoviePlayer
LogPluginManager: Mounting plugin AndroidPermission
LogPluginManager: Mounting plugin AppleARKit
LogPluginManager: Mounting plugin AppleMoviePlayer
LogPluginManager: Mounting plugin ArchVisCharacter
LogPluginManager: Mounting plugin CableComponent
LogPluginManager: Mounting plugin CustomMeshComponent
LogPluginManager: Mounting plugin ExampleDeviceProfileSelector
LogPluginManager: Mounting plugin GoogleCloudMessaging
LogPluginManager: Mounting plugin ImmediatePhysics
LogPluginManager: Mounting plugin IOSDeviceProfileSelector
LogPluginManager: Mounting plugin LinuxDeviceProfileSelector
LogPluginManager: Mounting plugin LocationServicesBPLibrary
LogPluginManager: Mounting plugin MobilePatchingUtils
LogPluginManager: Mounting plugin OculusVR
LogPluginManager: Plugin shader directory ../../../Engine/Plugins/Runtime/Oculus/OculusVR/Shaders found
LogPluginManager: Mapping shader source directory ../../../Engine/Plugins/Runtime/Oculus/OculusVR/Shaders to virtual directory /Plugin/OculusVR
LogPluginManager: Mounting plugin PhysXVehicles
LogPluginManager: Mounting plugin ProceduralMeshComponent
LogPluginManager: Mounting plugin RuntimePhysXCooking
LogPluginManager: Mounting plugin SteamVR
LogPluginManager: Mounting plugin WindowsMoviePlayer
LogInit: Using libcurl 7.47.1
LogInit:  - built for x86_64-pc-win32
LogInit:  - supports SSL with OpenSSL/1.0.2g
LogInit:  - supports HTTP deflate (compression) using libz 1.2.8
LogInit:  - other features:
LogInit:      CURL_VERSION_SSL
LogInit:      CURL_VERSION_LIBZ
LogInit:      CURL_VERSION_IPV6
LogInit:      CURL_VERSION_ASYNCHDNS
LogInit:      CURL_VERSION_LARGEFILE
LogInit:      CURL_VERSION_IDN
LogInit:  CurlRequestOptions (configurable via config and command line):
LogInit:  - bVerifyPeer = false  - Libcurl will NOT verify peer certificate
LogInit:  - bUseHttpProxy = false  - Libcurl will NOT use HTTP proxy
LogInit:  - bDontReuseConnections = false  - Libcurl will reuse connections
LogInit:  - CertBundlePath = nullptr  - Libcurl will use whatever was configured at build time.
LogInit: Build: ++UE4+Release-4.18-CL-0
LogInit: Engine Version: 4.18.2-0+++UE4+Release-4.18
LogInit: Compatible Engine Version: 4.18.0-0+++UE4+Release-4.18
LogInit: Net CL: 0
LogDevObjectVersion: Number of dev versions registered: 16
LogDevObjectVersion:   Dev-Blueprints (B0D832E4-1F89-4F0D-ACCF-7EB736FD4AA2): 10
LogDevObjectVersion:   Dev-Build (E1C64328-A22C-4D53-A36C-8E866417BD8C): 0
LogDevObjectVersion:   Dev-Core (375EC13C-06E4-48FB-B500-84F0262A717E): 2
LogDevObjectVersion:   Dev-Editor (E4B068ED-F494-42E9-A231-DA0B2E46BB41): 20
LogDevObjectVersion:   Dev-Framework (CFFC743F-43B0-4480-9391-14DF171D2073): 30
LogDevObjectVersion:   Dev-Mobile (B02B49B5-BB20-44E9-A304-32B752E40360): 0
LogDevObjectVersion:   Dev-Networking (A4E4105C-59A1-49B5-A7C5-40C4547EDFEE): 0
LogDevObjectVersion:   Dev-Online (39C831C9-5AE6-47DC-9A44-9C173E1C8E7C): 0
LogDevObjectVersion:   Dev-Physics (78F01B33-EBEA-4F98-B9B4-84EACCB95AA2): 0
LogDevObjectVersion:   Dev-Platform (6631380F-2D4D-43E0-8009-CF276956A95A): 0
LogDevObjectVersion:   Dev-Rendering (12F88B9F-8875-4AFC-A67C-D90C383ABD29): 20
LogDevObjectVersion:   Dev-Sequencer (7B5AE74C-D270-4C10-A958-57980B212A5A): 4
LogDevObjectVersion:   Dev-VR (D7296918-1DD6-4BDD-9DE2-64A83CC13884): 0
LogDevObjectVersion:   Dev-LoadTimes (C2A15278-BFE7-4AFE-6C17-90FF531DF755): 1
LogDevObjectVersion:   Private-Geometry (6EACA3D4-40EC-4CC1-B786-8BED09428FC5): 1
LogDevObjectVersion:   Dev-AnimPhys (29E575DD-E0A3-4627-9D10-D276232CDCEA): 12
LogInit: Compiled (64-bit): Mar  2 2018 18:34:22
LogInit: Compiled with Visual C++: 19.12.25835.00
LogInit: Build Configuration: Development
LogInit: Branch Name: ++UE4+Release-4.18
LogInit: Command line: 
LogInit: Base directory: D:/College Files/MICROSOFT_UWP_UNREAL-release_uwp/Engine/Binaries/Win64/
LogInit: Installed Engine Build: 0
LogInit: Presizing for max 8388607 objects, including 0 objects not considered by GC, pre-allocating 0 bytes for permanent pool.
LogInit: Object subsystem initialized
[2018.03.03-21.06.58:430][  0]LogInit: Selected Device Profile: [Windows]
[2018.03.03-21.06.58:430][  0]LogInit: Applying CVar settings loaded from the selected device profile: [Windows]
[2018.03.03-21.06.58:437][  0]LogInit: Computer: DESKTOP-2LOEKNK
[2018.03.03-21.06.58:437][  0]LogInit: User: jeff
[2018.03.03-21.06.58:437][  0]LogInit: CPU Page size=4096, Cores=6
[2018.03.03-21.06.58:437][  0]LogInit: High frequency timer resolution =3.515625 MHz
[2018.03.03-21.06.58:437][  0]LogMemory: Memory total: Physical=8.0GB (8GB approx)
[2018.03.03-21.06.58:437][  0]LogMemory: Platform Memory Stats for Windows
[2018.03.03-21.06.58:437][  0]LogMemory: Process Physical Memory: 271.82 MB used, 271.82 MB peak
[2018.03.03-21.06.58:437][  0]LogMemory: Process Virtual Memory: 271.61 MB used, 271.61 MB peak
[2018.03.03-21.06.58:437][  0]LogMemory: Physical Memory: 4207.00 MB used,  3945.78 MB free, 8152.78 MB total
[2018.03.03-21.06.58:437][  0]LogMemory: Virtual Memory: 686.82 MB used,  3945.78 MB free, 134217728.00 MB total
[2018.03.03-21.06.58:521][  0]LogInit: Using OS detected language (en-US).
[2018.03.03-21.06.58:521][  0]LogInit: Using OS detected locale (en-CA).
[2018.03.03-21.06.58:522][  0]LogTextLocalizationManager: No specific localization for 'en-US' exists, so the 'en' localization will be used.
[2018.03.03-21.06.58:857][  0]LogInit: Setting process to per monitor DPI aware
[2018.03.03-21.06.59:013][  0]LogD3D11RHI: D3D11 adapters:
[2018.03.03-21.06.59:049][  0]LogD3D11RHI:    0. 'NVIDIA GeForce GTX 1060 3GB' (Feature Level 11_0)
[2018.03.03-21.06.59:049][  0]LogD3D11RHI:       2988/0/4076 MB DedicatedVideo/DedicatedSystem/SharedSystem, Outputs:1, VendorId:0x10de
[2018.03.03-21.06.59:051][  0]LogD3D11RHI:    1. 'Microsoft Basic Render Driver' (Feature Level 11_0)
[2018.03.03-21.06.59:051][  0]LogD3D11RHI:       0/0/4076 MB DedicatedVideo/DedicatedSystem/SharedSystem, Outputs:0, VendorId:0x1414
[2018.03.03-21.06.59:051][  0]LogD3D11RHI: Chosen D3D11 Adapter: 0
[2018.03.03-21.06.59:055][  0]LogD3D11RHI: Creating new Direct3DDevice
[2018.03.03-21.06.59:055][  0]LogD3D11RHI:     GPU DeviceId: 0x1c02 (for the marketing name, search the web for "GPU Device Id")
[2018.03.03-21.06.59:055][  0]LogWindows: EnumDisplayDevices:
[2018.03.03-21.06.59:055][  0]LogWindows:    0. 'NVIDIA GeForce GTX 1060 3GB' (P:1 D:1)
[2018.03.03-21.06.59:055][  0]LogWindows:    1. 'NVIDIA GeForce GTX 1060 3GB' (P:0 D:0)
[2018.03.03-21.06.59:055][  0]LogWindows:    2. 'NVIDIA GeForce GTX 1060 3GB' (P:0 D:0)
[2018.03.03-21.06.59:055][  0]LogWindows:    3. 'NVIDIA GeForce GTX 1060 3GB' (P:0 D:0)
[2018.03.03-21.06.59:055][  0]LogWindows: DebugString: GetVideoDriverDetailsInvalid PrimaryIsNotTheChoosenAdapter GetVideoDriverDetailsInvalid PrimaryIsNotTheChoosenAdapter GetVideoDriverDetailsInvalid PrimaryIsNotTheChoosenAdapter GetVideoDriverDetailsInvalid PrimaryIsNotTheChoosenAdapter FoundDriverCount:0 
[2018.03.03-21.06.59:055][  0]LogD3D11RHI:     Adapter Name: NVIDIA GeForce GTX 1060 3GB
[2018.03.03-21.06.59:055][  0]LogD3D11RHI:   Driver Version: Unknown (internal:Unknown, unified:Unknown)
[2018.03.03-21.06.59:055][  0]LogD3D11RHI:      Driver Date: Unknown
[2018.03.03-21.06.59:055][  0]LogRHI: Texture pool is 2091 MB (70% of 2988 MB)
[2018.03.03-21.06.59:075][  0]LogD3D11RHI: Async texture creation enabled
[2018.03.03-21.06.59:099][  0]LogD3D11RHI: GPU Timing Frequency: 1000.000000 (Debug: 2 2)
[2018.03.03-21.06.59:147][  0]LogShaderCompilers: Guid format shader working directory is -1 characters bigger than the processId version (C:/Users/jeff_/Documents/GitHub/QuickFixGarage/Intermediate/Shaders/WorkingDirectory/11064/).
[2018.03.03-21.06.59:147][  0]LogShaderCompilers: Cleaned the shader compiler working directory 'C:/Users/jeff_/AppData/Local/Temp/UnrealShaderWorkingDir/48F029464B66EDDD758511BC781DA4B5/'.
[2018.03.03-21.06.59:147][  0]LogShaderCompilers: Display: Using Local Shader Compiler.
[2018.03.03-21.06.59:937][  0]LogTemp: Display: Loaded TP AllDesktopTargetPlatform
[2018.03.03-21.06.59:973][  0]LogTemp: Display: Loaded TP MacClientTargetPlatform
[2018.03.03-21.07.00:006][  0]LogTemp: Display: Loaded TP MacNoEditorTargetPlatform
[2018.03.03-21.07.00:034][  0]LogTemp: Display: Loaded TP MacServerTargetPlatform
[2018.03.03-21.07.00:067][  0]LogTemp: Display: Loaded TP MacTargetPlatform
[2018.03.03-21.07.00:119][  0]LogTemp: Display: Loaded TP UWP32TargetPlatform
[2018.03.03-21.07.00:143][  0]LogTemp: Display: Loaded TP UWPTargetPlatform
[2018.03.03-21.07.00:171][  0]LogTemp: Display: Loaded TP WindowsClientTargetPlatform
[2018.03.03-21.07.00:198][  0]LogTemp: Display: Loaded TP WindowsNoEditorTargetPlatform
[2018.03.03-21.07.00:226][  0]LogTemp: Display: Loaded TP WindowsServerTargetPlatform
[2018.03.03-21.07.00:249][  0]LogTemp: Display: Loaded TP WindowsTargetPlatform
[2018.03.03-21.07.00:276][  0]LogTemp: Display: Loaded TP Android_ASTCTargetPlatform
[2018.03.03-21.07.00:303][  0]LogTemp: Display: Loaded TP Android_ATCTargetPlatform
[2018.03.03-21.07.00:329][  0]LogTemp: Display: Loaded TP Android_DXTTargetPlatform
[2018.03.03-21.07.00:357][  0]LogTemp: Display: Loaded TP Android_ETC1TargetPlatform
[2018.03.03-21.07.00:385][  0]LogTemp: Display: Loaded TP Android_ETC2TargetPlatform
[2018.03.03-21.07.00:441][  0]LogTemp: Display: Loaded TP Android_MultiTargetPlatform
[2018.03.03-21.07.00:441][  0]LogTemp: Display: Loaded TP Android_PVRTCTargetPlatform
[2018.03.03-21.07.00:469][  0]LogTemp: Display: Loaded TP AndroidTargetPlatform
[2018.03.03-21.07.00:490][  0]LogTemp: Display: Loaded TP HTML5TargetPlatform
[2018.03.03-21.07.00:549][  0]LogTemp: Display: Loaded TP IOSTargetPlatform
[2018.03.03-21.07.00:563][  0]LogTemp: Display: Loaded TP TVOSTargetPlatform
[2018.03.03-21.07.00:563][  0]LogTargetPlatformManager: Display: Building Assets For Windows
[2018.03.03-21.07.00:811][  0]LogDerivedDataCache: Display: Max Cache Size: 512 MB
[2018.03.03-21.07.00:897][  0]LogDerivedDataCache: Loaded boot cache 0.09s 78MB C:/Users/jeff_/Documents/GitHub/QuickFixGarage/DerivedDataCache/Boot.ddc.
[2018.03.03-21.07.00:897][  0]LogDerivedDataCache: Display: Loaded Boot cache: C:/Users/jeff_/Documents/GitHub/QuickFixGarage/DerivedDataCache/Boot.ddc
[2018.03.03-21.07.00:897][  0]LogDerivedDataCache: FDerivedDataBackendGraph:  Pak pak cache file C:/Users/jeff_/Documents/GitHub/QuickFixGarage/DerivedDataCache/DDC.ddp not found, will not use a pak cache.
[2018.03.03-21.07.00:897][  0]LogDerivedDataCache: Unable to find inner node Pak for hierarchical cache Hierarchy.
[2018.03.03-21.07.00:897][  0]LogDerivedDataCache: FDerivedDataBackendGraph:  EnginePak pak cache file ../../../Engine/DerivedDataCache/DDC.ddp not found, will not use a pak cache.
[2018.03.03-21.07.00:897][  0]LogDerivedDataCache: Unable to find inner node EnginePak for hierarchical cache Hierarchy.
[2018.03.03-21.07.00:909][  0]LogDerivedDataCache: Using Local data cache path ../../../Engine/DerivedDataCache: Writable
[2018.03.03-21.07.00:909][  0]LogDerivedDataCache: Shared data cache path not found in *engine.ini, will not use an Shared cache.
[2018.03.03-21.07.00:909][  0]LogDerivedDataCache: Unable to find inner node Shared for hierarchical cache Hierarchy.
[2018.03.03-21.07.00:918][  0]LogMaterial: Verifying Global Shaders for PCD3D_SM5
[2018.03.03-21.07.00:918][  0]LogSlate: Using Freetype 2.6.0
[2018.03.03-21.07.00:919][  0]LogSlate: SlateFontCache - WITH_FREETYPE: 1, WITH_HARFBUZZ: 1
[2018.03.03-21.07.00:919][  0]LogSlate: SlateFontCache - WITH_FREETYPE: 1, WITH_HARFBUZZ: 1
[2018.03.03-21.07.01:183][  0]LogInit: Selected Device Profile: [Windows]
[2018.03.03-21.07.01:327][  0]LogMeshReduction: Using QuadricMeshReduction for automatic static mesh reduction
[2018.03.03-21.07.01:327][  0]LogMeshReduction: No automatic skeletal mesh reduction module available
[2018.03.03-21.07.01:327][  0]LogMeshReduction: No automatic mesh merging module available
[2018.03.03-21.07.01:327][  0]LogMeshReduction: No distributed automatic mesh merging module available
[2018.03.03-21.07.01:327][  0]LogMeshMerging: No automatic mesh merging module available
[2018.03.03-21.07.01:327][  0]LogMeshMerging: No distributed automatic mesh merging module available
[2018.03.03-21.07.01:407][  0]LogNetVersion: QuickFixGarage , NetCL: 0, EngineNetVer: 2, GameNetVer: 0 (Checksum: 109594481)
[2018.03.03-21.07.01:534][  0]LogAssetRegistry: FAssetRegistry took 0.0241 seconds to start up
[2018.03.03-21.07.02:047][  0]LogPackageLocalizationCache: Processed 7 localized package path(s) for 2 prioritized culture(s) in 0.081194 seconds
[2018.03.03-21.07.02:053][  0]LogUObjectArray: 35857 objects as part of root set at end of initial load.
[2018.03.03-21.07.02:053][  0]LogUObjectAllocator: 7365032 out of 0 bytes used by permanent object pool.
[2018.03.03-21.07.02:053][  0]LogUObjectArray: CloseDisregardForGC: 0/0 objects in disregard for GC pool
[2018.03.03-21.07.02:083][  0]LogInit: WinSock: version 1.1 (2.2), MaxSocks=32767, MaxUdp=65467
[2018.03.03-21.07.02:522][  0]LogStreaming: Warning: Failed to read file '../../../Engine/Content/Editor/Slate/Launcher/Mac/Platform_Mac_24x.png' error.
[2018.03.03-21.07.02:522][  0]LogSlate: Could not find file for Slate resource: ../../../Engine/Content/Editor/Slate/Launcher/Mac/Platform_Mac_24x.png
[2018.03.03-21.07.02:522][  0]LogStreaming: Warning: Failed to read file '../../../Engine/Content/Editor/Slate/Launcher/Mac/Platform_Mac_128x.png' error.
[2018.03.03-21.07.02:522][  0]LogSlate: Could not find file for Slate resource: ../../../Engine/Content/Editor/Slate/Launcher/Mac/Platform_Mac_128x.png
[2018.03.03-21.07.02:522][  0]LogStreaming: Warning: Failed to read file '../../../Engine/Content/Editor/Slate/Launcher/Mac/Platform_Mac_128x.png' error.
[2018.03.03-21.07.02:522][  0]LogSlate: Could not find file for Slate resource: ../../../Engine/Content/Editor/Slate/Launcher/Mac/Platform_Mac_128x.png
[2018.03.03-21.07.02:522][  0]LogStreaming: Warning: Failed to read file '../../../Engine/Content/Editor/Slate/Launcher/Mac/Platform_Mac_24x.png' error.
[2018.03.03-21.07.02:522][  0]LogSlate: Could not find file for Slate resource: ../../../Engine/Content/Editor/Slate/Launcher/Mac/Platform_Mac_24x.png
[2018.03.03-21.07.02:522][  0]LogStreaming: Warning: Failed to read file '../../../Engine/Content/Editor/Slate/Launcher/Mac/Platform_Mac_128x.png' error.
[2018.03.03-21.07.02:522][  0]LogSlate: Could not find file for Slate resource: ../../../Engine/Content/Editor/Slate/Launcher/Mac/Platform_Mac_128x.png
[2018.03.03-21.07.02:522][  0]LogStreaming: Warning: Failed to read file '../../../Engine/Content/Editor/Slate/Launcher/Mac/Platform_Mac_128x.png' error.
[2018.03.03-21.07.02:522][  0]LogSlate: Could not find file for Slate resource: ../../../Engine/Content/Editor/Slate/Launcher/Mac/Platform_Mac_128x.png
[2018.03.03-21.07.02:522][  0]LogStreaming: Warning: Failed to read file '../../../Engine/Content/Editor/Slate/Launcher/Mac/Platform_Mac_24x.png' error.
[2018.03.03-21.07.02:522][  0]LogSlate: Could not find file for Slate resource: ../../../Engine/Content/Editor/Slate/Launcher/Mac/Platform_Mac_24x.png
[2018.03.03-21.07.02:522][  0]LogStreaming: Warning: Failed to read file '../../../Engine/Content/Editor/Slate/Launcher/Mac/Platform_Mac_128x.png' error.
[2018.03.03-21.07.02:522][  0]LogSlate: Could not find file for Slate resource: ../../../Engine/Content/Editor/Slate/Launcher/Mac/Platform_Mac_128x.png
[2018.03.03-21.07.02:522][  0]LogStreaming: Warning: Failed to read file '../../../Engine/Content/Editor/Slate/Launcher/Mac/Platform_Mac_128x.png' error.
[2018.03.03-21.07.02:522][  0]LogSlate: Could not find file for Slate resource: ../../../Engine/Content/Editor/Slate/Launcher/Mac/Platform_Mac_128x.png
[2018.03.03-21.07.02:522][  0]LogStreaming: Warning: Failed to read file '../../../Engine/Content/Editor/Slate/Launcher/Mac/Platform_Mac_24x.png' error.
[2018.03.03-21.07.02:522][  0]LogSlate: Could not find file for Slate resource: ../../../Engine/Content/Editor/Slate/Launcher/Mac/Platform_Mac_24x.png
[2018.03.03-21.07.02:522][  0]LogStreaming: Warning: Failed to read file '../../../Engine/Content/Editor/Slate/Launcher/Mac/Platform_Mac_128x.png' error.
[2018.03.03-21.07.02:522][  0]LogSlate: Could not find file for Slate resource: ../../../Engine/Content/Editor/Slate/Launcher/Mac/Platform_Mac_128x.png
[2018.03.03-21.07.02:522][  0]LogStreaming: Warning: Failed to read file '../../../Engine/Content/Editor/Slate/Launcher/Mac/Platform_Mac_128x.png' error.
[2018.03.03-21.07.02:522][  0]LogSlate: Could not find file for Slate resource: ../../../Engine/Content/Editor/Slate/Launcher/Mac/Platform_Mac_128x.png
[2018.03.03-21.07.02:522][  0]LogStreaming: Warning: Failed to read file '../../../Engine/Content/Editor/Slate/Launcher/Linux/Platform_Linux_24x.png' error.
[2018.03.03-21.07.02:522][  0]LogSlate: Could not find file for Slate resource: ../../../Engine/Content/Editor/Slate/Launcher/Linux/Platform_Linux_24x.png
[2018.03.03-21.07.02:522][  0]LogStreaming: Warning: Failed to read file '../../../Engine/Content/Editor/Slate/Launcher/Linux/Platform_Linux_128x.png' error.
[2018.03.03-21.07.02:522][  0]LogSlate: Could not find file for Slate resource: ../../../Engine/Content/Editor/Slate/Launcher/Linux/Platform_Linux_128x.png
[2018.03.03-21.07.02:522][  0]LogStreaming: Warning: Failed to read file '../../../Engine/Content/Editor/Slate/Launcher/Linux/Platform_Linux_128x.png' error.
[2018.03.03-21.07.02:522][  0]LogSlate: Could not find file for Slate resource: ../../../Engine/Content/Editor/Slate/Launcher/Linux/Platform_Linux_128x.png
[2018.03.03-21.07.02:523][  0]LogStreaming: Warning: Failed to read file '../../../Engine/Content/Editor/Slate/Launcher/Linux/Platform_Linux_24x.png' error.
[2018.03.03-21.07.02:523][  0]LogSlate: Could not find file for Slate resource: ../../../Engine/Content/Editor/Slate/Launcher/Linux/Platform_Linux_24x.png
[2018.03.03-21.07.02:523][  0]LogStreaming: Warning: Failed to read file '../../../Engine/Content/Editor/Slate/Launcher/Linux/Platform_Linux_128x.png' error.
[2018.03.03-21.07.02:523][  0]LogSlate: Could not find file for Slate resource: ../../../Engine/Content/Editor/Slate/Launcher/Linux/Platform_Linux_128x.png
[2018.03.03-21.07.02:523][  0]LogStreaming: Warning: Failed to read file '../../../Engine/Content/Editor/Slate/Launcher/Linux/Platform_Linux_128x.png' error.
[2018.03.03-21.07.02:523][  0]LogSlate: Could not find file for Slate resource: ../../../Engine/Content/Editor/Slate/Launcher/Linux/Platform_Linux_128x.png
[2018.03.03-21.07.02:523][  0]LogStreaming: Warning: Failed to read file '../../../Engine/Content/Editor/Slate/Launcher/Linux/Platform_Linux_24x.png' error.
[2018.03.03-21.07.02:523][  0]LogSlate: Could not find file for Slate resource: ../../../Engine/Content/Editor/Slate/Launcher/Linux/Platform_Linux_24x.png
[2018.03.03-21.07.02:523][  0]LogStreaming: Warning: Failed to read file '../../../Engine/Content/Editor/Slate/Launcher/Linux/Platform_Linux_128x.png' error.
[2018.03.03-21.07.02:523][  0]LogSlate: Could not find file for Slate resource: ../../../Engine/Content/Editor/Slate/Launcher/Linux/Platform_Linux_128x.png
[2018.03.03-21.07.02:523][  0]LogStreaming: Warning: Failed to read file '../../../Engine/Content/Editor/Slate/Launcher/Linux/Platform_Linux_128x.png' error.
[2018.03.03-21.07.02:523][  0]LogSlate: Could not find file for Slate resource: ../../../Engine/Content/Editor/Slate/Launcher/Linux/Platform_Linux_128x.png
[2018.03.03-21.07.02:523][  0]LogStreaming: Warning: Failed to read file '../../../Engine/Content/Editor/Slate/Launcher/Linux/Platform_Linux_24x.png' error.
[2018.03.03-21.07.02:523][  0]LogSlate: Could not find file for Slate resource: ../../../Engine/Content/Editor/Slate/Launcher/Linux/Platform_Linux_24x.png
[2018.03.03-21.07.02:523][  0]LogStreaming: Warning: Failed to read file '../../../Engine/Content/Editor/Slate/Launcher/Linux/Platform_Linux_128x.png' error.
[2018.03.03-21.07.02:523][  0]LogSlate: Could not find file for Slate resource: ../../../Engine/Content/Editor/Slate/Launcher/Linux/Platform_Linux_128x.png
[2018.03.03-21.07.02:523][  0]LogStreaming: Warning: Failed to read file '../../../Engine/Content/Editor/Slate/Launcher/Linux/Platform_Linux_128x.png' error.
[2018.03.03-21.07.02:523][  0]LogSlate: Could not find file for Slate resource: ../../../Engine/Content/Editor/Slate/Launcher/Linux/Platform_Linux_128x.png
[2018.03.03-21.07.02:523][  0]LogStreaming: Warning: Failed to read file '../../../Engine/Content/Editor/Slate/Launcher/Android/Platform_Android_24x.png' error.
[2018.03.03-21.07.02:523][  0]LogSlate: Could not find file for Slate resource: ../../../Engine/Content/Editor/Slate/Launcher/Android/Platform_Android_24x.png
[2018.03.03-21.07.02:523][  0]LogStreaming: Warning: Failed to read file '../../../Engine/Content/Editor/Slate/Launcher/Android/Platform_Android_128x.png' error.
[2018.03.03-21.07.02:523][  0]LogSlate: Could not find file for Slate resource: ../../../Engine/Content/Editor/Slate/Launcher/Android/Platform_Android_128x.png
[2018.03.03-21.07.02:523][  0]LogStreaming: Warning: Failed to read file '../../../Engine/Content/Editor/Slate/Launcher/Android/Platform_Android_128x.png' error.
[2018.03.03-21.07.02:523][  0]LogSlate: Could not find file for Slate resource: ../../../Engine/Content/Editor/Slate/Launcher/Android/Platform_Android_128x.png
[2018.03.03-21.07.02:523][  0]LogStreaming: Warning: Failed to read file '../../../Engine/Content/Editor/Slate/Launcher/Android/Platform_Android_24x.png' error.
[2018.03.03-21.07.02:523][  0]LogSlate: Could not find file for Slate resource: ../../../Engine/Content/Editor/Slate/Launcher/Android/Platform_Android_24x.png
[2018.03.03-21.07.02:523][  0]LogStreaming: Warning: Failed to read file '../../../Engine/Content/Editor/Slate/Launcher/Android/Platform_Android_128x.png' error.
[2018.03.03-21.07.02:523][  0]LogSlate: Could not find file for Slate resource: ../../../Engine/Content/Editor/Slate/Launcher/Android/Platform_Android_128x.png
[2018.03.03-21.07.02:523][  0]LogStreaming: Warning: Failed to read file '../../../Engine/Content/Editor/Slate/Launcher/Android/Platform_Android_128x.png' error.
[2018.03.03-21.07.02:523][  0]LogSlate: Could not find file for Slate resource: ../../../Engine/Content/Editor/Slate/Launcher/Android/Platform_Android_128x.png
[2018.03.03-21.07.02:523][  0]LogStreaming: Warning: Failed to read file '../../../Engine/Content/Editor/Slate/Launcher/Android/Platform_Android_ATC_24x.png' error.
[2018.03.03-21.07.02:523][  0]LogSlate: Could not find file for Slate resource: ../../../Engine/Content/Editor/Slate/Launcher/Android/Platform_Android_ATC_24x.png
[2018.03.03-21.07.02:523][  0]LogStreaming: Warning: Failed to read file '../../../Engine/Content/Editor/Slate/Launcher/Android/Platform_Android_128x.png' error.
[2018.03.03-21.07.02:523][  0]LogSlate: Could not find file for Slate resource: ../../../Engine/Content/Editor/Slate/Launcher/Android/Platform_Android_128x.png
[2018.03.03-21.07.02:524][  0]LogStreaming: Warning: Failed to read file '../../../Engine/Content/Editor/Slate/Launcher/Android/Platform_Android_128x.png' error.
[2018.03.03-21.07.02:524][  0]LogSlate: Could not find file for Slate resource: ../../../Engine/Content/Editor/Slate/Launcher/Android/Platform_Android_128x.png
[2018.03.03-21.07.02:524][  0]LogStreaming: Warning: Failed to read file '../../../Engine/Content/Editor/Slate/Launcher/Android/Platform_Android_DXT_24x.png' error.
[2018.03.03-21.07.02:524][  0]LogSlate: Could not find file for Slate resource: ../../../Engine/Content/Editor/Slate/Launcher/Android/Platform_Android_DXT_24x.png
[2018.03.03-21.07.02:524][  0]LogStreaming: Warning: Failed to read file '../../../Engine/Content/Editor/Slate/Launcher/Android/Platform_Android_128x.png' error.
[2018.03.03-21.07.02:524][  0]LogSlate: Could not find file for Slate resource: ../../../Engine/Content/Editor/Slate/Launcher/Android/Platform_Android_128x.png
[2018.03.03-21.07.02:524][  0]LogStreaming: Warning: Failed to read file '../../../Engine/Content/Editor/Slate/Launcher/Android/Platform_Android_128x.png' error.
[2018.03.03-21.07.02:524][  0]LogSlate: Could not find file for Slate resource: ../../../Engine/Content/Editor/Slate/Launcher/Android/Platform_Android_128x.png
[2018.03.03-21.07.02:524][  0]LogStreaming: Warning: Failed to read file '../../../Engine/Content/Editor/Slate/Launcher/Android/Platform_Android_ETC1_24x.png' error.
[2018.03.03-21.07.02:524][  0]LogSlate: Could not find file for Slate resource: ../../../Engine/Content/Editor/Slate/Launcher/Android/Platform_Android_ETC1_24x.png
[2018.03.03-21.07.02:524][  0]LogStreaming: Warning: Failed to read file '../../../Engine/Content/Editor/Slate/Launcher/Android/Platform_Android_128x.png' error.
[2018.03.03-21.07.02:524][  0]LogSlate: Could not find file for Slate resource: ../../../Engine/Content/Editor/Slate/Launcher/Android/Platform_Android_128x.png
[2018.03.03-21.07.02:524][  0]LogStreaming: Warning: Failed to read file '../../../Engine/Content/Editor/Slate/Launcher/Android/Platform_Android_128x.png' error.
[2018.03.03-21.07.02:524][  0]LogSlate: Could not find file for Slate resource: ../../../Engine/Content/Editor/Slate/Launcher/Android/Platform_Android_128x.png
[2018.03.03-21.07.02:524][  0]LogStreaming: Warning: Failed to read file '../../../Engine/Content/Editor/Slate/Launcher/Android/Platform_Android_ETC2_24x.png' error.
[2018.03.03-21.07.02:524][  0]LogSlate: Could not find file for Slate resource: ../../../Engine/Content/Editor/Slate/Launcher/Android/Platform_Android_ETC2_24x.png
[2018.03.03-21.07.02:524][  0]LogStreaming: Warning: Failed to read file '../../../Engine/Content/Editor/Slate/Launcher/Android/Platform_Android_128x.png' error.
[2018.03.03-21.07.02:524][  0]LogSlate: Could not find file for Slate resource: ../../../Engine/Content/Editor/Slate/Launcher/Android/Platform_Android_128x.png
[2018.03.03-21.07.02:524][  0]LogStreaming: Warning: Failed to read file '../../../Engine/Content/Editor/Slate/Launcher/Android/Platform_Android_128x.png' error.
[2018.03.03-21.07.02:524][  0]LogSlate: Could not find file for Slate resource: ../../../Engine/Content/Editor/Slate/Launcher/Android/Platform_Android_128x.png
[2018.03.03-21.07.02:524][  0]LogStreaming: Warning: Failed to read file '../../../Engine/Content/Editor/Slate/Launcher/Android/Platform_Android_PVRTC_24x.png' error.
[2018.03.03-21.07.02:524][  0]LogSlate: Could not find file for Slate resource: ../../../Engine/Content/Editor/Slate/Launcher/Android/Platform_Android_PVRTC_24x.png
[2018.03.03-21.07.02:524][  0]LogStreaming: Warning: Failed to read file '../../../Engine/Content/Editor/Slate/Launcher/Android/Platform_Android_128x.png' error.
[2018.03.03-21.07.02:524][  0]LogSlate: Could not find file for Slate resource: ../../../Engine/Content/Editor/Slate/Launcher/Android/Platform_Android_128x.png
[2018.03.03-21.07.02:524][  0]LogStreaming: Warning: Failed to read file '../../../Engine/Content/Editor/Slate/Launcher/Android/Platform_Android_128x.png' error.
[2018.03.03-21.07.02:524][  0]LogSlate: Could not find file for Slate resource: ../../../Engine/Content/Editor/Slate/Launcher/Android/Platform_Android_128x.png
[2018.03.03-21.07.02:524][  0]LogStreaming: Warning: Failed to read file '../../../Engine/Content/Editor/Slate/Launcher/Android/Platform_Android_ASTC_24x.png' error.
[2018.03.03-21.07.02:524][  0]LogSlate: Could not find file for Slate resource: ../../../Engine/Content/Editor/Slate/Launcher/Android/Platform_Android_ASTC_24x.png
[2018.03.03-21.07.02:524][  0]LogStreaming: Warning: Failed to read file '../../../Engine/Content/Editor/Slate/Launcher/Android/Platform_Android_128x.png' error.
[2018.03.03-21.07.02:524][  0]LogSlate: Could not find file for Slate resource: ../../../Engine/Content/Editor/Slate/Launcher/Android/Platform_Android_128x.png
[2018.03.03-21.07.02:524][  0]LogStreaming: Warning: Failed to read file '../../../Engine/Content/Editor/Slate/Launcher/Android/Platform_Android_128x.png' error.
[2018.03.03-21.07.02:524][  0]LogSlate: Could not find file for Slate resource: ../../../Engine/Content/Editor/Slate/Launcher/Android/Platform_Android_128x.png
[2018.03.03-21.07.03:969][  0]LogTcpMessaging: Initializing TcpMessaging bridge
[2018.03.03-21.07.03:998][  0]LogUdpMessaging: Initializing bridge on interface 0.0.0.0:0 to multicast group 230.0.0.1:6666.
[2018.03.03-21.07.04:412][  0]LogMaterial: Uniform references updated for custom material expression Custom.
[2018.03.03-21.07.04:658][  0]SourceControl: Source control is disabled
[2018.03.03-21.07.04:659][  0]SourceControl: Source control is disabled
[2018.03.03-21.07.04:689][  0]SourceControl: Source control is disabled
[2018.03.03-21.07.04:717][  0]SourceControl: Source control is disabled
[2018.03.03-21.07.05:650][  0]LogAndroidPermission: UAndroidPermissionCallbackProxy::GetInstance
[2018.03.03-21.07.05:866][  0]LogOcInput: OculusInput pre-init called
[2018.03.03-21.07.06:096][  0]LogEngine: Initializing Engine...
[2018.03.03-21.07.06:098][  0]LogHMD: Failed to initialize OpenVR with code 110
[2018.03.03-21.07.06:352][  0]LogStats: UGameplayTagsManager::ConstructGameplayTagTree: Construct from data asset -  0.000 s
[2018.03.03-21.07.06:353][  0]LogStats: UGameplayTagsManager::ConstructGameplayTagTree: GameplayTagTreeChangedEvent.Broadcast -  0.000 s
[2018.03.03-21.07.06:442][  0]LogAIModule: Creating AISystem for world Untitled
[2018.03.03-21.07.06:459][  0]LogInit: FAudioDevice initialized.
[2018.03.03-21.07.06:651][  0]LogDerivedDataCache: Saved boot cache 0.19s 78MB C:/Users/jeff_/Documents/GitHub/QuickFixGarage/DerivedDataCache/Boot.ddc.
[2018.03.03-21.07.06:672][  0]LogInit: Texture streaming: Enabled
[2018.03.03-21.07.06:731][  0]LogEngineSessionManager: EngineSessionManager initialized
[2018.03.03-21.07.06:820][  0]LogInit: Transaction tracking system initialized
[2018.03.03-21.07.06:993][  0]BlueprintLog: New page: Editor Load
[2018.03.03-21.07.07:515][  0]LocalizationService: Localization service is disabled
[2018.03.03-21.07.07:978][  0]LogConsoleResponse: Display: 
[2018.03.03-21.07.08:151][  0]LogFileCache: Scanning file cache for directory 'C:/Users/jeff_/Documents/GitHub/QuickFixGarage/Content/' took 0.01s
[2018.03.03-21.07.08:151][  0]LogCook: Display: Max memory allowance for cook 16384mb min free memory 0mb
[2018.03.03-21.07.08:151][  0]LogCook: Display: Mobile HDR setting 1
[2018.03.03-21.07.08:153][  0]LogGameplayTags: Display: UGameplayTagsManager::DoneAddingNativeTags. DelegateIsBound: 0
[2018.03.03-21.07.08:846][  0]SourceControl: Source control is disabled
[2018.03.03-21.07.08:935][  0]LogWindowsTextInputMethodSystem: Display: IME system now deactivated.
[2018.03.03-21.07.08:959][  0]LogSlate: Took 0.000186 seconds to synchronously load lazily loaded font '../../../Engine/Content/Slate/Fonts/Roboto-Regular.ttf' (155K)
[2018.03.03-21.07.51:419][  0]LogWindowsTextInputMethodSystem: Display: IME system now deactivated.
[2018.03.03-21.07.51:468][  0]LogWindowsTextInputMethodSystem: Display: IME system now deactivated.
[2018.03.03-21.07.52:767][  0]LogWindowsTextInputMethodSystem: Display: IME system now deactivated.
[2018.03.03-21.07.52:801][  0]LogWindowsTextInputMethodSystem: Display: IME system now deactivated.
[2018.03.03-21.07.52:801][  0]Cmd: MAP LOAD FILE="C:/Users/jeff_/Documents/GitHub/QuickFixGarage/Content/Blueprints/Maps/Level_1.umap" TEMPLATE=0 SHOWPROGRESS=1 FEATURELEVEL=3
[2018.03.03-21.07.52:802][  0]LightingResults: New page: Lighting Build
[2018.03.03-21.07.52:826][  0]MapCheck: New page: Map Check
[2018.03.03-21.07.52:826][  0]LightingResults: New page: Lighting Build
[2018.03.03-21.07.53:674][  0]LogTexture: Display: Building textures: HQ_Lightmap1_2 (AutoDXT, 64X64)
[2018.03.03-21.07.53:674][  0]LogTexture: Display: Building textures: LQ_Lightmap_1_1 (DXT1, 128X128)
[2018.03.03-21.07.53:674][  0]LogTexture: Display: Building textures: LQ_Lightmap_1_2 (DXT1, 64X64)
[2018.03.03-21.07.53:674][  0]LogTexture: Display: Building textures: HQ_Lightmap1_1 (AutoDXT, 128X128)
[2018.03.03-21.07.53:674][  0]LogTexture: Display: Building textures: ShadowMapTexture2D_11 (G8, 32X32)
[2018.03.03-21.07.53:674][  0]LogTexture: Display: Building textures: ShadowMapTexture2D_10 (G8, 128X64)
[2018.03.03-21.07.53:674][  0]LogTexture: Display: Building textures: T_Concrete_Tiles_Variation_M (AutoDXT, 512X512)
[2018.03.03-21.07.53:674][  0]LogTexture: Display: Building textures: T_Concrete_Tiles_M (AutoDXT, 2048X2048)
[2018.03.03-21.07.53:674][  0]LogTexture: Display: Building textures: T_Concrete_Tiles_N (BC5, 2048X2048)
[2018.03.03-21.07.53:674][  0]LogMaterial: Missing cached shader map for material M_Basic_Wall, compiling. 
[2018.03.03-21.07.53:813][  0]LogTexture: Display: Building textures: T_Concrete_Tiles_D (AutoDXT, 2048X2048)
[2018.03.03-21.07.53:813][  0]LogStaticMesh: Building static mesh Shape_Cube...
[2018.03.03-21.07.53:834][  0]LogStaticMesh: Built static mesh [0.02s] /Game/StarterContent/Shapes/Shape_Cube.Shape_Cube
[2018.03.03-21.07.53:934][  0]LogTexture: Display: Building textures: T_MacroVariation (AutoDXT, 2048X2048)
[2018.03.03-21.07.58:548][  0]LogMaterial: Missing cached shader map for material M_Concrete_Tiles, compiling. 
[2018.03.03-21.07.58:845][  0]LogAIModule: Creating AISystem for world Level_1
[2018.03.03-21.07.58:940][  0]LogEditorServer: Finished looking for orphan Actors (0.000 secs)
[2018.03.03-21.07.58:988][  0]Cmd: MAP CHECKDEP NOCLEARLOG
[2018.03.03-21.07.59:032][  0]MapCheck: Map check complete: 0 Error(s), 0 Warning(s), took 44.089ms to complete.
[2018.03.03-21.07.59:032][  0]LogFileHelpers: Loading map 'Level_1' took 6.231
[2018.03.03-21.07.59:665][  0]LogStats: Warning: MetaData mismatch. Did you assign a stat to two groups? New //STATGROUP_Threads//SplashScreenThread///Thread_1324_0///####STATCAT_Advanced#### old //STATGROUP_Threads//SplashScreenThread///Thread_23cc_0///####STATCAT_Advanced####
[2018.03.03-21.07.59:665][  0]LogCollectionManager: Loaded 0 collections in 0.000589 seconds
[2018.03.03-21.07.59:814][  0]LogFileCache: Scanning file cache for directory 'C:/Users/jeff_/Documents/GitHub/QuickFixGarage/Saved/Collections/' took 0.01s
[2018.03.03-21.07.59:814][  0]LogFileCache: Scanning file cache for directory 'C:/Users/jeff_/Documents/GitHub/QuickFixGarage/Content/Developers/jeff/Collections/' took 0.01s
[2018.03.03-21.07.59:814][  0]LogFileCache: Scanning file cache for directory 'C:/Users/jeff_/Documents/GitHub/QuickFixGarage/Content/Collections/' took 0.01s
[2018.03.03-21.07.59:814][  0]LogCollectionManager: Rebuilt the GUID cache for 0 collections in 0.000001 seconds
[2018.03.03-21.07.59:825][  0]LogContentBrowser: Native class hierarchy populated in 0.0099 seconds. Added 2363 classes and 519 folders.
[2018.03.03-21.07.59:969][  0]LogContentBrowser: Native class hierarchy updated for 'WidgetCarousel' in 0.0003 seconds. Added 0 classes and 0 folders.
[2018.03.03-21.08.00:667][  0]LogContentBrowser: Native class hierarchy updated for 'AddContentDialog' in 0.0002 seconds. Added 0 classes and 0 folders.
[2018.03.03-21.08.00:744][  0]LogContentBrowser: Native class hierarchy updated for 'SceneOutliner' in 0.0002 seconds. Added 1 classes and 2 folders.
[2018.03.03-21.08.01:207][  0]LogSlate: Took 0.000246 seconds to synchronously load lazily loaded font '../../../Engine/Content/Slate/Fonts/Roboto-Bold.ttf' (160K)
[2018.03.03-21.08.01:268][  0]LogSlate: Took 0.016911 seconds to synchronously load lazily loaded font '../../../Engine/Content/Editor/Slate/Fonts/FontAwesome.ttf' (139K)
[2018.03.03-21.08.01:786][  0]LogRenderer: Reallocating scene render targets to support 1208x576 Format 10 NumSamples 1 (Frame:1).
[2018.03.03-21.08.02:272][  0]LogContentBrowser: Native class hierarchy updated for 'HierarchicalLODOutliner' in 0.0002 seconds. Added 1 classes and 2 folders.
[2018.03.03-21.08.02:272][  0]LogLoad: (Engine Initialization) Total time: 65.34 seconds
[2018.03.03-21.08.02:272][  0]LogLoad: (Engine Initialization) Total Blueprint compile time: 0.00 seconds
[2018.03.03-21.08.02:272][  0]LogExternalProfiler: No external profilers were discovered.  External profiling features will not be available.
[2018.03.03-21.08.02:368][  0]LogContentStreaming: Texture pool size now 1000 MB
[2018.03.03-21.08.02:434][  0]LogSlate: Took 0.000132 seconds to synchronously load lazily loaded font '../../../Engine/Content/Slate/Fonts/Roboto-Light.ttf' (159K)
[2018.03.03-21.08.02:460][  1]LogAssetRegistry: Asset discovery search completed in 60.9477 seconds
[2018.03.03-21.08.02:461][  1]LogCollectionManager: Rebuilt the object cache for 0 collections in 0.000000 seconds (found 0 objects)
[2018.03.03-21.08.02:461][  1]LogCollectionManager: Fixed up redirectors for 0 collections in 0.000033 seconds (updated 0 objects)
[2018.03.03-21.08.16:920][680]LogActorFactory: Actor Factory created Shape_Cube
[2018.03.03-21.08.17:739][773]LogActorFactory: Actor Factory created Shape_Cube
[2018.03.03-21.08.32:156][387]LogEditorViewport: Clicking on Actor (LMB): BP_Sky_Sphere_C (BP_Sky_Sphere)
[2018.03.03-21.08.36:151][856]LogEditorViewport: Clicking on Actor (LMB): StaticMeshActor (Shape_Cube5)
[2018.03.03-21.08.41:698][511]MapCheck: New page: Map Check
[2018.03.03-21.08.41:788][511]LightingResults: New page: Lighting Build - Mar 3, 2018, 11:08:41 AM
[2018.03.03-21.08.41:935][511]LogSwarmInterface: [OpenConnection] Registering TCP channel ...
[2018.03.03-21.08.42:046][511]LogSwarmInterface: [OpenConnection] Connecting to agent ...
[2018.03.03-21.08.42:070][511]LogSwarmInterface: [TryOpenConnection] Testing the Agent
[2018.03.03-21.08.42:615][511]LogSwarmInterface: [TryOpenConnection] Opening Connection to Agent
[2018.03.03-21.08.42:615][511]LogSwarmInterface: [TryOpenConnection] Local Process ID is 11064
[2018.03.03-21.08.45:228][511]LogStaticLightingSystem: Warning: No importance volume found, so the scene bounding box was used.  You can optimize your scene's quality and lighting build times by adding importance volumes.
[2018.03.03-21.08.45:228][511]LogStaticLightingSystem: Running Lightmass w/ ImmediateImport mode ENABLED
[2018.03.03-21.08.45:228][511]LogStaticLightingSystem: Running Lightmass w/ ImmediateProcess mode ENABLED
[2018.03.03-21.08.45:228][511]LogStaticLightingSystem: Running Lightmass w/ Sorting mode ENABLED
[2018.03.03-21.08.45:228][511]LogStaticLightingSystem: Running Lightmass w/ Mapping paddings ENABLED
[2018.03.03-21.08.45:228][511]LogStaticLightingSystem: Running Lightmass w/ Mapping debug paddings DISABLED
[2018.03.03-21.08.45:424][511]LogEditorBuildUtils: Build time 0:03
[2018.03.03-21.08.45:430][511]LogMaterial: Missing cached shader map for material FLightmassMaterialRenderer MaterialInstanceDynamic_0, compiling. 
[2018.03.03-21.08.45:435][511]LogMaterial: Missing cached shader map for material FLightmassMaterialRenderer MaterialInstanceDynamic_0, compiling. 
[2018.03.03-21.08.45:468][512]LogMaterial: Missing cached shader map for material FLightmassMaterialRenderer M_Concrete_Tiles, compiling. 
[2018.03.03-21.08.45:476][512]LogMaterial: Missing cached shader map for material FLightmassMaterialRenderer M_Concrete_Tiles, compiling. 
[2018.03.03-21.08.45:501][513]LogMaterial: Missing cached shader map for material FLightmassMaterialRenderer M_Basic_Wall, compiling. 
[2018.03.03-21.08.45:506][513]LogMaterial: Missing cached shader map for material FLightmassMaterialRenderer M_Basic_Wall, compiling. 
[2018.03.03-21.08.45:529][514]LogMaterial: Missing cached shader map for material FLightmassMaterialRenderer WorldGridMaterial, compiling. Is special engine material.
[2018.03.03-21.08.45:535][514]LogMaterial: Missing cached shader map for material FLightmassMaterialRenderer WorldGridMaterial, compiling. Is special engine material.
[2018.03.03-21.08.47:316][523]Error, fatal in BeginJobSpecification
[2018.03.03-21.08.47:317][523]Error, fatal in EndJobSpecification
[2018.03.03-21.08.47:317][523]LogStaticLightingSystem: Warning: Failed to build lighting!!! Lighting build failed. Swarm failed to kick off.  Compile Unreal Lightmass.
[2018.03.03-21.08.48:232][523]DumpUnbuiltLightIteractions
[2018.03.03-21.08.48:232][523]Lights with unbuilt interactions: 1
[2018.03.03-21.08.48:232][523]    Light DirectionalLight_1
[2018.03.03-21.08.48:232][523]
[2018.03.03-21.08.48:232][523]Primitives with unbuilt interactions: 1
[2018.03.03-21.08.48:233][523]    Primitive StaticMeshComponent /Game/Blueprints/Maps/Level_1.Level_1:PersistentLevel.Shape_Cube5_2.StaticMeshComponent0
[2018.03.03-21.08.48:253][524]Cmd: MAP CHECK NOTIFYRESULTS
[2018.03.03-21.08.48:253][524]MapCheck: New page: Level_1 - Mar 3, 2018, 11:08:48 AM
[2018.03.03-21.08.48:304][524]MapCheck: Error: WorldSettings Maps need lighting rebuilt 
[2018.03.03-21.08.48:357][524]MapCheck: Map check complete: 1 Error(s), 0 Warning(s), took 103.761ms to complete.
[2018.03.03-21.09.07:726][826]MapCheck: New page: Map Check
[2018.03.03-21.09.07:734][826]LightingResults: New page: Lighting Build - Mar 3, 2018, 11:09:07 AM
[2018.03.03-21.09.07:740][826]LogSwarmInterface: [OpenConnection] Registering TCP channel ...
[2018.03.03-21.09.07:742][826]LogSwarmInterface: [OpenConnection] Connecting to agent ...
[2018.03.03-21.09.07:742][826]LogSwarmInterface: [TryOpenConnection] Testing the Agent
[2018.03.03-21.09.07:743][826]LogSwarmInterface: [TryOpenConnection] Opening Connection to Agent
[2018.03.03-21.09.07:743][826]LogSwarmInterface: [TryOpenConnection] Local Process ID is 11064
[2018.03.03-21.09.12:281][826]LogStaticLightingSystem: Warning: No importance volume found, so the scene bounding box was used.  You can optimize your scene's quality and lighting build times by adding importance volumes.
[2018.03.03-21.09.12:281][826]LogStaticLightingSystem: Running Lightmass w/ ImmediateImport mode ENABLED
[2018.03.03-21.09.12:281][826]LogStaticLightingSystem: Running Lightmass w/ ImmediateProcess mode ENABLED
[2018.03.03-21.09.12:281][826]LogStaticLightingSystem: Running Lightmass w/ Sorting mode ENABLED
[2018.03.03-21.09.12:281][826]LogStaticLightingSystem: Running Lightmass w/ Mapping paddings ENABLED
[2018.03.03-21.09.12:281][826]LogStaticLightingSystem: Running Lightmass w/ Mapping debug paddings DISABLED
[2018.03.03-21.09.12:322][826]LogEditorBuildUtils: Build time 0:04
[2018.03.03-21.09.12:346][827]Error, fatal in BeginJobSpecification
[2018.03.03-21.09.12:347][827]Error, fatal in EndJobSpecification
[2018.03.03-21.09.12:347][827]LogStaticLightingSystem: Warning: Failed to build lighting!!! Lighting build failed. Swarm failed to kick off.  Compile Unreal Lightmass.
[2018.03.03-21.09.13:284][827]DumpUnbuiltLightIteractions
[2018.03.03-21.09.13:284][827]Lights with unbuilt interactions: 1
[2018.03.03-21.09.13:284][827]    Light DirectionalLight_1
[2018.03.03-21.09.13:284][827]
[2018.03.03-21.09.13:284][827]Primitives with unbuilt interactions: 1
[2018.03.03-21.09.13:284][827]    Primitive StaticMeshComponent /Game/Blueprints/Maps/Level_1.Level_1:PersistentLevel.Shape_Cube5_2.StaticMeshComponent0
[2018.03.03-21.09.13:297][828]Cmd: MAP CHECK NOTIFYRESULTS
[2018.03.03-21.09.13:297][828]MapCheck: New page: Level_1 - Mar 3, 2018, 11:09:13 AM
[2018.03.03-21.09.13:298][828]MapCheck: Error: WorldSettings Maps need lighting rebuilt 
[2018.03.03-21.09.13:328][828]MapCheck: Map check complete: 1 Error(s), 0 Warning(s), took 31.497ms to complete.
[2018.03.03-21.09.21:975][862]LogEditorViewport: Clicking on Actor (LMB): StaticMeshActor (Plane)
[2018.03.03-21.09.23:009][982]LogEditorViewport: Clicking on Actor (LMB): BP_Sky_Sphere_C (BP_Sky_Sphere)
[2018.03.03-21.09.35:494][459]LogTemp: Repeating last play command: Selected Viewport
[2018.03.03-21.09.35:563][459]LogBlueprintUserMessages: Early PlayInEditor Detection: Level '/Game/Blueprints/Maps/Level_1.Level_1:PersistentLevel' has LevelScriptBlueprint '/Game/Blueprints/Maps/Level_1.Level_1:PersistentLevel.Level_1' with GeneratedClass '/Game/Blueprints/Maps/Level_1.Level_C' with ClassGeneratedBy '/Game/Blueprints/Maps/Level_1.Level_1:PersistentLevel.Level_1'
[2018.03.03-21.09.35:592][459]LogPlayLevel: PlayLevel: No blueprints needed recompiling
[2018.03.03-21.09.35:616][459]PIE: New page: PIE session: Level_1 (Mar 3, 2018, 11:09:35 AM)
[2018.03.03-21.09.35:632][459]LogPlayLevel: Creating play world package: /Game/Blueprints/Maps/UEDPIE_0_Level_1
[2018.03.03-21.09.35:670][459]LogPlayLevel: PIE: StaticDuplicateObject took: (0.037533s)
[2018.03.03-21.09.35:670][459]LogAIModule: Creating AISystem for world Level_1
[2018.03.03-21.09.35:671][459]LogPlayLevel: PIE: World Init took: (0.000526s)
[2018.03.03-21.09.35:671][459]LogPlayLevel: PIE: Created PIE world by copying editor world from /Game/Blueprints/Maps/Level_1.Level_1 to /Game/Blueprints/Maps/UEDPIE_0_Level_1.Level_1 (0.041366s)
[2018.03.03-21.09.35:709][459]LogInit: FAudioDevice initialized.
[2018.03.03-21.09.35:765][459]LogLoad: Game class is 'ThirdPersonGameMode_C'
[2018.03.03-21.09.35:863][459]LogWorld: Bringing World /Game/Blueprints/Maps/UEDPIE_0_Level_1.Level_1 up for play (max tick rate 0) at 2018.03.03-16.09.35
[2018.03.03-21.09.35:875][459]LogWorld: Bringing up level for play took: 0.013882
[2018.03.03-21.09.36:054][459]LogContentBrowser: Native class hierarchy updated for 'MovieSceneCapture' in 0.0003 seconds. Added 11 classes and 0 folders.
[2018.03.03-21.09.36:129][459]PIE: Play in editor start time for /Game/Blueprints/Maps/UEDPIE_0_Level_1 -0.295
[2018.03.03-21.09.36:129][459]LogBlueprintUserMessages: Late PlayInEditor Detection: Level '/Game/Blueprints/Maps/Level_1.Level_1:PersistentLevel' has LevelScriptBlueprint '/Game/Blueprints/Maps/Level_1.Level_1:PersistentLevel.Level_1' with GeneratedClass '/Game/Blueprints/Maps/Level_1.Level_C' with ClassGeneratedBy '/Game/Blueprints/Maps/Level_1.Level_1:PersistentLevel.Level_1'
[2018.03.03-21.09.41:955][133]LogBlueprintUserMessages: Early EndPlayMap Detection: Level '/Game/Blueprints/Maps/Level_1.Level_1:PersistentLevel' has LevelScriptBlueprint '/Game/Blueprints/Maps/Level_1.Level_1:PersistentLevel.Level_1' with GeneratedClass '/Game/Blueprints/Maps/Level_1.Level_C' with ClassGeneratedBy '/Game/Blueprints/Maps/Level_1.Level_1:PersistentLevel.Level_1'
[2018.03.03-21.09.42:026][133]LogBlueprintUserMessages: Late EndPlayMap Detection: Level '/Game/Blueprints/Maps/Level_1.Level_1:PersistentLevel' has LevelScriptBlueprint '/Game/Blueprints/Maps/Level_1.Level_1:PersistentLevel.Level_1' with GeneratedClass '/Game/Blueprints/Maps/Level_1.Level_C' with ClassGeneratedBy '/Game/Blueprints/Maps/Level_1.Level_1:PersistentLevel.Level_1'
[2018.03.03-21.11.14:616][ 53]LogSlate: Took 0.000149 seconds to synchronously load lazily loaded font '../../../Engine/Content/Slate/Fonts/Roboto-Light.ttf' (159K)
[2018.03.03-21.11.14:673][ 53]Cmd: OBJ SAVEPACKAGE PACKAGE="/Game/Blueprints/Maps/Level_1" FILE="C:/Users/jeff_/Documents/GitHub/QuickFixGarage/Content/Blueprints/Maps/Level_1.umap" SILENT=true AUTOSAVING=false KEEPDIRTY=false
[2018.03.03-21.11.15:033][ 53]LogSavePackage: Save=344.92ms
[2018.03.03-21.11.15:033][ 53]LogSavePackage: Moving 'C:/Users/jeff_/Documents/GitHub/QuickFixGarage/Saved/Level_199EF81E648AC98F8B397E5AE2ECC8DD5.tmp' to 'C:/Users/jeff_/Documents/GitHub/QuickFixGarage/Content/Blueprints/Maps/Level_1.umap'
[2018.03.03-21.11.15:038][ 53]LogSavePackage: Display: Finished SavePackage C:/Users/jeff_/Documents/GitHub/QuickFixGarage/Content/Blueprints/Maps/Level_1.umap
[2018.03.03-21.11.15:065][ 53]LogFileHelpers: Saving map 'Level_1' took 0.440
[2018.03.03-21.11.15:158][ 53]LogWindowsTextInputMethodSystem: Display: IME system now deactivated.
[2018.03.03-21.11.15:370][ 54]Cmd: QUIT_EDITOR
[2018.03.03-21.11.16:206][ 54]LogExit: Preparing to exit.
[2018.03.03-21.11.17:122][ 54]LogExit: Editor shut down
[2018.03.03-21.11.17:126][ 54]LogExit: Transaction tracking system shut down
[2018.03.03-21.11.17:251][ 54]LogDirectoryWatcher: A directory notification for '../../../Engine/Content/' was aborted.
[2018.03.03-21.11.17:251][ 54]LogDirectoryWatcher: A directory notification for 'C:/Users/jeff_/Documents/GitHub/QuickFixGarage/Content/' was aborted.
[2018.03.03-21.11.17:251][ 54]LogDirectoryWatcher: A directory notification for '../../../Engine/Plugins/2D/Paper2D/Content/' was aborted.
[2018.03.03-21.11.17:251][ 54]LogDirectoryWatcher: A directory notification for '../../../Engine/Plugins/Media/MediaCompositing/Content/' was aborted.
[2018.03.03-21.11.17:251][ 54]LogDirectoryWatcher: A directory notification for '../../../Engine/Plugins/Runtime/AppleARKit/Content/' was aborted.
[2018.03.03-21.11.17:251][ 54]LogDirectoryWatcher: A directory notification for '../../../Engine/Plugins/Runtime/Oculus/OculusVR/Content/' was aborted.
[2018.03.03-21.11.17:251][ 54]LogDirectoryWatcher: A directory notification for '../../../Engine/Plugins/Runtime/Steam/SteamVR/Content/' was aborted.
[2018.03.03-21.11.17:280][ 54]LogExit: Object subsystem successfully closed.
[2018.03.03-21.11.17:297][ 54]LogD3D11RHI: Shutdown
[2018.03.03-21.11.17:297][ 54]LogD3D11RHI: CleanupD3DDevice
[2018.03.03-21.11.17:307][ 54]LogD3D11RHI: ~FD3D11DynamicRHI
[2018.03.03-21.11.17:315][ 54]LogModuleManager: Shutting down and abandoning module MovieSceneCapture (546)
[2018.03.03-21.11.17:315][ 54]LogModuleManager: Shutting down and abandoning module HierarchicalLODOutliner (544)
[2018.03.03-21.11.17:315][ 54]LogModuleManager: Shutting down and abandoning module DesktopPlatform (542)
[2018.03.03-21.11.17:315][ 54]LogModuleManager: Shutting down and abandoning module SceneOutliner (540)
[2018.03.03-21.11.17:315][ 54]LogModuleManager: Shutting down and abandoning module AddContentDialog (538)
[2018.03.03-21.11.17:315][ 54]LogDirectoryWatcher: A directory notification for 'D:/College Files/MICROSOFT_UWP_UNREAL-release_uwp/FeaturePacks/' was aborted.
[2018.03.03-21.11.17:327][ 54]LogModuleManager: Shutting down and abandoning module WidgetCarousel (537)
[2018.03.03-21.11.17:327][ 54]LogModuleManager: Shutting down and abandoning module EditorWidgets (534)
[2018.03.03-21.11.17:327][ 54]LogModuleManager: Shutting down and abandoning module CollectionManager (532)
[2018.03.03-21.11.17:327][ 54]LogDirectoryWatcher: A directory notification for 'C:/Users/jeff_/Documents/GitHub/QuickFixGarage/Content/Collections/' was aborted.
[2018.03.03-21.11.17:327][ 54]LogDirectoryWatcher: A directory notification for 'C:/Users/jeff_/Documents/GitHub/QuickFixGarage/Content/Developers/jeff/Collections/' was aborted.
[2018.03.03-21.11.17:327][ 54]LogDirectoryWatcher: A directory notification for 'C:/Users/jeff_/Documents/GitHub/QuickFixGarage/Saved/Collections/' was aborted.
[2018.03.03-21.11.17:327][ 54]LogModuleManager: Shutting down and abandoning module StatsViewer (530)
[2018.03.03-21.11.17:327][ 54]LogModuleManager: Shutting down and abandoning module FoliageEdit (528)
[2018.03.03-21.11.17:327][ 54]LogModuleManager: Shutting down and abandoning module LandscapeEditor (526)
[2018.03.03-21.11.17:328][ 54]LogModuleManager: Shutting down and abandoning module MeshPaintMode (524)
[2018.03.03-21.11.17:328][ 54]LogModuleManager: Shutting down and abandoning module SceneDepthPickerMode (522)
[2018.03.03-21.11.17:328][ 54]LogModuleManager: Shutting down and abandoning module ActorPickerMode (520)
[2018.03.03-21.11.17:328][ 54]LogModuleManager: Shutting down and abandoning module GeometryMode (518)
[2018.03.03-21.11.17:328][ 54]LogModuleManager: Shutting down and abandoning module TextureAlignMode (516)
[2018.03.03-21.11.17:328][ 54]LogModuleManager: Shutting down and abandoning module BspMode (514)
[2018.03.03-21.11.17:328][ 54]LogModuleManager: Shutting down and abandoning module PIEPreviewDeviceProfileSelector (512)
[2018.03.03-21.11.17:328][ 54]LogModuleManager: Shutting down and abandoning module HardwareSurvey (510)
[2018.03.03-21.11.17:328][ 54]LogModuleManager: Shutting down and abandoning module SequenceRecorderSections (508)
[2018.03.03-21.11.17:328][ 54]LogModuleManager: Shutting down and abandoning module AutomationWorker (506)
[2018.03.03-21.11.17:328][ 54]LogModuleManager: Shutting down and abandoning module MatineeToLevelSequence (504)
[2018.03.03-21.11.17:328][ 54]LogModuleManager: Shutting down and abandoning module LevelSequenceEditor (502)
[2018.03.03-21.11.17:328][ 54]LogModuleManager: Shutting down and abandoning module PlacementMode (501)
[2018.03.03-21.11.17:328][ 54]LogModuleManager: Shutting down and abandoning module WmfMediaFactory (498)
[2018.03.03-21.11.17:328][ 54]LogModuleManager: Shutting down and abandoning module WmfMediaEditor (496)
[2018.03.03-21.11.17:328][ 54]LogModuleManager: Shutting down and abandoning module OpenExrWrapper (494)
[2018.03.03-21.11.17:328][ 54]LogModuleManager: Shutting down and abandoning module ImgMediaFactory (492)
[2018.03.03-21.11.17:328][ 54]LogModuleManager: Shutting down and abandoning module ImgMediaEditor (490)
[2018.03.03-21.11.17:328][ 54]LogModuleManager: Shutting down and abandoning module AvfMediaFactory (488)
[2018.03.03-21.11.17:328][ 54]LogModuleManager: Shutting down and abandoning module AvfMediaEditor (486)
[2018.03.03-21.11.17:328][ 54]LogModuleManager: Shutting down and abandoning module AndroidMediaFactory (484)
[2018.03.03-21.11.17:328][ 54]LogModuleManager: Shutting down and abandoning module AndroidMediaEditor (482)
[2018.03.03-21.11.17:328][ 54]LogModuleManager: Shutting down and abandoning module CharacterAI (480)
[2018.03.03-21.11.17:328][ 54]LogModuleManager: Shutting down and abandoning module AudioCapture (478)
[2018.03.03-21.11.17:328][ 54]LogModuleManager: Shutting down and abandoning module SequenceRecorder (477)
[2018.03.03-21.11.17:328][ 54]LogModuleManager: Shutting down and abandoning module SmartSnapping (474)
[2018.03.03-21.11.17:328][ 54]LogModuleManager: Shutting down and abandoning module SessionServices (472)
[2018.03.03-21.11.17:328][ 54]LogModuleManager: Shutting down and abandoning module ViewportSnapping (470)
[2018.03.03-21.11.17:328][ 54]LogModuleManager: Shutting down and abandoning module ViewportInteraction (468)
[2018.03.03-21.11.17:328][ 54]LogModuleManager: Shutting down and abandoning module ClothPainter (466)
[2018.03.03-21.11.17:328][ 54]LogModuleManager: Shutting down and abandoning module SkeletalMeshEditor (465)
[2018.03.03-21.11.17:328][ 54]LogModuleManager: Shutting down and abandoning module LogVisualizer (462)
[2018.03.03-21.11.17:328][ 54]LogModuleManager: Shutting down and abandoning module IntroTutorials (460)
[2018.03.03-21.11.17:341][ 54]LogModuleManager: Shutting down and abandoning module GameProjectGeneration (459)
[2018.03.03-21.11.17:341][ 54]LogModuleManager: Shutting down and abandoning module IOSPlatformEditor (456)
[2018.03.03-21.11.17:341][ 54]LogModuleManager: Shutting down and abandoning module HTML5PlatformEditor (454)
[2018.03.03-21.11.17:341][ 54]LogModuleManager: Shutting down and abandoning module AndroidPlatformEditor (452)
[2018.03.03-21.11.17:341][ 54]LogModuleManager: Shutting down and abandoning module AndroidDeviceDetection (451)
[2018.03.03-21.11.17:864][ 54]LogModuleManager: Shutting down and abandoning module WindowsPlatformEditor (448)
[2018.03.03-21.11.17:864][ 54]LogModuleManager: Shutting down and abandoning module UWPPlatformEditor (446)
[2018.03.03-21.11.17:864][ 54]LogModuleManager: Shutting down and abandoning module IOSRuntimeSettings (444)
[2018.03.03-21.11.17:864][ 54]LogModuleManager: Shutting down and abandoning module AndroidRuntimeSettings (442)
[2018.03.03-21.11.17:864][ 54]LogModuleManager: Shutting down and abandoning module InputBindingEditor (440)
[2018.03.03-21.11.17:864][ 54]LogModuleManager: Shutting down and abandoning module MergeActors (438)
[2018.03.03-21.11.17:864][ 54]LogModuleManager: Shutting down and abandoning module SizeMap (436)
[2018.03.03-21.11.17:864][ 54]LogModuleManager: Shutting down and abandoning module TreeMap (434)
[2018.03.03-21.11.17:864][ 54]LogModuleManager: Shutting down and abandoning module ReferenceViewer (432)
[2018.03.03-21.11.17:864][ 54]LogModuleManager: Shutting down and abandoning module LocalizationDashboard (430)
[2018.03.03-21.11.17:865][ 54]LogModuleManager: Shutting down and abandoning module LocalizationService (429)
[2018.03.03-21.11.17:865][ 54]LogModuleManager: Shutting down and abandoning module HardwareTargeting (426)
[2018.03.03-21.11.17:865][ 54]LogModuleManager: Shutting down and abandoning module DeviceProfileEditor (424)
[2018.03.03-21.11.17:865][ 54]LogModuleManager: Shutting down and abandoning module UndoHistory (422)
[2018.03.03-21.11.17:865][ 54]LogModuleManager: Shutting down and abandoning module XmlParser (420)
[2018.03.03-21.11.17:865][ 54]LogModuleManager: Shutting down and abandoning module Blutility (418)
[2018.03.03-21.11.17:865][ 54]LogModuleManager: Shutting down and abandoning module ProjectSettingsViewer (416)
[2018.03.03-21.11.17:865][ 54]LogModuleManager: Shutting down and abandoning module ProjectTargetPlatformEditor (415)
[2018.03.03-21.11.17:866][ 54]LogModuleManager: Shutting down and abandoning module EditorSettingsViewer (412)
[2018.03.03-21.11.17:866][ 54]LogModuleManager: Shutting down and abandoning module SettingsEditor (410)
[2018.03.03-21.11.17:866][ 54]LogModuleManager: Shutting down and abandoning module ProjectLauncher (408)
[2018.03.03-21.11.17:866][ 54]LogModuleManager: Shutting down and abandoning module SessionFrontend (406)
[2018.03.03-21.11.17:866][ 54]LogModuleManager: Shutting down and abandoning module ProfilerClient (404)
[2018.03.03-21.11.17:866][ 54]LogModuleManager: Shutting down and abandoning module DeviceManager (402)
[2018.03.03-21.11.17:866][ 54]LogModuleManager: Shutting down and abandoning module TargetDeviceServices (401)
[2018.03.03-21.11.17:930][ 54]LogModuleManager: Shutting down and abandoning module AutomationController (398)
[2018.03.03-21.11.17:930][ 54]LogModuleManager: Shutting down and abandoning module AutomationWindow (396)
[2018.03.03-21.11.17:931][ 54]LogModuleManager: Shutting down and abandoning module Layers (394)
[2018.03.03-21.11.17:931][ 54]LogModuleManager: Shutting down and abandoning module ComponentVisualizers (392)
[2018.03.03-21.11.17:931][ 54]LogModuleManager: Shutting down and abandoning module DetailCustomizations (390)
[2018.03.03-21.11.17:931][ 54]LogModuleManager: Shutting down and abandoning module PackagesDialog (388)
[2018.03.03-21.11.17:931][ 54]LogModuleManager: Shutting down and abandoning module Persona (386)
[2018.03.03-21.11.17:931][ 54]LogModuleManager: Shutting down and abandoning module AdvancedPreviewScene (385)
[2018.03.03-21.11.17:932][ 54]LogModuleManager: Shutting down and abandoning module AnimGraph (383)
[2018.03.03-21.11.17:932][ 54]LogModuleManager: Shutting down and abandoning module Kismet (380)
[2018.03.03-21.11.17:933][ 54]LogModuleManager: Shutting down and abandoning module ClassViewer (378)
[2018.03.03-21.11.17:933][ 54]LogModuleManager: Shutting down and abandoning module Toolbox (376)
[2018.03.03-21.11.17:933][ 54]LogModuleManager: Shutting down and abandoning module ModuleUI (374)
[2018.03.03-21.11.17:933][ 54]LogModuleManager: Shutting down and abandoning module MovieSceneTools (372)
[2018.03.03-21.11.17:933][ 54]LogModuleManager: Shutting down and abandoning module OutputLog (370)
[2018.03.03-21.11.17:933][ 54]LogModuleManager: Shutting down and abandoning module GammaUI (368)
[2018.03.03-21.11.17:933][ 54]LogModuleManager: Shutting down and abandoning module Documentation (366)
[2018.03.03-21.11.17:934][ 54]LogModuleManager: Shutting down and abandoning module MovieSceneTracks (364)
[2018.03.03-21.11.17:934][ 54]LogModuleManager: Shutting down and abandoning module MovieScene (362)
[2018.03.03-21.11.17:934][ 54]LogModuleManager: Shutting down and abandoning module StreamingPauseRendering (360)
[2018.03.03-21.11.17:934][ 54]LogModuleManager: Shutting down and abandoning module LauncherPlatform (358)
[2018.03.03-21.11.17:934][ 54]LogModuleManager: Shutting down and abandoning module AnalyticsET (356)
[2018.03.03-21.11.17:934][ 54]LogModuleManager: Shutting down and abandoning module PortalServices (354)
[2018.03.03-21.11.17:934][ 54]LogModuleManager: Shutting down and abandoning module PortalRpc (352)
[2018.03.03-21.11.17:934][ 54]LogModuleManager: Shutting down and abandoning module MessagingRpc (350)
[2018.03.03-21.11.17:934][ 54]LogModuleManager: Shutting down and abandoning module AIModule (348)
[2018.03.03-21.11.17:934][ 54]LogModuleManager: Shutting down and abandoning module GameplayDebugger (347)
[2018.03.03-21.11.17:934][ 54]LogModuleManager: Shutting down and abandoning module AITestSuite (345)
[2018.03.03-21.11.17:934][ 54]LogModuleManager: Shutting down and abandoning module ProfilerService (342)
[2018.03.03-21.11.18:129][ 54]LogModuleManager: Shutting down and abandoning module TaskGraph (340)
[2018.03.03-21.11.18:129][ 54]LogModuleManager: Shutting down and abandoning module SteamVRController (338)
[2018.03.03-21.11.18:129][ 54]LogModuleManager: Shutting down and abandoning module ProceduralMeshComponentEditor (336)
[2018.03.03-21.11.18:129][ 54]LogModuleManager: Shutting down and abandoning module ProceduralMeshComponent (334)
[2018.03.03-21.11.18:129][ 54]LogModuleManager: Shutting down and abandoning module OculusInput (332)
[2018.03.03-21.11.18:129][ 54]LogModuleManager: Shutting down and abandoning module MobilePatchingUtils (330)
[2018.03.03-21.11.18:129][ 54]LogModuleManager: Shutting down and abandoning module CustomMeshComponent (328)
[2018.03.03-21.11.18:129][ 54]LogModuleManager: Shutting down and abandoning module CableComponent (326)
[2018.03.03-21.11.18:129][ 54]LogModuleManager: Shutting down and abandoning module ArchVisCharacter (324)
[2018.03.03-21.11.18:129][ 54]LogModuleManager: Shutting down and abandoning module AndroidPermission (322)
[2018.03.03-21.11.18:129][ 54]LogModuleManager: Shutting down and abandoning module ActorSequence (318)
[2018.03.03-21.11.18:129][ 54]LogModuleManager: Shutting down and abandoning module MediaPlayerEditor (316)
[2018.03.03-21.11.18:129][ 54]LogModuleManager: Shutting down and abandoning module MediaCompositingEditor (314)
[2018.03.03-21.11.18:129][ 54]LogModuleManager: Shutting down and abandoning module MediaCompositing (312)
[2018.03.03-21.11.18:129][ 54]LogModuleManager: Shutting down and abandoning module HTML5Networking (310)
[2018.03.03-21.11.18:129][ 54]LogModuleManager: Shutting down and abandoning module AlembicImporter (308)
[2018.03.03-21.11.18:129][ 54]LogModuleManager: Shutting down and abandoning module AlembicLibrary (307)
[2018.03.03-21.11.18:129][ 54]LogModuleManager: Shutting down and abandoning module GeometryCache (306)
[2018.03.03-21.11.18:129][ 54]LogModuleManager: Shutting down and abandoning module GeometryCacheEd (305)
[2018.03.03-21.11.18:129][ 54]LogModuleManager: Shutting down and abandoning module SpeedTreeImporter (300)
[2018.03.03-21.11.18:129][ 54]LogModuleManager: Shutting down and abandoning module PluginBrowser (298)
[2018.03.03-21.11.18:129][ 54]LogModuleManager: Shutting down and abandoning module MobileLauncherProfileWizard (296)
[2018.03.03-21.11.18:129][ 54]LogModuleManager: Shutting down and abandoning module VisualStudioSourceCodeAccess (294)
[2018.03.03-21.11.18:130][ 54]LogModuleManager: Shutting down and abandoning module VisualStudioCodeSourceCodeAccess (292)
[2018.03.03-21.11.18:130][ 54]LogModuleManager: Shutting down and abandoning module UObjectPlugin (290)
[2018.03.03-21.11.18:130][ 54]LogModuleManager: Shutting down and abandoning module SubversionSourceControl (288)
[2018.03.03-21.11.18:130][ 54]LogModuleManager: Shutting down and abandoning module PerforceSourceControl (286)
[2018.03.03-21.11.18:130][ 54]LogModuleManager: Shutting down and abandoning module GitSourceControl (284)
[2018.03.03-21.11.18:130][ 54]LogModuleManager: Shutting down and abandoning module SourceControl (283)
[2018.03.03-21.11.18:130][ 54]LogModuleManager: Shutting down and abandoning module LightPropagationVolumeEditor (280)
[2018.03.03-21.11.18:130][ 54]LogModuleManager: Shutting down and abandoning module PaperTiledImporter (278)
[2018.03.03-21.11.18:130][ 54]LogModuleManager: Shutting down and abandoning module PaperSpriteSheetImporter (276)
[2018.03.03-21.11.18:130][ 54]LogModuleManager: Shutting down and abandoning module Paper2DEditor (274)
[2018.03.03-21.11.18:130][ 54]LogModuleManager: Shutting down and abandoning module MeshPaint (273)
[2018.03.03-21.11.18:130][ 54]LogModuleManager: Shutting down and abandoning module LevelEditor (271)
[2018.03.03-21.11.18:130][ 54]LogModuleManager: Shutting down and abandoning module PixelInspectorModule (270)
[2018.03.03-21.11.18:130][ 54]LogModuleManager: Shutting down and abandoning module MainFrame (268)
[2018.03.03-21.11.18:130][ 54]LogModuleManager: Shutting down and abandoning module HotReload (267)
[2018.03.03-21.11.18:131][ 54]LogModuleManager: Shutting down and abandoning module RuntimePhysXCooking (262)
[2018.03.03-21.11.18:131][ 54]LogModuleManager: Shutting down and abandoning module PhysXVehiclesEditor (260)
[2018.03.03-21.11.18:131][ 54]LogModuleManager: Shutting down and abandoning module PhysXVehicles (258)
[2018.03.03-21.11.18:131][ 54]LogModuleManager: Shutting down and abandoning module OculusEditor (256)
[2018.03.03-21.11.18:131][ 54]LogModuleManager: Shutting down and abandoning module LocationServicesBPLibrary (254)
[2018.03.03-21.11.18:131][ 54]LogModuleManager: Shutting down and abandoning module ImmediatePhysicsEditor (252)
[2018.03.03-21.11.18:131][ 54]LogModuleManager: Shutting down and abandoning module ImmediatePhysics (250)
[2018.03.03-21.11.18:131][ 54]LogModuleManager: Shutting down and abandoning module UdpMessaging (248)
[2018.03.03-21.11.18:231][ 54]LogModuleManager: Shutting down and abandoning module TcpMessaging (246)
[2018.03.03-21.11.18:332][ 54]LogModuleManager: Shutting down and abandoning module GameplayTagsEditor (244)
[2018.03.03-21.11.18:332][ 54]LogModuleManager: Shutting down and abandoning module FacialAnimationEditor (242)
[2018.03.03-21.11.18:332][ 54]LogModuleManager: Shutting down and abandoning module FacialAnimation (240)
[2018.03.03-21.11.18:332][ 54]LogModuleManager: Shutting down and abandoning module AssetManagerEditor (238)
[2018.03.03-21.11.18:332][ 54]LogModuleManager: Shutting down and abandoning module GraphEditor (237)
[2018.03.03-21.11.18:332][ 54]LogModuleManager: Shutting down and abandoning module ContentBrowser (235)
[2018.03.03-21.11.18:335][ 54]LogModuleManager: Shutting down and abandoning module LightPropagationVolumeRuntime (232)
[2018.03.03-21.11.18:335][ 54]LogModuleManager: Shutting down and abandoning module Paper2D (230)
[2018.03.03-21.11.18:335][ 54]LogModuleManager: Shutting down and abandoning module WindowsMoviePlayer (228)
[2018.03.03-21.11.18:335][ 54]LogModuleManager: Shutting down and abandoning module WmfMedia (226)
[2018.03.03-21.11.18:340][ 54]LogModuleManager: Shutting down and abandoning module ImgMedia (224)
[2018.03.03-21.11.18:341][ 54]LogModuleManager: Shutting down and abandoning module PacketHandler (222)
[2018.03.03-21.11.18:341][ 54]LogModuleManager: Shutting down and abandoning module ClothingSystemEditor (220)
[2018.03.03-21.11.18:341][ 54]LogModuleManager: Shutting down and abandoning module ClothingSystemRuntime (218)
[2018.03.03-21.11.18:341][ 54]LogModuleManager: Shutting down and abandoning module MediaAssets (216)
[2018.03.03-21.11.18:341][ 54]LogModuleManager: Shutting down and abandoning module Media (215)
[2018.03.03-21.11.18:348][ 54]LogModuleManager: Shutting down and abandoning module Overlay (212)
[2018.03.03-21.11.18:348][ 54]LogModuleManager: Shutting down and abandoning module OverlayEditor (211)
[2018.03.03-21.11.18:349][ 54]LogModuleManager: Shutting down and abandoning module VREditor (208)
[2018.03.03-21.11.18:349][ 54]LogModuleManager: Shutting down and abandoning module StringTableEditor (206)
[2018.03.03-21.11.18:349][ 54]LogModuleManager: Shutting down and abandoning module GameplayTasksEditor (204)
[2018.03.03-21.11.18:349][ 54]LogModuleManager: Shutting down and abandoning module BehaviorTreeEditor (202)
[2018.03.03-21.11.18:349][ 54]LogModuleManager: Shutting down and abandoning module FunctionalTesting (200)
[2018.03.03-21.11.18:349][ 54]LogModuleManager: Shutting down and abandoning module CollisionAnalyzer (198)
[2018.03.03-21.11.18:349][ 54]LogModuleManager: Shutting down and abandoning module WorkspaceMenuStructure (197)
[2018.03.03-21.11.18:349][ 54]LogModuleManager: Shutting down and abandoning module UMG (194)
[2018.03.03-21.11.18:349][ 54]LogModuleManager: Shutting down and abandoning module UMGEditor (193)
[2018.03.03-21.11.18:349][ 54]LogModuleManager: Shutting down and abandoning module Sequencer (192)
[2018.03.03-21.11.18:350][ 54]LogModuleManager: Shutting down and abandoning module MessageLog (189)
[2018.03.03-21.11.18:350][ 54]LogModuleManager: Shutting down and abandoning module SlateReflector (184)
[2018.03.03-21.11.18:350][ 54]LogModuleManager: Shutting down and abandoning module Slate (182)
[2018.03.03-21.11.18:350][ 54]LogModuleManager: Shutting down and abandoning module EditorStyle (180)
[2018.03.03-21.11.18:354][ 54]LogModuleManager: Shutting down and abandoning module MRMesh (178)
[2018.03.03-21.11.18:354][ 54]LogModuleManager: Shutting down and abandoning module SourceCodeAccess (176)
[2018.03.03-21.11.18:354][ 54]LogModuleManager: Shutting down and abandoning module HeadMountedDisplay (174)
[2018.03.03-21.11.18:354][ 54]LogModuleManager: Shutting down and abandoning module XAudio2 (172)
[2018.03.03-21.11.18:354][ 54]LogModuleManager: Shutting down and abandoning module Networking (170)
[2018.03.03-21.11.18:354][ 54]LogModuleManager: Shutting down and abandoning module Core (166)
[2018.03.03-21.11.18:354][ 54]LogModuleManager: Shutting down and abandoning module LevelSequence (162)
[2018.03.03-21.11.18:354][ 54]LogModuleManager: Shutting down and abandoning module DirectoryWatcher (160)
[2018.03.03-21.11.18:355][ 54]LogModuleManager: Shutting down and abandoning module KismetCompiler (158)
[2018.03.03-21.11.18:355][ 54]LogModuleManager: Shutting down and abandoning module MeshUtilities (156)
[2018.03.03-21.11.18:355][ 54]LogModuleManager: Shutting down and abandoning module MeshMergeUtilities (155)
[2018.03.03-21.11.18:355][ 54]LogModuleManager: Shutting down and abandoning module MeshReductionInterface (154)
[2018.03.03-21.11.18:355][ 54]LogModuleManager: Shutting down and abandoning module QuadricMeshReduction (153)
[2018.03.03-21.11.18:355][ 54]LogModuleManager: Shutting down and abandoning module MaterialBaking (149)
[2018.03.03-21.11.18:355][ 54]LogModuleManager: Shutting down and abandoning module DerivedDataCache (146)
[2018.03.03-21.11.18:366][ 54]LogDerivedDataCache: Shutdown
[2018.03.03-21.11.18:366][ 54]LogModuleManager: Shutting down and abandoning module TargetPlatform (144)
[2018.03.03-21.11.18:366][ 54]LogModuleManager: Shutting down and abandoning module VulkanShaderFormat (143)
[2018.03.03-21.11.18:366][ 54]LogModuleManager: Shutting down and abandoning module ShaderFormatVectorVM (141)
[2018.03.03-21.11.18:366][ 54]LogModuleManager: Shutting down and abandoning module ShaderFormatOpenGL (139)
[2018.03.03-21.11.18:366][ 54]LogModuleManager: Shutting down and abandoning module ShaderFormatD3D (137)
[2018.03.03-21.11.18:366][ 54]LogModuleManager: Shutting down and abandoning module MetalShaderFormat (135)
[2018.03.03-21.11.18:366][ 54]LogModuleManager: Shutting down and abandoning module TextureFormatUncompressed (133)
[2018.03.03-21.11.18:366][ 54]LogModuleManager: Shutting down and abandoning module TextureFormatPVR (131)
[2018.03.03-21.11.18:366][ 54]LogModuleManager: Shutting down and abandoning module TextureFormatDXT (129)
[2018.03.03-21.11.18:366][ 54]LogModuleManager: Shutting down and abandoning module TextureFormatIntelISPCTexComp (127)
[2018.03.03-21.11.18:366][ 54]LogModuleManager: Shutting down and abandoning module TextureFormatASTC (125)
[2018.03.03-21.11.18:366][ 54]LogModuleManager: Shutting down and abandoning module ImageWrapper (124)
[2018.03.03-21.11.18:366][ 54]LogModuleManager: Shutting down and abandoning module TextureFormatAndroid (121)
[2018.03.03-21.11.18:367][ 54]LogModuleManager: Shutting down and abandoning module AudioFormatOpus (119)
[2018.03.03-21.11.18:367][ 54]LogModuleManager: Shutting down and abandoning module AudioFormatOgg (117)
[2018.03.03-21.11.18:367][ 54]LogModuleManager: Shutting down and abandoning module AudioFormatADPCM (115)
[2018.03.03-21.11.18:367][ 54]LogModuleManager: Shutting down and abandoning module TVOSTargetPlatform (113)
[2018.03.03-21.11.18:367][ 54]LogModuleManager: Shutting down and abandoning module Messaging (111)
[2018.03.03-21.11.18:367][ 54]LogModuleManager: Shutting down and abandoning module IOSTargetPlatform (109)
[2018.03.03-21.11.18:367][ 54]LogModuleManager: Shutting down and abandoning module HTML5TargetPlatform (107)
[2018.03.03-21.11.18:367][ 54]LogModuleManager: Shutting down and abandoning module AndroidTargetPlatform (105)
[2018.03.03-21.11.18:367][ 54]LogModuleManager: Shutting down and abandoning module Android_PVRTCTargetPlatform (103)
[2018.03.03-21.11.18:367][ 54]LogModuleManager: Shutting down and abandoning module Android_MultiTargetPlatform (101)
[2018.03.03-21.11.18:367][ 54]LogModuleManager: Shutting down and abandoning module Android_ETC2TargetPlatform (99)
[2018.03.03-21.11.18:367][ 54]LogModuleManager: Shutting down and abandoning module Android_ETC1TargetPlatform (97)
[2018.03.03-21.11.18:367][ 54]LogModuleManager: Shutting down and abandoning module Android_DXTTargetPlatform (95)
[2018.03.03-21.11.18:367][ 54]LogModuleManager: Shutting down and abandoning module Android_ATCTargetPlatform (93)
[2018.03.03-21.11.18:367][ 54]LogModuleManager: Shutting down and abandoning module Android_ASTCTargetPlatform (91)
[2018.03.03-21.11.18:367][ 54]LogModuleManager: Shutting down and abandoning module WindowsTargetPlatform (89)
[2018.03.03-21.11.18:367][ 54]LogModuleManager: Shutting down and abandoning module WindowsServerTargetPlatform (87)
[2018.03.03-21.11.18:367][ 54]LogModuleManager: Shutting down and abandoning module WindowsNoEditorTargetPlatform (85)
[2018.03.03-21.11.18:367][ 54]LogModuleManager: Shutting down and abandoning module WindowsClientTargetPlatform (83)
[2018.03.03-21.11.18:367][ 54]LogModuleManager: Shutting down and abandoning module UWPTargetPlatform (81)
[2018.03.03-21.11.18:367][ 54]LogModuleManager: Shutting down and abandoning module UWPDeviceDetector (79)
[2018.03.03-21.11.18:367][ 54]LogModuleManager: Shutting down and abandoning module UWP32TargetPlatform (77)
[2018.03.03-21.11.18:367][ 54]LogModuleManager: Shutting down and abandoning module MacTargetPlatform (75)
[2018.03.03-21.11.18:367][ 54]LogModuleManager: Shutting down and abandoning module MacServerTargetPlatform (73)
[2018.03.03-21.11.18:367][ 54]LogModuleManager: Shutting down and abandoning module MacNoEditorTargetPlatform (71)
[2018.03.03-21.11.18:367][ 54]LogModuleManager: Shutting down and abandoning module MacClientTargetPlatform (69)
[2018.03.03-21.11.18:367][ 54]LogModuleManager: Shutting down and abandoning module AllDesktopTargetPlatform (67)
[2018.03.03-21.11.18:367][ 54]LogModuleManager: Shutting down and abandoning module InputCore (64)
[2018.03.03-21.11.18:367][ 54]LogModuleManager: Shutting down and abandoning module Settings (62)
[2018.03.03-21.11.18:367][ 54]LogModuleManager: Shutting down and abandoning module PhysXCooking (60)
[2018.03.03-21.11.18:367][ 54]LogModuleManager: Shutting down and abandoning module SteamVR (58)
[2018.03.03-21.11.18:367][ 54]LogModuleManager: Shutting down and abandoning module OculusHMD (56)
[2018.03.03-21.11.18:367][ 54]LogModuleManager: Shutting down and abandoning module ExampleDeviceProfileSelector (54)
[2018.03.03-21.11.18:367][ 54]LogModuleManager: Shutting down and abandoning module AppleARKit (52)
[2018.03.03-21.11.18:367][ 54]LogModuleManager: Shutting down and abandoning module AugmentedReality (51)
[2018.03.03-21.11.18:367][ 54]LogModuleManager: Shutting down and abandoning module OnlineBlueprintSupport (48)
[2018.03.03-21.11.18:367][ 54]LogModuleManager: Shutting down and abandoning module OnlineSubsystem (44)
[2018.03.03-21.11.18:367][ 54]LogModuleManager: Shutting down and abandoning module XMPP (43)
[2018.03.03-21.11.18:367][ 54]LogModuleManager: Shutting down and abandoning module HTTP (41)
[2018.03.03-21.11.18:367][ 54]LogHttp: Display: Http module shutting down, but needs to wait on 1 outstanding Http requests:
[2018.03.03-21.11.18:367][ 54]LogHttp: Display: 	verb=[POST] url=[https://datarouter.ol.epicgames.com/datarouter/api/v1/public/data?SessionID=%7BF7A858A1-48B5-B835-6225-BDA3C3F3E3EE%7D&AppID=UEEditor.UnrealEngine.Release&AppVersion=4.18.2-0%2B%2B%2BUE4%2BRelease-4.18&UserID=5e3414a64bcbdefe021147b1534661f7%7C7c0374d7d5624983b5c46a44508fe38b%7Ca55e3b2b-60cd-4683-be51-a4ef4dc1816f&AppEnvironment=datacollector-source&UploadType=eteventstream] status=Processing
[2018.03.03-21.11.18:378][ 54]LogModuleManager: Shutting down and abandoning module SSL (40)
[2018.03.03-21.11.18:379][ 54]LogModuleManager: Shutting down and abandoning module AnimationModifiers (36)
[2018.03.03-21.11.18:379][ 54]LogModuleManager: Shutting down and abandoning module PropertyEditor (35)
[2018.03.03-21.11.18:379][ 54]LogModuleManager: Shutting down and abandoning module AudioEditor (32)
[2018.03.03-21.11.18:379][ 54]LogModuleManager: Shutting down and abandoning module TextureCompressor (30)
[2018.03.03-21.11.18:379][ 54]LogModuleManager: Shutting down and abandoning module ShaderCore (28)
[2018.03.03-21.11.18:379][ 54]LogModuleManager: Shutting down and abandoning module Landscape (26)
[2018.03.03-21.11.18:379][ 54]LogModuleManager: Shutting down and abandoning module SlateRHIRenderer (24)
[2018.03.03-21.11.18:380][ 54]LogModuleManager: Shutting down and abandoning module OpenGLDrv (22)
[2018.03.03-21.11.18:380][ 54]LogModuleManager: Shutting down and abandoning module D3D11RHI (20)
[2018.03.03-21.11.18:380][ 54]LogModuleManager: Shutting down and abandoning module AnimGraphRuntime (18)
[2018.03.03-21.11.18:380][ 54]LogModuleManager: Shutting down and abandoning module Renderer (16)
[2018.03.03-21.11.18:380][ 54]LogModuleManager: Shutting down and abandoning module Engine (14)
[2018.03.03-21.11.18:380][ 54]LogModuleManager: Shutting down and abandoning module CoreUObject (12)
[2018.03.03-21.11.18:380][ 54]LogModuleManager: Shutting down and abandoning module NetworkFile (10)
[2018.03.03-21.11.18:380][ 54]LogModuleManager: Shutting down and abandoning module CookedIterativeFile (8)
[2018.03.03-21.11.18:380][ 54]LogModuleManager: Shutting down and abandoning module StreamingFile (6)
[2018.03.03-21.11.18:380][ 54]LogModuleManager: Shutting down and abandoning module SandboxFile (4)
[2018.03.03-21.11.18:380][ 54]LogModuleManager: Shutting down and abandoning module PakFile (2)
[2018.03.03-21.11.18:385][ 54]LogExit: Exiting.
[2018.03.03-21.11.18:393][ 54]Log file closed, 03/03/18 16:11:18
