Log file open, 03/03/18 20:47:17
LogWindows: Failed to load 'aqProf.dll' (GetLastError=126)
LogWindows: File 'aqProf.dll' does not exist
LogWindows: Failed to load 'VtuneApi.dll' (GetLastError=126)
LogWindows: File 'VtuneApi.dll' does not exist
LogWindows: Failed to load 'VtuneApi32e.dll' (GetLastError=126)
LogWindows: File 'VtuneApi32e.dll' does not exist
LogInit: Display: Running engine for game: QuickFixGarage
LogPlatformFile: Not using cached read wrapper
LogInit: Display: RandInit(-831233650) SRandInit(-831233650).
LogInit: Read version file with build ID '4750f96d-4c1b-460c-910b-a626738d9d59'
LogInit: Registered custom module enumerator with build ID '4750f96d-4c1b-460c-910b-a626738d9d59'
LogTaskGraph: Started task graph with 5 named threads and 14 total threads with 3 sets of task threads.
LogStats: Stats thread started at 0.188726
LogD3D11RHI: Aftermath initialized
LogModuleManager: Display: Found up-to-date module file ../../../Engine/Plugins/2D/Paper2D/Binaries/Win64/UE4Editor-Paper2D.dll (API version 0).
LogModuleManager: Display: Found up-to-date module file ../../../Engine/Plugins/2D/Paper2D/Binaries/Win64/UE4Editor-Paper2DEditor.dll (API version 0).
LogModuleManager: Display: Found up-to-date module file ../../../Engine/Plugins/2D/Paper2D/Binaries/Win64/UE4Editor-PaperSpriteSheetImporter.dll (API version 0).
LogModuleManager: Display: Found up-to-date module file ../../../Engine/Plugins/2D/Paper2D/Binaries/Win64/UE4Editor-PaperTiledImporter.dll (API version 0).
LogModuleManager: Display: Found up-to-date module file ../../../Engine/Plugins/2D/Paper2D/Binaries/Win64/UE4Editor-SmartSnapping.dll (API version 0).
LogModuleManager: Display: Found up-to-date module file ../../../Engine/Plugins/Blendables/LightPropagationVolume/Binaries/Win64/UE4Editor-LightPropagationVolumeRuntime.dll (API version 0).
LogModuleManager: Display: Found up-to-date module file ../../../Engine/Plugins/Blendables/LightPropagationVolume/Binaries/Win64/UE4Editor-LightPropagationVolumeEditor.dll (API version 0).
LogModuleManager: Display: Found up-to-date module file ../../../Engine/Plugins/Developer/GitSourceControl/Binaries/Win64/UE4Editor-GitSourceControl.dll (API version 0).
LogModuleManager: Display: Found up-to-date module file ../../../Engine/Plugins/Developer/PerforceSourceControl/Binaries/Win64/UE4Editor-PerforceSourceControl.dll (API version 0).
LogModuleManager: Display: Found up-to-date module file ../../../Engine/Plugins/Developer/SubversionSourceControl/Binaries/Win64/UE4Editor-SubversionSourceControl.dll (API version 0).
LogModuleManager: Display: Found up-to-date module file ../../../Engine/Plugins/Developer/UObjectPlugin/Binaries/Win64/UE4Editor-UObjectPlugin.dll (API version 0).
LogModuleManager: Display: Found up-to-date module file ../../../Engine/Plugins/Developer/VisualStudioCodeSourceCodeAccess/Binaries/Win64/UE4Editor-VisualStudioCodeSourceCodeAccess.dll (API version 0).
LogModuleManager: Display: Found up-to-date module file ../../../Engine/Plugins/Developer/VisualStudioSourceCodeAccess/Binaries/Win64/UE4Editor-VisualStudioSourceCodeAccess.dll (API version 0).
LogModuleManager: Display: Found up-to-date module file ../../../Engine/Plugins/Editor/AssetManagerEditor/Binaries/Win64/UE4Editor-AssetManagerEditor.dll (API version 0).
LogModuleManager: Display: Found up-to-date module file ../../../Engine/Plugins/Editor/AudioCapture/Binaries/Win64/UE4Editor-AudioCapture.dll (API version 0).
LogModuleManager: Display: Found up-to-date module file ../../../Engine/Plugins/Editor/FacialAnimation/Binaries/Win64/UE4Editor-FacialAnimation.dll (API version 0).
LogModuleManager: Display: Found up-to-date module file ../../../Engine/Plugins/Editor/FacialAnimation/Binaries/Win64/UE4Editor-FacialAnimationEditor.dll (API version 0).
LogModuleManager: Display: Found up-to-date module file ../../../Engine/Plugins/Editor/GameplayTagsEditor/Binaries/Win64/UE4Editor-GameplayTagsEditor.dll (API version 0).
LogModuleManager: Display: Found up-to-date module file ../../../Engine/Plugins/Editor/MobileLauncherProfileWizard/Binaries/Win64/UE4Editor-MobileLauncherProfileWizard.dll (API version 0).
LogModuleManager: Display: Found up-to-date module file ../../../Engine/Plugins/Editor/PluginBrowser/Binaries/Win64/UE4Editor-PluginBrowser.dll (API version 0).
LogModuleManager: Display: Found up-to-date module file ../../../Engine/Plugins/Editor/SpeedTreeImporter/Binaries/Win64/UE4Editor-SpeedTreeImporter.dll (API version 0).
LogModuleManager: Display: Found up-to-date module file ../../../Engine/Plugins/Experimental/AlembicImporter/Binaries/Win64/UE4Editor-AlembicImporter.dll (API version 0).
LogModuleManager: Display: Found up-to-date module file ../../../Engine/Plugins/Experimental/AlembicImporter/Binaries/Win64/UE4Editor-AlembicLibrary.dll (API version 0).
LogModuleManager: Display: Found up-to-date module file ../../../Engine/Plugins/Experimental/CharacterAI/Binaries/Win64/UE4Editor-CharacterAI.dll (API version 0).
LogModuleManager: Display: Found up-to-date module file ../../../Engine/Plugins/Experimental/HTML5Networking/Binaries/Win64/UE4Editor-HTML5Networking.dll (API version 0).
LogModuleManager: Display: Found up-to-date module file ../../../Engine/Plugins/Media/AndroidMedia/Binaries/Win64/UE4Editor-AndroidMediaEditor.dll (API version 0).
LogModuleManager: Display: Found up-to-date module file ../../../Engine/Plugins/Media/AndroidMedia/Binaries/Win64/UE4Editor-AndroidMediaFactory.dll (API version 0).
LogModuleManager: Display: Found up-to-date module file ../../../Engine/Plugins/Media/AvfMedia/Binaries/Win64/UE4Editor-AvfMediaEditor.dll (API version 0).
LogModuleManager: Display: Found up-to-date module file ../../../Engine/Plugins/Media/AvfMedia/Binaries/Win64/UE4Editor-AvfMediaFactory.dll (API version 0).
LogModuleManager: Display: Found up-to-date module file ../../../Engine/Plugins/Media/AvfMedia/Binaries/Win64/UE4Editor-AvfMediaFactory.dll (API version 0).
LogModuleManager: Display: Found up-to-date module file ../../../Engine/Plugins/Media/ImgMedia/Binaries/Win64/UE4Editor-ImgMedia.dll (API version 0).
LogModuleManager: Display: Found up-to-date module file ../../../Engine/Plugins/Media/ImgMedia/Binaries/Win64/UE4Editor-ImgMediaEditor.dll (API version 0).
LogModuleManager: Display: Found up-to-date module file ../../../Engine/Plugins/Media/ImgMedia/Binaries/Win64/UE4Editor-ImgMediaFactory.dll (API version 0).
LogModuleManager: Display: Found up-to-date module file ../../../Engine/Plugins/Media/ImgMedia/Binaries/Win64/UE4Editor-ImgMediaFactory.dll (API version 0).
LogModuleManager: Display: Found up-to-date module file ../../../Engine/Plugins/Media/ImgMedia/Binaries/Win64/UE4Editor-OpenExrWrapper.dll (API version 0).
LogModuleManager: Display: Found up-to-date module file ../../../Engine/Plugins/Media/MediaCompositing/Binaries/Win64/UE4Editor-MediaCompositing.dll (API version 0).
LogModuleManager: Display: Found up-to-date module file ../../../Engine/Plugins/Media/MediaCompositing/Binaries/Win64/UE4Editor-MediaCompositingEditor.dll (API version 0).
LogModuleManager: Display: Found up-to-date module file ../../../Engine/Plugins/Media/MediaPlayerEditor/Binaries/Win64/UE4Editor-MediaPlayerEditor.dll (API version 0).
LogModuleManager: Display: Found up-to-date module file ../../../Engine/Plugins/Media/WmfMedia/Binaries/Win64/UE4Editor-WmfMedia.dll (API version 0).
LogModuleManager: Display: Found up-to-date module file ../../../Engine/Plugins/Media/WmfMedia/Binaries/Win64/UE4Editor-WmfMediaEditor.dll (API version 0).
LogModuleManager: Display: Found up-to-date module file ../../../Engine/Plugins/Media/WmfMedia/Binaries/Win64/UE4Editor-WmfMediaFactory.dll (API version 0).
LogModuleManager: Display: Found up-to-date module file ../../../Engine/Plugins/Media/WmfMedia/Binaries/Win64/UE4Editor-WmfMediaFactory.dll (API version 0).
LogModuleManager: Display: Found up-to-date module file ../../../Engine/Plugins/Messaging/TcpMessaging/Binaries/Win64/UE4Editor-TcpMessaging.dll (API version 0).
LogModuleManager: Display: Found up-to-date module file ../../../Engine/Plugins/Messaging/UdpMessaging/Binaries/Win64/UE4Editor-UdpMessaging.dll (API version 0).
LogModuleManager: Display: Found up-to-date module file ../../../Engine/Plugins/MovieScene/ActorSequence/Binaries/Win64/UE4Editor-ActorSequence.dll (API version 0).
LogModuleManager: Display: Found up-to-date module file ../../../Engine/Plugins/MovieScene/LevelSequenceEditor/Binaries/Win64/UE4Editor-LevelSequenceEditor.dll (API version 0).
LogModuleManager: Display: Found up-to-date module file ../../../Engine/Plugins/MovieScene/MatineeToLevelSequence/Binaries/Win64/UE4Editor-MatineeToLevelSequence.dll (API version 0).
LogModuleManager: Display: Found up-to-date module file ../../../Engine/Plugins/Online/OnlineSubsystem/Binaries/Win64/UE4Editor-OnlineSubsystem.dll (API version 0).
LogModuleManager: Display: Found up-to-date module file ../../../Engine/Plugins/Runtime/AndroidPermission/Binaries/Win64/UE4Editor-AndroidPermission.dll (API version 0).
LogModuleManager: Display: Found up-to-date module file ../../../Engine/Plugins/Online/OnlineSubsystemNull/Binaries/Win64/UE4Editor-OnlineSubsystemNull.dll (API version 0).
LogModuleManager: Display: Found up-to-date module file ../../../Engine/Plugins/Online/OnlineSubsystemUtils/Binaries/Win64/UE4Editor-OnlineSubsystemUtils.dll (API version 0).
LogModuleManager: Display: Found up-to-date module file ../../../Engine/Plugins/Online/OnlineSubsystemUtils/Binaries/Win64/UE4Editor-OnlineBlueprintSupport.dll (API version 0).
LogModuleManager: Display: Found up-to-date module file ../../../Engine/Plugins/Runtime/AndroidDeviceProfileSelector/Binaries/Win64/UE4Editor-AndroidDeviceProfileSelector.dll (API version 0).
LogModuleManager: Display: Found up-to-date module file ../../../Engine/Plugins/Runtime/AppleARKit/Binaries/Win64/UE4Editor-AppleARKit.dll (API version 0).
LogModuleManager: Display: Found up-to-date module file ../../../Engine/Plugins/Runtime/ArchVisCharacter/Binaries/Win64/UE4Editor-ArchVisCharacter.dll (API version 0).
LogModuleManager: Display: Found up-to-date module file ../../../Engine/Plugins/Runtime/CableComponent/Binaries/Win64/UE4Editor-CableComponent.dll (API version 0).
LogModuleManager: Display: Found up-to-date module file ../../../Engine/Plugins/Runtime/CustomMeshComponent/Binaries/Win64/UE4Editor-CustomMeshComponent.dll (API version 0).
LogModuleManager: Display: Found up-to-date module file ../../../Engine/Plugins/Runtime/ExampleDeviceProfileSelector/Binaries/Win64/UE4Editor-ExampleDeviceProfileSelector.dll (API version 0).
LogModuleManager: Display: Found up-to-date module file ../../../Engine/Plugins/Runtime/ImmediatePhysics/Binaries/Win64/UE4Editor-ImmediatePhysics.dll (API version 0).
LogModuleManager: Display: Found up-to-date module file ../../../Engine/Plugins/Runtime/ImmediatePhysics/Binaries/Win64/UE4Editor-ImmediatePhysicsEditor.dll (API version 0).
LogModuleManager: Display: Found up-to-date module file ../../../Engine/Plugins/Runtime/LocationServicesBPLibrary/Binaries/Win64/UE4Editor-LocationServicesBPLibrary.dll (API version 0).
LogModuleManager: Display: Found up-to-date module file ../../../Engine/Plugins/Runtime/MobilePatchingUtils/Binaries/Win64/UE4Editor-MobilePatchingUtils.dll (API version 0).
LogModuleManager: Display: Found up-to-date module file ../../../Engine/Plugins/Runtime/Oculus/OculusVR/Binaries/Win64/UE4Editor-OculusHMD.dll (API version 0).
LogModuleManager: Display: Found up-to-date module file ../../../Engine/Plugins/Runtime/Oculus/OculusVR/Binaries/Win64/UE4Editor-OculusInput.dll (API version 0).
LogModuleManager: Display: Found up-to-date module file ../../../Engine/Plugins/Runtime/Oculus/OculusVR/Binaries/Win64/UE4Editor-OculusEditor.dll (API version 0).
LogModuleManager: Display: Found up-to-date module file ../../../Engine/Plugins/Runtime/PhysXVehicles/Binaries/Win64/UE4Editor-PhysXVehicles.dll (API version 0).
LogModuleManager: Display: Found up-to-date module file ../../../Engine/Plugins/Runtime/PhysXVehicles/Binaries/Win64/UE4Editor-PhysXVehiclesEditor.dll (API version 0).
LogModuleManager: Display: Found up-to-date module file ../../../Engine/Plugins/Runtime/ProceduralMeshComponent/Binaries/Win64/UE4Editor-ProceduralMeshComponent.dll (API version 0).
LogModuleManager: Display: Found up-to-date module file ../../../Engine/Plugins/Runtime/ProceduralMeshComponent/Binaries/Win64/UE4Editor-ProceduralMeshComponentEditor.dll (API version 0).
LogModuleManager: Display: Found up-to-date module file ../../../Engine/Plugins/Runtime/RuntimePhysXCooking/Binaries/Win64/UE4Editor-RuntimePhysXCooking.dll (API version 0).
LogModuleManager: Display: Found up-to-date module file ../../../Engine/Plugins/Runtime/Steam/SteamVR/Binaries/Win64/UE4Editor-SteamVR.dll (API version 0).
LogModuleManager: Display: Found up-to-date module file ../../../Engine/Plugins/Runtime/Steam/SteamVR/Binaries/Win64/UE4Editor-SteamVRController.dll (API version 0).
LogModuleManager: Display: Found up-to-date module file ../../../Engine/Plugins/Runtime/WindowsMoviePlayer/Binaries/Win64/UE4Editor-WindowsMoviePlayer.dll (API version 0).
LogPluginManager: Mounting plugin Paper2D
LogPluginManager: Mounting plugin LightPropagationVolume
LogPluginManager: Mounting plugin CodeLiteSourceCodeAccess
LogPluginManager: Mounting plugin GitSourceControl
LogPluginManager: Mounting plugin KDevelopSourceCodeAccess
LogPluginManager: Mounting plugin NullSourceCodeAccess
LogPluginManager: Mounting plugin PerforceSourceControl
LogPluginManager: Mounting plugin SubversionSourceControl
LogPluginManager: Mounting plugin UObjectPlugin
LogPluginManager: Mounting plugin VisualStudioCodeSourceCodeAccess
LogPluginManager: Mounting plugin VisualStudioSourceCodeAccess
LogPluginManager: Mounting plugin XCodeSourceCodeAccess
LogPluginManager: Mounting plugin AssetManagerEditor
LogPluginManager: Mounting plugin AudioCapture
LogPluginManager: Mounting plugin FacialAnimation
LogPluginManager: Mounting plugin GameplayTagsEditor
LogPluginManager: Mounting plugin MobileLauncherProfileWizard
LogPluginManager: Mounting plugin PluginBrowser
LogPluginManager: Mounting plugin SpeedTreeImporter
LogPluginManager: Mounting plugin AlembicImporter
LogPluginManager: Mounting plugin CharacterAI
LogPluginManager: Mounting plugin HTML5Networking
LogPluginManager: Mounting plugin AndroidMedia
LogPluginManager: Mounting plugin AvfMedia
LogPluginManager: Mounting plugin ImgMedia
LogPluginManager: Mounting plugin MediaCompositing
LogPluginManager: Mounting plugin MediaPlayerEditor
LogPluginManager: Mounting plugin WmfMedia
LogPluginManager: Mounting plugin TcpMessaging
LogPluginManager: Mounting plugin UdpMessaging
LogPluginManager: Mounting plugin ActorSequence
LogPluginManager: Mounting plugin LevelSequenceEditor
LogPluginManager: Mounting plugin MatineeToLevelSequence
LogPluginManager: Mounting plugin OnlineSubsystemGooglePlay
LogPluginManager: Mounting plugin OnlineSubsystemIOS
LogPluginManager: Mounting plugin OnlineSubsystem
LogPluginManager: Mounting plugin OnlineSubsystemNull
LogPluginManager: Mounting plugin OnlineSubsystemUtils
LogPluginManager: Mounting plugin AndroidDeviceProfileSelector
LogPluginManager: Mounting plugin AndroidMoviePlayer
LogPluginManager: Mounting plugin AndroidPermission
LogPluginManager: Mounting plugin AppleARKit
LogPluginManager: Mounting plugin AppleMoviePlayer
LogPluginManager: Mounting plugin ArchVisCharacter
LogPluginManager: Mounting plugin CableComponent
LogPluginManager: Mounting plugin CustomMeshComponent
LogPluginManager: Mounting plugin ExampleDeviceProfileSelector
LogPluginManager: Mounting plugin GoogleCloudMessaging
LogPluginManager: Mounting plugin ImmediatePhysics
LogPluginManager: Mounting plugin IOSDeviceProfileSelector
LogPluginManager: Mounting plugin LinuxDeviceProfileSelector
LogPluginManager: Mounting plugin LocationServicesBPLibrary
LogPluginManager: Mounting plugin MobilePatchingUtils
LogPluginManager: Mounting plugin OculusVR
LogPluginManager: Plugin shader directory ../../../Engine/Plugins/Runtime/Oculus/OculusVR/Shaders found
LogPluginManager: Mapping shader source directory ../../../Engine/Plugins/Runtime/Oculus/OculusVR/Shaders to virtual directory /Plugin/OculusVR
LogPluginManager: Mounting plugin PhysXVehicles
LogPluginManager: Mounting plugin ProceduralMeshComponent
LogPluginManager: Mounting plugin RuntimePhysXCooking
LogPluginManager: Mounting plugin SteamVR
LogPluginManager: Mounting plugin WindowsMoviePlayer
LogInit: Using libcurl 7.47.1
LogInit:  - built for x86_64-pc-win32
LogInit:  - supports SSL with OpenSSL/1.0.2g
LogInit:  - supports HTTP deflate (compression) using libz 1.2.8
LogInit:  - other features:
LogInit:      CURL_VERSION_SSL
LogInit:      CURL_VERSION_LIBZ
LogInit:      CURL_VERSION_IPV6
LogInit:      CURL_VERSION_ASYNCHDNS
LogInit:      CURL_VERSION_LARGEFILE
LogInit:      CURL_VERSION_IDN
LogInit:  CurlRequestOptions (configurable via config and command line):
LogInit:  - bVerifyPeer = false  - Libcurl will NOT verify peer certificate
LogInit:  - bUseHttpProxy = false  - Libcurl will NOT use HTTP proxy
LogInit:  - bDontReuseConnections = false  - Libcurl will reuse connections
LogInit:  - CertBundlePath = nullptr  - Libcurl will use whatever was configured at build time.
LogInit: Build: ++UE4+Release-4.18-CL-0
LogInit: Engine Version: 4.18.2-0+++UE4+Release-4.18
LogInit: Compatible Engine Version: 4.18.0-0+++UE4+Release-4.18
LogInit: Net CL: 0
LogDevObjectVersion: Number of dev versions registered: 16
LogDevObjectVersion:   Dev-Blueprints (B0D832E4-1F89-4F0D-ACCF-7EB736FD4AA2): 10
LogDevObjectVersion:   Dev-Build (E1C64328-A22C-4D53-A36C-8E866417BD8C): 0
LogDevObjectVersion:   Dev-Core (375EC13C-06E4-48FB-B500-84F0262A717E): 2
LogDevObjectVersion:   Dev-Editor (E4B068ED-F494-42E9-A231-DA0B2E46BB41): 20
LogDevObjectVersion:   Dev-Framework (CFFC743F-43B0-4480-9391-14DF171D2073): 30
LogDevObjectVersion:   Dev-Mobile (B02B49B5-BB20-44E9-A304-32B752E40360): 0
LogDevObjectVersion:   Dev-Networking (A4E4105C-59A1-49B5-A7C5-40C4547EDFEE): 0
LogDevObjectVersion:   Dev-Online (39C831C9-5AE6-47DC-9A44-9C173E1C8E7C): 0
LogDevObjectVersion:   Dev-Physics (78F01B33-EBEA-4F98-B9B4-84EACCB95AA2): 0
LogDevObjectVersion:   Dev-Platform (6631380F-2D4D-43E0-8009-CF276956A95A): 0
LogDevObjectVersion:   Dev-Rendering (12F88B9F-8875-4AFC-A67C-D90C383ABD29): 20
LogDevObjectVersion:   Dev-Sequencer (7B5AE74C-D270-4C10-A958-57980B212A5A): 4
LogDevObjectVersion:   Dev-VR (D7296918-1DD6-4BDD-9DE2-64A83CC13884): 0
LogDevObjectVersion:   Dev-LoadTimes (C2A15278-BFE7-4AFE-6C17-90FF531DF755): 1
LogDevObjectVersion:   Private-Geometry (6EACA3D4-40EC-4CC1-B786-8BED09428FC5): 1
LogDevObjectVersion:   Dev-AnimPhys (29E575DD-E0A3-4627-9D10-D276232CDCEA): 12
LogInit: Compiled (64-bit): Feb 12 2018 21:33:51
LogInit: Compiled with Visual C++: 19.11.25547.00
LogInit: Build Configuration: Development
LogInit: Branch Name: ++UE4+Release-4.18
LogInit: Command line: 
LogInit: Base directory: C:/Users/Patrique/Desktop/MICROSOFT_UWP_UNREAL-release_uwp/Engine/Binaries/Win64/
LogInit: Installed Engine Build: 0
LogInit: Presizing for max 8388607 objects, including 0 objects not considered by GC, pre-allocating 0 bytes for permanent pool.
LogInit: Object subsystem initialized
[2018.03.04-01.47.18:780][  0]LogInit: Selected Device Profile: [Windows]
[2018.03.04-01.47.18:780][  0]LogInit: Applying CVar settings loaded from the selected device profile: [Windows]
[2018.03.04-01.47.18:786][  0]LogInit: Computer: PAT-DESKTOP
[2018.03.04-01.47.18:786][  0]LogInit: User: Patrique
[2018.03.04-01.47.18:786][  0]LogInit: CPU Page size=4096, Cores=4
[2018.03.04-01.47.18:786][  0]LogInit: High frequency timer resolution =3.903990 MHz
[2018.03.04-01.47.18:786][  0]LogMemory: Memory total: Physical=15.9GB (16GB approx)
[2018.03.04-01.47.18:786][  0]LogMemory: Platform Memory Stats for Windows
[2018.03.04-01.47.18:786][  0]LogMemory: Process Physical Memory: 272.29 MB used, 272.29 MB peak
[2018.03.04-01.47.18:786][  0]LogMemory: Process Virtual Memory: 271.40 MB used, 271.40 MB peak
[2018.03.04-01.47.18:786][  0]LogMemory: Physical Memory: 6271.02 MB used,  10055.64 MB free, 16326.66 MB total
[2018.03.04-01.47.18:786][  0]LogMemory: Virtual Memory: 682.99 MB used,  10055.64 MB free, 134217728.00 MB total
[2018.03.04-01.47.18:931][  0]LogInit: Using OS detected language (en-US).
[2018.03.04-01.47.18:931][  0]LogInit: Using OS detected locale (en-CA).
[2018.03.04-01.47.18:934][  0]LogTextLocalizationManager: No specific localization for 'en-US' exists, so the 'en' localization will be used.
[2018.03.04-01.47.19:274][  0]LogInit: Setting process to per monitor DPI aware
[2018.03.04-01.47.19:503][  0]LogD3D11RHI: D3D11 adapters:
[2018.03.04-01.47.19:546][  0]LogD3D11RHI:    0. 'NVIDIA GeForce GTX 970' (Feature Level 11_0)
[2018.03.04-01.47.19:546][  0]LogD3D11RHI:       4043/0/8163 MB DedicatedVideo/DedicatedSystem/SharedSystem, Outputs:2, VendorId:0x10de
[2018.03.04-01.47.19:549][  0]LogD3D11RHI:    1. 'Microsoft Basic Render Driver' (Feature Level 11_0)
[2018.03.04-01.47.19:549][  0]LogD3D11RHI:       0/0/8163 MB DedicatedVideo/DedicatedSystem/SharedSystem, Outputs:0, VendorId:0x1414
[2018.03.04-01.47.19:549][  0]LogD3D11RHI: Chosen D3D11 Adapter: 0
[2018.03.04-01.47.19:554][  0]LogD3D11RHI: Creating new Direct3DDevice
[2018.03.04-01.47.19:554][  0]LogD3D11RHI:     GPU DeviceId: 0x13c2 (for the marketing name, search the web for "GPU Device Id")
[2018.03.04-01.47.19:554][  0]LogWindows: EnumDisplayDevices:
[2018.03.04-01.47.19:554][  0]LogWindows:    0. 'NVIDIA GeForce GTX 970' (P:1 D:1)
[2018.03.04-01.47.19:554][  0]LogWindows:    1. 'NVIDIA GeForce GTX 970' (P:0 D:1)
[2018.03.04-01.47.19:554][  0]LogWindows:    2. 'NVIDIA GeForce GTX 970' (P:0 D:0)
[2018.03.04-01.47.19:554][  0]LogWindows:    3. 'NVIDIA GeForce GTX 970' (P:0 D:0)
[2018.03.04-01.47.19:554][  0]LogWindows: DebugString: GetVideoDriverDetailsInvalid PrimaryIsNotTheChoosenAdapter GetVideoDriverDetailsInvalid PrimaryIsNotTheChoosenAdapter GetVideoDriverDetailsInvalid PrimaryIsNotTheChoosenAdapter GetVideoDriverDetailsInvalid PrimaryIsNotTheChoosenAdapter FoundDriverCount:0 
[2018.03.04-01.47.19:554][  0]LogD3D11RHI:     Adapter Name: NVIDIA GeForce GTX 970
[2018.03.04-01.47.19:554][  0]LogD3D11RHI:   Driver Version: Unknown (internal:Unknown, unified:Unknown)
[2018.03.04-01.47.19:554][  0]LogD3D11RHI:      Driver Date: Unknown
[2018.03.04-01.47.19:554][  0]LogRHI: Texture pool is 2830 MB (70% of 4043 MB)
[2018.03.04-01.47.19:576][  0]LogD3D11RHI: Async texture creation enabled
[2018.03.04-01.47.19:592][  0]LogD3D11RHI: GPU Timing Frequency: 1000.000000 (Debug: 2 2)
[2018.03.04-01.47.19:680][  0]LogShaderCompilers: Guid format shader working directory is 3 characters bigger than the processId version (../../../../../Documents/GitHub/QuickFixGarage/Intermediate/Shaders/WorkingDirectory/9316/).
[2018.03.04-01.47.19:680][  0]LogShaderCompilers: Cleaned the shader compiler working directory 'C:/Users/Patrique/AppData/Local/Temp/UnrealShaderWorkingDir/35D065714C281481CC27288DF0F4FFE5/'.
[2018.03.04-01.47.19:680][  0]LogShaderCompilers: Display: Using Local Shader Compiler.
[2018.03.04-01.47.20:477][  0]LogTemp: Display: Loaded TP AllDesktopTargetPlatform
[2018.03.04-01.47.20:524][  0]LogTemp: Display: Loaded TP MacClientTargetPlatform
[2018.03.04-01.47.20:574][  0]LogTemp: Display: Loaded TP MacNoEditorTargetPlatform
[2018.03.04-01.47.20:620][  0]LogTemp: Display: Loaded TP MacServerTargetPlatform
[2018.03.04-01.47.20:667][  0]LogTemp: Display: Loaded TP MacTargetPlatform
[2018.03.04-01.47.20:746][  0]LogTemp: Display: Loaded TP UWP32TargetPlatform
[2018.03.04-01.47.20:791][  0]LogTemp: Display: Loaded TP UWPTargetPlatform
[2018.03.04-01.47.20:837][  0]LogTemp: Display: Loaded TP WindowsClientTargetPlatform
[2018.03.04-01.47.20:883][  0]LogTemp: Display: Loaded TP WindowsNoEditorTargetPlatform
[2018.03.04-01.47.20:932][  0]LogTemp: Display: Loaded TP WindowsServerTargetPlatform
[2018.03.04-01.47.20:974][  0]LogTemp: Display: Loaded TP WindowsTargetPlatform
[2018.03.04-01.47.21:019][  0]LogTemp: Display: Loaded TP Android_ASTCTargetPlatform
[2018.03.04-01.47.21:064][  0]LogTemp: Display: Loaded TP Android_ATCTargetPlatform
[2018.03.04-01.47.21:109][  0]LogTemp: Display: Loaded TP Android_DXTTargetPlatform
[2018.03.04-01.47.21:155][  0]LogTemp: Display: Loaded TP Android_ETC1TargetPlatform
[2018.03.04-01.47.21:200][  0]LogTemp: Display: Loaded TP Android_ETC2TargetPlatform
[2018.03.04-01.47.21:290][  0]LogTemp: Display: Loaded TP Android_MultiTargetPlatform
[2018.03.04-01.47.21:290][  0]LogTemp: Display: Loaded TP Android_PVRTCTargetPlatform
[2018.03.04-01.47.21:335][  0]LogTemp: Display: Loaded TP AndroidTargetPlatform
[2018.03.04-01.47.21:373][  0]LogTemp: Display: Loaded TP HTML5TargetPlatform
[2018.03.04-01.47.21:456][  0]LogTemp: Display: Loaded TP IOSTargetPlatform
[2018.03.04-01.47.21:479][  0]LogTemp: Display: Loaded TP TVOSTargetPlatform
[2018.03.04-01.47.21:479][  0]LogTargetPlatformManager: Display: Building Assets For Windows
[2018.03.04-01.47.21:955][  0]LogDerivedDataCache: Display: Max Cache Size: 512 MB
[2018.03.04-01.47.22:022][  0]LogDerivedDataCache: Loaded boot cache 0.07s 78MB ../../../../../Documents/GitHub/QuickFixGarage/DerivedDataCache/Boot.ddc.
[2018.03.04-01.47.22:022][  0]LogDerivedDataCache: Display: Loaded Boot cache: ../../../../../Documents/GitHub/QuickFixGarage/DerivedDataCache/Boot.ddc
[2018.03.04-01.47.22:022][  0]LogDerivedDataCache: FDerivedDataBackendGraph:  Pak pak cache file ../../../../../Documents/GitHub/QuickFixGarage/DerivedDataCache/DDC.ddp not found, will not use a pak cache.
[2018.03.04-01.47.22:022][  0]LogDerivedDataCache: Unable to find inner node Pak for hierarchical cache Hierarchy.
[2018.03.04-01.47.22:023][  0]LogDerivedDataCache: FDerivedDataBackendGraph:  EnginePak pak cache file ../../../Engine/DerivedDataCache/DDC.ddp not found, will not use a pak cache.
[2018.03.04-01.47.22:023][  0]LogDerivedDataCache: Unable to find inner node EnginePak for hierarchical cache Hierarchy.
[2018.03.04-01.47.22:035][  0]LogDerivedDataCache: Using Local data cache path ../../../Engine/DerivedDataCache: Writable
[2018.03.04-01.47.22:035][  0]LogDerivedDataCache: Shared data cache path not found in *engine.ini, will not use an Shared cache.
[2018.03.04-01.47.22:035][  0]LogDerivedDataCache: Unable to find inner node Shared for hierarchical cache Hierarchy.
[2018.03.04-01.47.22:044][  0]LogMaterial: Verifying Global Shaders for PCD3D_SM5
[2018.03.04-01.47.22:045][  0]LogSlate: Using Freetype 2.6.0
[2018.03.04-01.47.22:045][  0]LogSlate: SlateFontCache - WITH_FREETYPE: 1, WITH_HARFBUZZ: 1
[2018.03.04-01.47.22:045][  0]LogSlate: SlateFontCache - WITH_FREETYPE: 1, WITH_HARFBUZZ: 1
[2018.03.04-01.47.22:337][  0]LogInit: Selected Device Profile: [Windows]
[2018.03.04-01.47.22:608][  0]LogMeshReduction: Using QuadricMeshReduction for automatic static mesh reduction
[2018.03.04-01.47.22:608][  0]LogMeshReduction: No automatic skeletal mesh reduction module available
[2018.03.04-01.47.22:608][  0]LogMeshReduction: No automatic mesh merging module available
[2018.03.04-01.47.22:608][  0]LogMeshReduction: No distributed automatic mesh merging module available
[2018.03.04-01.47.22:608][  0]LogMeshMerging: No automatic mesh merging module available
[2018.03.04-01.47.22:608][  0]LogMeshMerging: No distributed automatic mesh merging module available
[2018.03.04-01.47.22:636][  0]LogNetVersion: QuickFixGarage , NetCL: 0, EngineNetVer: 2, GameNetVer: 0 (Checksum: 109594481)
[2018.03.04-01.47.22:780][  0]LogAssetRegistry: FAssetRegistry took 0.0244 seconds to start up
[2018.03.04-01.47.23:254][  0]LogPackageLocalizationCache: Processed 7 localized package path(s) for 2 prioritized culture(s) in 0.058115 seconds
[2018.03.04-01.47.23:259][  0]LogUObjectArray: 35857 objects as part of root set at end of initial load.
[2018.03.04-01.47.23:259][  0]LogUObjectAllocator: 7365032 out of 0 bytes used by permanent object pool.
[2018.03.04-01.47.23:259][  0]LogUObjectArray: CloseDisregardForGC: 0/0 objects in disregard for GC pool
[2018.03.04-01.47.23:320][  0]LogInit: WinSock: version 1.1 (2.2), MaxSocks=32767, MaxUdp=65467
[2018.03.04-01.47.23:929][  0]LogStreaming: Warning: Failed to read file '../../../Engine/Content/Editor/Slate/Launcher/Mac/Platform_Mac_24x.png' error.
[2018.03.04-01.47.23:929][  0]LogSlate: Could not find file for Slate resource: ../../../Engine/Content/Editor/Slate/Launcher/Mac/Platform_Mac_24x.png
[2018.03.04-01.47.23:929][  0]LogStreaming: Warning: Failed to read file '../../../Engine/Content/Editor/Slate/Launcher/Mac/Platform_Mac_128x.png' error.
[2018.03.04-01.47.23:929][  0]LogSlate: Could not find file for Slate resource: ../../../Engine/Content/Editor/Slate/Launcher/Mac/Platform_Mac_128x.png
[2018.03.04-01.47.23:929][  0]LogStreaming: Warning: Failed to read file '../../../Engine/Content/Editor/Slate/Launcher/Mac/Platform_Mac_128x.png' error.
[2018.03.04-01.47.23:929][  0]LogSlate: Could not find file for Slate resource: ../../../Engine/Content/Editor/Slate/Launcher/Mac/Platform_Mac_128x.png
[2018.03.04-01.47.23:929][  0]LogStreaming: Warning: Failed to read file '../../../Engine/Content/Editor/Slate/Launcher/Mac/Platform_Mac_24x.png' error.
[2018.03.04-01.47.23:929][  0]LogSlate: Could not find file for Slate resource: ../../../Engine/Content/Editor/Slate/Launcher/Mac/Platform_Mac_24x.png
[2018.03.04-01.47.23:929][  0]LogStreaming: Warning: Failed to read file '../../../Engine/Content/Editor/Slate/Launcher/Mac/Platform_Mac_128x.png' error.
[2018.03.04-01.47.23:929][  0]LogSlate: Could not find file for Slate resource: ../../../Engine/Content/Editor/Slate/Launcher/Mac/Platform_Mac_128x.png
[2018.03.04-01.47.23:929][  0]LogStreaming: Warning: Failed to read file '../../../Engine/Content/Editor/Slate/Launcher/Mac/Platform_Mac_128x.png' error.
[2018.03.04-01.47.23:929][  0]LogSlate: Could not find file for Slate resource: ../../../Engine/Content/Editor/Slate/Launcher/Mac/Platform_Mac_128x.png
[2018.03.04-01.47.23:929][  0]LogStreaming: Warning: Failed to read file '../../../Engine/Content/Editor/Slate/Launcher/Mac/Platform_Mac_24x.png' error.
[2018.03.04-01.47.23:929][  0]LogSlate: Could not find file for Slate resource: ../../../Engine/Content/Editor/Slate/Launcher/Mac/Platform_Mac_24x.png
[2018.03.04-01.47.23:929][  0]LogStreaming: Warning: Failed to read file '../../../Engine/Content/Editor/Slate/Launcher/Mac/Platform_Mac_128x.png' error.
[2018.03.04-01.47.23:929][  0]LogSlate: Could not find file for Slate resource: ../../../Engine/Content/Editor/Slate/Launcher/Mac/Platform_Mac_128x.png
[2018.03.04-01.47.23:929][  0]LogStreaming: Warning: Failed to read file '../../../Engine/Content/Editor/Slate/Launcher/Mac/Platform_Mac_128x.png' error.
[2018.03.04-01.47.23:929][  0]LogSlate: Could not find file for Slate resource: ../../../Engine/Content/Editor/Slate/Launcher/Mac/Platform_Mac_128x.png
[2018.03.04-01.47.23:929][  0]LogStreaming: Warning: Failed to read file '../../../Engine/Content/Editor/Slate/Launcher/Mac/Platform_Mac_24x.png' error.
[2018.03.04-01.47.23:930][  0]LogSlate: Could not find file for Slate resource: ../../../Engine/Content/Editor/Slate/Launcher/Mac/Platform_Mac_24x.png
[2018.03.04-01.47.23:930][  0]LogStreaming: Warning: Failed to read file '../../../Engine/Content/Editor/Slate/Launcher/Mac/Platform_Mac_128x.png' error.
[2018.03.04-01.47.23:930][  0]LogSlate: Could not find file for Slate resource: ../../../Engine/Content/Editor/Slate/Launcher/Mac/Platform_Mac_128x.png
[2018.03.04-01.47.23:930][  0]LogStreaming: Warning: Failed to read file '../../../Engine/Content/Editor/Slate/Launcher/Mac/Platform_Mac_128x.png' error.
[2018.03.04-01.47.23:930][  0]LogSlate: Could not find file for Slate resource: ../../../Engine/Content/Editor/Slate/Launcher/Mac/Platform_Mac_128x.png
[2018.03.04-01.47.23:930][  0]LogStreaming: Warning: Failed to read file '../../../Engine/Content/Editor/Slate/Launcher/Linux/Platform_Linux_24x.png' error.
[2018.03.04-01.47.23:930][  0]LogSlate: Could not find file for Slate resource: ../../../Engine/Content/Editor/Slate/Launcher/Linux/Platform_Linux_24x.png
[2018.03.04-01.47.23:930][  0]LogStreaming: Warning: Failed to read file '../../../Engine/Content/Editor/Slate/Launcher/Linux/Platform_Linux_128x.png' error.
[2018.03.04-01.47.23:930][  0]LogSlate: Could not find file for Slate resource: ../../../Engine/Content/Editor/Slate/Launcher/Linux/Platform_Linux_128x.png
[2018.03.04-01.47.23:930][  0]LogStreaming: Warning: Failed to read file '../../../Engine/Content/Editor/Slate/Launcher/Linux/Platform_Linux_128x.png' error.
[2018.03.04-01.47.23:930][  0]LogSlate: Could not find file for Slate resource: ../../../Engine/Content/Editor/Slate/Launcher/Linux/Platform_Linux_128x.png
[2018.03.04-01.47.23:930][  0]LogStreaming: Warning: Failed to read file '../../../Engine/Content/Editor/Slate/Launcher/Linux/Platform_Linux_24x.png' error.
[2018.03.04-01.47.23:930][  0]LogSlate: Could not find file for Slate resource: ../../../Engine/Content/Editor/Slate/Launcher/Linux/Platform_Linux_24x.png
[2018.03.04-01.47.23:930][  0]LogStreaming: Warning: Failed to read file '../../../Engine/Content/Editor/Slate/Launcher/Linux/Platform_Linux_128x.png' error.
[2018.03.04-01.47.23:930][  0]LogSlate: Could not find file for Slate resource: ../../../Engine/Content/Editor/Slate/Launcher/Linux/Platform_Linux_128x.png
[2018.03.04-01.47.23:930][  0]LogStreaming: Warning: Failed to read file '../../../Engine/Content/Editor/Slate/Launcher/Linux/Platform_Linux_128x.png' error.
[2018.03.04-01.47.23:930][  0]LogSlate: Could not find file for Slate resource: ../../../Engine/Content/Editor/Slate/Launcher/Linux/Platform_Linux_128x.png
[2018.03.04-01.47.23:930][  0]LogStreaming: Warning: Failed to read file '../../../Engine/Content/Editor/Slate/Launcher/Linux/Platform_Linux_24x.png' error.
[2018.03.04-01.47.23:930][  0]LogSlate: Could not find file for Slate resource: ../../../Engine/Content/Editor/Slate/Launcher/Linux/Platform_Linux_24x.png
[2018.03.04-01.47.23:930][  0]LogStreaming: Warning: Failed to read file '../../../Engine/Content/Editor/Slate/Launcher/Linux/Platform_Linux_128x.png' error.
[2018.03.04-01.47.23:930][  0]LogSlate: Could not find file for Slate resource: ../../../Engine/Content/Editor/Slate/Launcher/Linux/Platform_Linux_128x.png
[2018.03.04-01.47.23:930][  0]LogStreaming: Warning: Failed to read file '../../../Engine/Content/Editor/Slate/Launcher/Linux/Platform_Linux_128x.png' error.
[2018.03.04-01.47.23:930][  0]LogSlate: Could not find file for Slate resource: ../../../Engine/Content/Editor/Slate/Launcher/Linux/Platform_Linux_128x.png
[2018.03.04-01.47.23:930][  0]LogStreaming: Warning: Failed to read file '../../../Engine/Content/Editor/Slate/Launcher/Linux/Platform_Linux_24x.png' error.
[2018.03.04-01.47.23:930][  0]LogSlate: Could not find file for Slate resource: ../../../Engine/Content/Editor/Slate/Launcher/Linux/Platform_Linux_24x.png
[2018.03.04-01.47.23:930][  0]LogStreaming: Warning: Failed to read file '../../../Engine/Content/Editor/Slate/Launcher/Linux/Platform_Linux_128x.png' error.
[2018.03.04-01.47.23:930][  0]LogSlate: Could not find file for Slate resource: ../../../Engine/Content/Editor/Slate/Launcher/Linux/Platform_Linux_128x.png
[2018.03.04-01.47.23:930][  0]LogStreaming: Warning: Failed to read file '../../../Engine/Content/Editor/Slate/Launcher/Linux/Platform_Linux_128x.png' error.
[2018.03.04-01.47.23:930][  0]LogSlate: Could not find file for Slate resource: ../../../Engine/Content/Editor/Slate/Launcher/Linux/Platform_Linux_128x.png
[2018.03.04-01.47.23:931][  0]LogStreaming: Warning: Failed to read file '../../../Engine/Content/Editor/Slate/Launcher/Android/Platform_Android_24x.png' error.
[2018.03.04-01.47.23:931][  0]LogSlate: Could not find file for Slate resource: ../../../Engine/Content/Editor/Slate/Launcher/Android/Platform_Android_24x.png
[2018.03.04-01.47.23:931][  0]LogStreaming: Warning: Failed to read file '../../../Engine/Content/Editor/Slate/Launcher/Android/Platform_Android_128x.png' error.
[2018.03.04-01.47.23:931][  0]LogSlate: Could not find file for Slate resource: ../../../Engine/Content/Editor/Slate/Launcher/Android/Platform_Android_128x.png
[2018.03.04-01.47.23:931][  0]LogStreaming: Warning: Failed to read file '../../../Engine/Content/Editor/Slate/Launcher/Android/Platform_Android_128x.png' error.
[2018.03.04-01.47.23:931][  0]LogSlate: Could not find file for Slate resource: ../../../Engine/Content/Editor/Slate/Launcher/Android/Platform_Android_128x.png
[2018.03.04-01.47.23:931][  0]LogStreaming: Warning: Failed to read file '../../../Engine/Content/Editor/Slate/Launcher/Android/Platform_Android_24x.png' error.
[2018.03.04-01.47.23:931][  0]LogSlate: Could not find file for Slate resource: ../../../Engine/Content/Editor/Slate/Launcher/Android/Platform_Android_24x.png
[2018.03.04-01.47.23:931][  0]LogStreaming: Warning: Failed to read file '../../../Engine/Content/Editor/Slate/Launcher/Android/Platform_Android_128x.png' error.
[2018.03.04-01.47.23:931][  0]LogSlate: Could not find file for Slate resource: ../../../Engine/Content/Editor/Slate/Launcher/Android/Platform_Android_128x.png
[2018.03.04-01.47.23:931][  0]LogStreaming: Warning: Failed to read file '../../../Engine/Content/Editor/Slate/Launcher/Android/Platform_Android_128x.png' error.
[2018.03.04-01.47.23:931][  0]LogSlate: Could not find file for Slate resource: ../../../Engine/Content/Editor/Slate/Launcher/Android/Platform_Android_128x.png
[2018.03.04-01.47.23:931][  0]LogStreaming: Warning: Failed to read file '../../../Engine/Content/Editor/Slate/Launcher/Android/Platform_Android_ATC_24x.png' error.
[2018.03.04-01.47.23:931][  0]LogSlate: Could not find file for Slate resource: ../../../Engine/Content/Editor/Slate/Launcher/Android/Platform_Android_ATC_24x.png
[2018.03.04-01.47.23:931][  0]LogStreaming: Warning: Failed to read file '../../../Engine/Content/Editor/Slate/Launcher/Android/Platform_Android_128x.png' error.
[2018.03.04-01.47.23:931][  0]LogSlate: Could not find file for Slate resource: ../../../Engine/Content/Editor/Slate/Launcher/Android/Platform_Android_128x.png
[2018.03.04-01.47.23:931][  0]LogStreaming: Warning: Failed to read file '../../../Engine/Content/Editor/Slate/Launcher/Android/Platform_Android_128x.png' error.
[2018.03.04-01.47.23:931][  0]LogSlate: Could not find file for Slate resource: ../../../Engine/Content/Editor/Slate/Launcher/Android/Platform_Android_128x.png
[2018.03.04-01.47.23:931][  0]LogStreaming: Warning: Failed to read file '../../../Engine/Content/Editor/Slate/Launcher/Android/Platform_Android_DXT_24x.png' error.
[2018.03.04-01.47.23:931][  0]LogSlate: Could not find file for Slate resource: ../../../Engine/Content/Editor/Slate/Launcher/Android/Platform_Android_DXT_24x.png
[2018.03.04-01.47.23:931][  0]LogStreaming: Warning: Failed to read file '../../../Engine/Content/Editor/Slate/Launcher/Android/Platform_Android_128x.png' error.
[2018.03.04-01.47.23:931][  0]LogSlate: Could not find file for Slate resource: ../../../Engine/Content/Editor/Slate/Launcher/Android/Platform_Android_128x.png
[2018.03.04-01.47.23:931][  0]LogStreaming: Warning: Failed to read file '../../../Engine/Content/Editor/Slate/Launcher/Android/Platform_Android_128x.png' error.
[2018.03.04-01.47.23:931][  0]LogSlate: Could not find file for Slate resource: ../../../Engine/Content/Editor/Slate/Launcher/Android/Platform_Android_128x.png
[2018.03.04-01.47.23:931][  0]LogStreaming: Warning: Failed to read file '../../../Engine/Content/Editor/Slate/Launcher/Android/Platform_Android_ETC1_24x.png' error.
[2018.03.04-01.47.23:931][  0]LogSlate: Could not find file for Slate resource: ../../../Engine/Content/Editor/Slate/Launcher/Android/Platform_Android_ETC1_24x.png
[2018.03.04-01.47.23:931][  0]LogStreaming: Warning: Failed to read file '../../../Engine/Content/Editor/Slate/Launcher/Android/Platform_Android_128x.png' error.
[2018.03.04-01.47.23:931][  0]LogSlate: Could not find file for Slate resource: ../../../Engine/Content/Editor/Slate/Launcher/Android/Platform_Android_128x.png
[2018.03.04-01.47.23:931][  0]LogStreaming: Warning: Failed to read file '../../../Engine/Content/Editor/Slate/Launcher/Android/Platform_Android_128x.png' error.
[2018.03.04-01.47.23:931][  0]LogSlate: Could not find file for Slate resource: ../../../Engine/Content/Editor/Slate/Launcher/Android/Platform_Android_128x.png
[2018.03.04-01.47.23:931][  0]LogStreaming: Warning: Failed to read file '../../../Engine/Content/Editor/Slate/Launcher/Android/Platform_Android_ETC2_24x.png' error.
[2018.03.04-01.47.23:931][  0]LogSlate: Could not find file for Slate resource: ../../../Engine/Content/Editor/Slate/Launcher/Android/Platform_Android_ETC2_24x.png
[2018.03.04-01.47.23:931][  0]LogStreaming: Warning: Failed to read file '../../../Engine/Content/Editor/Slate/Launcher/Android/Platform_Android_128x.png' error.
[2018.03.04-01.47.23:931][  0]LogSlate: Could not find file for Slate resource: ../../../Engine/Content/Editor/Slate/Launcher/Android/Platform_Android_128x.png
[2018.03.04-01.47.23:931][  0]LogStreaming: Warning: Failed to read file '../../../Engine/Content/Editor/Slate/Launcher/Android/Platform_Android_128x.png' error.
[2018.03.04-01.47.23:931][  0]LogSlate: Could not find file for Slate resource: ../../../Engine/Content/Editor/Slate/Launcher/Android/Platform_Android_128x.png
[2018.03.04-01.47.23:931][  0]LogStreaming: Warning: Failed to read file '../../../Engine/Content/Editor/Slate/Launcher/Android/Platform_Android_PVRTC_24x.png' error.
[2018.03.04-01.47.23:931][  0]LogSlate: Could not find file for Slate resource: ../../../Engine/Content/Editor/Slate/Launcher/Android/Platform_Android_PVRTC_24x.png
[2018.03.04-01.47.23:931][  0]LogStreaming: Warning: Failed to read file '../../../Engine/Content/Editor/Slate/Launcher/Android/Platform_Android_128x.png' error.
[2018.03.04-01.47.23:931][  0]LogSlate: Could not find file for Slate resource: ../../../Engine/Content/Editor/Slate/Launcher/Android/Platform_Android_128x.png
[2018.03.04-01.47.23:931][  0]LogStreaming: Warning: Failed to read file '../../../Engine/Content/Editor/Slate/Launcher/Android/Platform_Android_128x.png' error.
[2018.03.04-01.47.23:932][  0]LogSlate: Could not find file for Slate resource: ../../../Engine/Content/Editor/Slate/Launcher/Android/Platform_Android_128x.png
[2018.03.04-01.47.23:932][  0]LogStreaming: Warning: Failed to read file '../../../Engine/Content/Editor/Slate/Launcher/Android/Platform_Android_ASTC_24x.png' error.
[2018.03.04-01.47.23:932][  0]LogSlate: Could not find file for Slate resource: ../../../Engine/Content/Editor/Slate/Launcher/Android/Platform_Android_ASTC_24x.png
[2018.03.04-01.47.23:932][  0]LogStreaming: Warning: Failed to read file '../../../Engine/Content/Editor/Slate/Launcher/Android/Platform_Android_128x.png' error.
[2018.03.04-01.47.23:932][  0]LogSlate: Could not find file for Slate resource: ../../../Engine/Content/Editor/Slate/Launcher/Android/Platform_Android_128x.png
[2018.03.04-01.47.23:932][  0]LogStreaming: Warning: Failed to read file '../../../Engine/Content/Editor/Slate/Launcher/Android/Platform_Android_128x.png' error.
[2018.03.04-01.47.23:932][  0]LogSlate: Could not find file for Slate resource: ../../../Engine/Content/Editor/Slate/Launcher/Android/Platform_Android_128x.png
[2018.03.04-01.47.25:961][  0]LogTcpMessaging: Initializing TcpMessaging bridge
[2018.03.04-01.47.26:002][  0]LogUdpMessaging: Initializing bridge on interface 0.0.0.0:0 to multicast group 230.0.0.1:6666.
[2018.03.04-01.47.26:685][  0]LogMaterial: Uniform references updated for custom material expression Custom.
[2018.03.04-01.47.27:089][  0]SourceControl: Source control is disabled
[2018.03.04-01.47.27:089][  0]SourceControl: Source control is disabled
[2018.03.04-01.47.27:142][  0]SourceControl: Source control is disabled
[2018.03.04-01.47.27:194][  0]SourceControl: Source control is disabled
[2018.03.04-01.47.27:995][  0]LogAndroidPermission: UAndroidPermissionCallbackProxy::GetInstance
[2018.03.04-01.47.28:259][  0]LogOcInput: OculusInput pre-init called
[2018.03.04-01.47.28:513][  0]LogEngine: Initializing Engine...
[2018.03.04-01.47.28:515][  0]LogHMD: Failed to initialize OpenVR with code 110
[2018.03.04-01.47.28:696][  0]LogStats: UGameplayTagsManager::ConstructGameplayTagTree: Construct from data asset -  0.000 s
[2018.03.04-01.47.28:696][  0]LogStats: UGameplayTagsManager::ConstructGameplayTagTree: GameplayTagTreeChangedEvent.Broadcast -  0.000 s
[2018.03.04-01.47.28:818][  0]LogAIModule: Creating AISystem for world Untitled
[2018.03.04-01.47.28:839][  0]LogInit: FAudioDevice initialized.
[2018.03.04-01.47.28:972][  0]LogDerivedDataCache: Saved boot cache 0.13s 78MB ../../../../../Documents/GitHub/QuickFixGarage/DerivedDataCache/Boot.ddc.
[2018.03.04-01.47.29:000][  0]LogInit: Texture streaming: Enabled
[2018.03.04-01.47.29:108][  0]LogEngineSessionManager: EngineSessionManager initialized
[2018.03.04-01.47.29:234][  0]LogInit: Transaction tracking system initialized
[2018.03.04-01.47.29:536][  0]BlueprintLog: New page: Editor Load
[2018.03.04-01.47.30:433][  0]LocalizationService: Localization service is disabled
[2018.03.04-01.47.31:008][  0]LogLinker: Warning: Can't find file '/Game/ThirdPersonBP/ThirdPersonOverview'
[2018.03.04-01.47.31:008][  0]LogLinker: Warning: Can't find file '/Game/ThirdPersonBP/ThirdPersonOverview'
[2018.03.04-01.47.31:008][  0]LogUObjectGlobals: Warning: Failed to find object 'Class /Game/ThirdPersonBP/ThirdPersonOverview.ThirdPersonOverview_C'
[2018.03.04-01.47.31:218][  0]LogConsoleResponse: Display: 
[2018.03.04-01.47.31:370][  0]LogCook: Display: Max memory allowance for cook 16384mb min free memory 0mb
[2018.03.04-01.47.31:370][  0]LogCook: Display: Mobile HDR setting 1
[2018.03.04-01.47.31:370][  0]LogGameplayTags: Display: UGameplayTagsManager::DoneAddingNativeTags. DelegateIsBound: 0
[2018.03.04-01.47.32:176][  0]LogFileCache: Scanning file cache for directory 'C:/Users/Patrique/Documents/GitHub/QuickFixGarage/Content/' took 0.01s
[2018.03.04-01.47.32:530][  0]SourceControl: Source control is disabled
[2018.03.04-01.47.32:530][  0]Cmd: MAP LOAD FILE="../../../../../Documents/GitHub/QuickFixGarage/Content/Blueprints/Maps/Level_1.umap" TEMPLATE=0 SHOWPROGRESS=1 FEATURELEVEL=3
[2018.03.04-01.47.32:533][  0]LightingResults: New page: Lighting Build
[2018.03.04-01.47.32:573][  0]MapCheck: New page: Map Check
[2018.03.04-01.47.32:573][  0]LightingResults: New page: Lighting Build
[2018.03.04-01.47.32:956][  0]LogAIModule: Creating AISystem for world Level_1
[2018.03.04-01.47.32:962][  0]LogEditorServer: Finished looking for orphan Actors (0.000 secs)
[2018.03.04-01.47.32:972][  0]Cmd: MAP CHECKDEP NOCLEARLOG
[2018.03.04-01.47.33:025][  0]MapCheck: Map check complete: 0 Error(s), 0 Warning(s), took 52.765ms to complete.
[2018.03.04-01.47.33:025][  0]LogFileHelpers: Loading map 'Level_1' took 0.495
[2018.03.04-01.47.33:262][  0]LogCollectionManager: Loaded 0 collections in 0.001919 seconds
[2018.03.04-01.47.33:344][  0]LogFileCache: Scanning file cache for directory 'C:/Users/Patrique/Documents/GitHub/QuickFixGarage/Saved/Collections/' took 0.01s
[2018.03.04-01.47.33:344][  0]LogFileCache: Scanning file cache for directory 'C:/Users/Patrique/Documents/GitHub/QuickFixGarage/Content/Developers/Patrique/Collections/' took 0.01s
[2018.03.04-01.47.33:344][  0]LogFileCache: Scanning file cache for directory 'C:/Users/Patrique/Documents/GitHub/QuickFixGarage/Content/Collections/' took 0.01s
[2018.03.04-01.47.33:344][  0]LogCollectionManager: Rebuilt the GUID cache for 0 collections in 0.000001 seconds
[2018.03.04-01.47.33:353][  0]LogContentBrowser: Native class hierarchy populated in 0.0092 seconds. Added 2363 classes and 519 folders.
[2018.03.04-01.47.33:418][  0]LogContentBrowser: Native class hierarchy updated for 'WidgetCarousel' in 0.0002 seconds. Added 0 classes and 0 folders.
[2018.03.04-01.47.33:456][  0]LogContentBrowser: Native class hierarchy updated for 'AddContentDialog' in 0.0002 seconds. Added 0 classes and 0 folders.
[2018.03.04-01.47.33:499][  0]LogContentBrowser: Native class hierarchy updated for 'SceneOutliner' in 0.0002 seconds. Added 1 classes and 2 folders.
[2018.03.04-01.47.33:594][  0]LogSlate: Took 0.000227 seconds to synchronously load lazily loaded font '../../../Engine/Content/Slate/Fonts/Roboto-Regular.ttf' (155K)
[2018.03.04-01.47.33:596][  0]LogSlate: Took 0.000180 seconds to synchronously load lazily loaded font '../../../Engine/Content/Slate/Fonts/Roboto-Bold.ttf' (160K)
[2018.03.04-01.47.33:602][  0]LogSlate: Took 0.000251 seconds to synchronously load lazily loaded font '../../../Engine/Content/Editor/Slate/Fonts/FontAwesome.ttf' (139K)
[2018.03.04-01.47.33:665][  0]LogRenderer: Reallocating scene render targets to support 1208x576 Format 10 NumSamples 1 (Frame:1).
[2018.03.04-01.47.33:846][  0]LogContentBrowser: Native class hierarchy updated for 'HierarchicalLODOutliner' in 0.0003 seconds. Added 1 classes and 2 folders.
[2018.03.04-01.47.33:846][  0]LogLoad: (Engine Initialization) Total time: 17.32 seconds
[2018.03.04-01.47.33:846][  0]LogLoad: (Engine Initialization) Total Blueprint compile time: 0.00 seconds
[2018.03.04-01.47.33:846][  0]LogExternalProfiler: No external profilers were discovered.  External profiling features will not be available.
[2018.03.04-01.47.33:856][  0]LogWindowsTextInputMethodSystem: Display: IME system now deactivated.
[2018.03.04-01.47.33:875][  0]LogAssetRegistry: Asset discovery search completed in 11.1178 seconds
[2018.03.04-01.47.33:877][  0]LogCollectionManager: Rebuilt the object cache for 0 collections in 0.000004 seconds (found 0 objects)
[2018.03.04-01.47.33:877][  0]LogCollectionManager: Fixed up redirectors for 0 collections in 0.000052 seconds (updated 0 objects)
[2018.03.04-01.47.33:879][  0]LogContentStreaming: Texture pool size now 1000 MB
[2018.03.04-01.47.33:913][  0]LogSlate: Took 0.000298 seconds to synchronously load lazily loaded font '../../../Engine/Content/Slate/Fonts/Roboto-Light.ttf' (159K)
[2018.03.04-01.48.04:618][658]LogEditorActor: Deleted Actor: BP_Sky_Sphere_C
[2018.03.04-01.48.04:626][658]LogEditorActor: Deleted 1 Actors (0.011 secs)
[2018.03.04-01.48.08:422][112]LogSlate: Took 0.000152 seconds to synchronously load lazily loaded font '../../../Engine/Content/Slate/Fonts/Roboto-Light.ttf' (159K)
[2018.03.04-01.48.08:430][112]Cmd: OBJ SAVEPACKAGE PACKAGE="/Game/Blueprints/Maps/Level_1" FILE="../../../../../Documents/GitHub/QuickFixGarage/Content/Blueprints/Maps/Level_1.umap" SILENT=true AUTOSAVING=false KEEPDIRTY=false
[2018.03.04-01.48.08:538][112]LogSavePackage: Save=96.20ms
[2018.03.04-01.48.08:538][112]LogSavePackage: Moving '../../../../../Documents/GitHub/QuickFixGarage/Saved/Level_181992D644A67B500D12C74A166054EDF.tmp' to '../../../../../Documents/GitHub/QuickFixGarage/Content/Blueprints/Maps/Level_1.umap'
[2018.03.04-01.48.08:541][112]LogSavePackage: Display: Finished SavePackage ../../../../../Documents/GitHub/QuickFixGarage/Content/Blueprints/Maps/Level_1.umap
[2018.03.04-01.48.08:556][112]Cmd: OBJ SAVEPACKAGE PACKAGE="/Game/Blueprints/Maps/Level_1_BuiltData" FILE="../../../../../Documents/GitHub/QuickFixGarage/Content/Blueprints/Maps/Level_1_BuiltData.uasset" SILENT=true
[2018.03.04-01.48.08:589][112]LogSavePackage: Save=29.15ms
[2018.03.04-01.48.08:589][112]LogSavePackage: Moving '../../../../../Documents/GitHub/QuickFixGarage/Saved/Level_1_BuiltData96CDB766471C1B214C7FDE9F91A5EFB2.tmp' to '../../../../../Documents/GitHub/QuickFixGarage/Content/Blueprints/Maps/Level_1_BuiltData.uasset'
[2018.03.04-01.48.08:590][112]LogSavePackage: Display: Finished SavePackage ../../../../../Documents/GitHub/QuickFixGarage/Content/Blueprints/Maps/Level_1_BuiltData.uasset
[2018.03.04-01.48.10:713][361]LogWindowsTextInputMethodSystem: Display: IME system now deactivated.
[2018.03.04-01.48.10:880][362]Cmd: QUIT_EDITOR
[2018.03.04-01.48.10:901][362]LogExit: Preparing to exit.
[2018.03.04-01.48.11:068][362]LogDirectoryWatcher: A directory notification for 'C:/Users/Patrique/Documents/GitHub/QuickFixGarage/Content/' was aborted.
[2018.03.04-01.48.11:094][362]LogExit: Editor shut down
[2018.03.04-01.48.11:096][362]LogExit: Transaction tracking system shut down
[2018.03.04-01.48.11:218][362]LogDirectoryWatcher: A directory notification for '../../../Engine/Content/' was aborted.
[2018.03.04-01.48.11:218][362]LogDirectoryWatcher: A directory notification for '../../../../../Documents/GitHub/QuickFixGarage/Content/' was aborted.
[2018.03.04-01.48.11:219][362]LogDirectoryWatcher: A directory notification for '../../../Engine/Plugins/2D/Paper2D/Content/' was aborted.
[2018.03.04-01.48.11:219][362]LogDirectoryWatcher: A directory notification for '../../../Engine/Plugins/Media/MediaCompositing/Content/' was aborted.
[2018.03.04-01.48.11:219][362]LogDirectoryWatcher: A directory notification for '../../../Engine/Plugins/Runtime/AppleARKit/Content/' was aborted.
[2018.03.04-01.48.11:219][362]LogDirectoryWatcher: A directory notification for '../../../Engine/Plugins/Runtime/Oculus/OculusVR/Content/' was aborted.
[2018.03.04-01.48.11:219][362]LogDirectoryWatcher: A directory notification for '../../../Engine/Plugins/Runtime/Steam/SteamVR/Content/' was aborted.
[2018.03.04-01.48.11:256][362]LogExit: Object subsystem successfully closed.
[2018.03.04-01.48.11:375][362]LogD3D11RHI: Shutdown
[2018.03.04-01.48.11:375][362]LogD3D11RHI: CleanupD3DDevice
[2018.03.04-01.48.11:395][362]LogD3D11RHI: ~FD3D11DynamicRHI
[2018.03.04-01.48.11:409][362]LogModuleManager: Shutting down and abandoning module HierarchicalLODOutliner (544)
[2018.03.04-01.48.11:409][362]LogModuleManager: Shutting down and abandoning module DesktopPlatform (542)
[2018.03.04-01.48.11:409][362]LogModuleManager: Shutting down and abandoning module SceneOutliner (540)
[2018.03.04-01.48.11:410][362]LogModuleManager: Shutting down and abandoning module AddContentDialog (538)
[2018.03.04-01.48.11:410][362]LogDirectoryWatcher: A directory notification for 'C:/Users/Patrique/Desktop/MICROSOFT_UWP_UNREAL-release_uwp/FeaturePacks/' was aborted.
[2018.03.04-01.48.11:410][362]LogModuleManager: Shutting down and abandoning module WidgetCarousel (537)
[2018.03.04-01.48.11:410][362]LogModuleManager: Shutting down and abandoning module EditorWidgets (534)
[2018.03.04-01.48.11:410][362]LogModuleManager: Shutting down and abandoning module CollectionManager (532)
[2018.03.04-01.48.11:410][362]LogDirectoryWatcher: A directory notification for 'C:/Users/Patrique/Documents/GitHub/QuickFixGarage/Content/Collections/' was aborted.
[2018.03.04-01.48.11:410][362]LogDirectoryWatcher: A directory notification for 'C:/Users/Patrique/Documents/GitHub/QuickFixGarage/Content/Developers/Patrique/Collections/' was aborted.
[2018.03.04-01.48.11:410][362]LogDirectoryWatcher: A directory notification for 'C:/Users/Patrique/Documents/GitHub/QuickFixGarage/Saved/Collections/' was aborted.
[2018.03.04-01.48.11:411][362]LogModuleManager: Shutting down and abandoning module StatsViewer (530)
[2018.03.04-01.48.11:411][362]LogModuleManager: Shutting down and abandoning module FoliageEdit (528)
[2018.03.04-01.48.11:411][362]LogModuleManager: Shutting down and abandoning module LandscapeEditor (526)
[2018.03.04-01.48.11:411][362]LogModuleManager: Shutting down and abandoning module MeshPaintMode (524)
[2018.03.04-01.48.11:411][362]LogModuleManager: Shutting down and abandoning module SceneDepthPickerMode (522)
[2018.03.04-01.48.11:411][362]LogModuleManager: Shutting down and abandoning module ActorPickerMode (520)
[2018.03.04-01.48.11:411][362]LogModuleManager: Shutting down and abandoning module GeometryMode (518)
[2018.03.04-01.48.11:411][362]LogModuleManager: Shutting down and abandoning module TextureAlignMode (516)
[2018.03.04-01.48.11:411][362]LogModuleManager: Shutting down and abandoning module BspMode (514)
[2018.03.04-01.48.11:411][362]LogModuleManager: Shutting down and abandoning module PIEPreviewDeviceProfileSelector (512)
[2018.03.04-01.48.11:411][362]LogModuleManager: Shutting down and abandoning module HardwareSurvey (510)
[2018.03.04-01.48.11:411][362]LogModuleManager: Shutting down and abandoning module SequenceRecorderSections (508)
[2018.03.04-01.48.11:411][362]LogModuleManager: Shutting down and abandoning module AutomationWorker (506)
[2018.03.04-01.48.11:411][362]LogModuleManager: Shutting down and abandoning module MatineeToLevelSequence (504)
[2018.03.04-01.48.11:411][362]LogModuleManager: Shutting down and abandoning module LevelSequenceEditor (502)
[2018.03.04-01.48.11:411][362]LogModuleManager: Shutting down and abandoning module PlacementMode (501)
[2018.03.04-01.48.11:411][362]LogModuleManager: Shutting down and abandoning module WmfMediaFactory (498)
[2018.03.04-01.48.11:411][362]LogModuleManager: Shutting down and abandoning module WmfMediaEditor (496)
[2018.03.04-01.48.11:411][362]LogModuleManager: Shutting down and abandoning module OpenExrWrapper (494)
[2018.03.04-01.48.11:411][362]LogModuleManager: Shutting down and abandoning module ImgMediaFactory (492)
[2018.03.04-01.48.11:411][362]LogModuleManager: Shutting down and abandoning module ImgMediaEditor (490)
[2018.03.04-01.48.11:411][362]LogModuleManager: Shutting down and abandoning module AvfMediaFactory (488)
[2018.03.04-01.48.11:411][362]LogModuleManager: Shutting down and abandoning module AvfMediaEditor (486)
[2018.03.04-01.48.11:411][362]LogModuleManager: Shutting down and abandoning module AndroidMediaFactory (484)
[2018.03.04-01.48.11:411][362]LogModuleManager: Shutting down and abandoning module AndroidMediaEditor (482)
[2018.03.04-01.48.11:411][362]LogModuleManager: Shutting down and abandoning module CharacterAI (480)
[2018.03.04-01.48.11:411][362]LogModuleManager: Shutting down and abandoning module AudioCapture (478)
[2018.03.04-01.48.11:411][362]LogModuleManager: Shutting down and abandoning module SequenceRecorder (477)
[2018.03.04-01.48.11:411][362]LogModuleManager: Shutting down and abandoning module SmartSnapping (474)
[2018.03.04-01.48.11:411][362]LogModuleManager: Shutting down and abandoning module SessionServices (472)
[2018.03.04-01.48.11:411][362]LogModuleManager: Shutting down and abandoning module ViewportSnapping (470)
[2018.03.04-01.48.11:411][362]LogModuleManager: Shutting down and abandoning module ViewportInteraction (468)
[2018.03.04-01.48.11:411][362]LogModuleManager: Shutting down and abandoning module ClothPainter (466)
[2018.03.04-01.48.11:411][362]LogModuleManager: Shutting down and abandoning module SkeletalMeshEditor (465)
[2018.03.04-01.48.11:411][362]LogModuleManager: Shutting down and abandoning module LogVisualizer (462)
[2018.03.04-01.48.11:411][362]LogModuleManager: Shutting down and abandoning module IntroTutorials (460)
[2018.03.04-01.48.11:411][362]LogModuleManager: Shutting down and abandoning module GameProjectGeneration (459)
[2018.03.04-01.48.11:411][362]LogModuleManager: Shutting down and abandoning module IOSPlatformEditor (456)
[2018.03.04-01.48.11:411][362]LogModuleManager: Shutting down and abandoning module HTML5PlatformEditor (454)
[2018.03.04-01.48.11:411][362]LogModuleManager: Shutting down and abandoning module AndroidPlatformEditor (452)
[2018.03.04-01.48.11:411][362]LogModuleManager: Shutting down and abandoning module AndroidDeviceDetection (451)
[2018.03.04-01.48.11:893][362]LogModuleManager: Shutting down and abandoning module WindowsPlatformEditor (448)
[2018.03.04-01.48.11:894][362]LogModuleManager: Shutting down and abandoning module UWPPlatformEditor (446)
[2018.03.04-01.48.11:894][362]LogModuleManager: Shutting down and abandoning module IOSRuntimeSettings (444)
[2018.03.04-01.48.11:894][362]LogModuleManager: Shutting down and abandoning module AndroidRuntimeSettings (442)
[2018.03.04-01.48.11:894][362]LogModuleManager: Shutting down and abandoning module InputBindingEditor (440)
[2018.03.04-01.48.11:894][362]LogModuleManager: Shutting down and abandoning module MergeActors (438)
[2018.03.04-01.48.11:894][362]LogModuleManager: Shutting down and abandoning module SizeMap (436)
[2018.03.04-01.48.11:894][362]LogModuleManager: Shutting down and abandoning module TreeMap (434)
[2018.03.04-01.48.11:894][362]LogModuleManager: Shutting down and abandoning module ReferenceViewer (432)
[2018.03.04-01.48.11:894][362]LogModuleManager: Shutting down and abandoning module LocalizationDashboard (430)
[2018.03.04-01.48.11:894][362]LogModuleManager: Shutting down and abandoning module LocalizationService (429)
[2018.03.04-01.48.11:894][362]LogModuleManager: Shutting down and abandoning module HardwareTargeting (426)
[2018.03.04-01.48.11:894][362]LogModuleManager: Shutting down and abandoning module DeviceProfileEditor (424)
[2018.03.04-01.48.11:894][362]LogModuleManager: Shutting down and abandoning module UndoHistory (422)
[2018.03.04-01.48.11:894][362]LogModuleManager: Shutting down and abandoning module XmlParser (420)
[2018.03.04-01.48.11:894][362]LogModuleManager: Shutting down and abandoning module Blutility (418)
[2018.03.04-01.48.11:894][362]LogModuleManager: Shutting down and abandoning module ProjectSettingsViewer (416)
[2018.03.04-01.48.11:894][362]LogModuleManager: Shutting down and abandoning module ProjectTargetPlatformEditor (415)
[2018.03.04-01.48.11:894][362]LogModuleManager: Shutting down and abandoning module EditorSettingsViewer (412)
[2018.03.04-01.48.11:894][362]LogModuleManager: Shutting down and abandoning module SettingsEditor (410)
[2018.03.04-01.48.11:894][362]LogModuleManager: Shutting down and abandoning module ProjectLauncher (408)
[2018.03.04-01.48.11:894][362]LogModuleManager: Shutting down and abandoning module SessionFrontend (406)
[2018.03.04-01.48.11:894][362]LogModuleManager: Shutting down and abandoning module ProfilerClient (404)
[2018.03.04-01.48.11:894][362]LogModuleManager: Shutting down and abandoning module DeviceManager (402)
[2018.03.04-01.48.11:894][362]LogModuleManager: Shutting down and abandoning module TargetDeviceServices (401)
[2018.03.04-01.48.11:968][362]LogModuleManager: Shutting down and abandoning module AutomationController (398)
[2018.03.04-01.48.11:968][362]LogModuleManager: Shutting down and abandoning module AutomationWindow (396)
[2018.03.04-01.48.11:968][362]LogModuleManager: Shutting down and abandoning module Layers (394)
[2018.03.04-01.48.11:968][362]LogModuleManager: Shutting down and abandoning module ComponentVisualizers (392)
[2018.03.04-01.48.11:968][362]LogModuleManager: Shutting down and abandoning module DetailCustomizations (390)
[2018.03.04-01.48.11:968][362]LogModuleManager: Shutting down and abandoning module PackagesDialog (388)
[2018.03.04-01.48.11:968][362]LogModuleManager: Shutting down and abandoning module Persona (386)
[2018.03.04-01.48.11:968][362]LogModuleManager: Shutting down and abandoning module AdvancedPreviewScene (385)
[2018.03.04-01.48.11:968][362]LogModuleManager: Shutting down and abandoning module AnimGraph (383)
[2018.03.04-01.48.11:968][362]LogModuleManager: Shutting down and abandoning module Kismet (380)
[2018.03.04-01.48.11:969][362]LogModuleManager: Shutting down and abandoning module ClassViewer (378)
[2018.03.04-01.48.11:969][362]LogModuleManager: Shutting down and abandoning module Toolbox (376)
[2018.03.04-01.48.11:969][362]LogModuleManager: Shutting down and abandoning module ModuleUI (374)
[2018.03.04-01.48.11:969][362]LogModuleManager: Shutting down and abandoning module MovieSceneTools (372)
[2018.03.04-01.48.11:969][362]LogModuleManager: Shutting down and abandoning module OutputLog (370)
[2018.03.04-01.48.11:969][362]LogModuleManager: Shutting down and abandoning module GammaUI (368)
[2018.03.04-01.48.11:969][362]LogModuleManager: Shutting down and abandoning module Documentation (366)
[2018.03.04-01.48.11:969][362]LogModuleManager: Shutting down and abandoning module MovieSceneTracks (364)
[2018.03.04-01.48.11:969][362]LogModuleManager: Shutting down and abandoning module MovieScene (362)
[2018.03.04-01.48.11:969][362]LogModuleManager: Shutting down and abandoning module StreamingPauseRendering (360)
[2018.03.04-01.48.11:969][362]LogModuleManager: Shutting down and abandoning module LauncherPlatform (358)
[2018.03.04-01.48.11:969][362]LogModuleManager: Shutting down and abandoning module AnalyticsET (356)
[2018.03.04-01.48.11:969][362]LogModuleManager: Shutting down and abandoning module PortalServices (354)
[2018.03.04-01.48.11:969][362]LogModuleManager: Shutting down and abandoning module PortalRpc (352)
[2018.03.04-01.48.11:969][362]LogModuleManager: Shutting down and abandoning module MessagingRpc (350)
[2018.03.04-01.48.11:969][362]LogModuleManager: Shutting down and abandoning module AIModule (348)
[2018.03.04-01.48.11:969][362]LogModuleManager: Shutting down and abandoning module GameplayDebugger (347)
[2018.03.04-01.48.11:969][362]LogModuleManager: Shutting down and abandoning module AITestSuite (345)
[2018.03.04-01.48.11:969][362]LogModuleManager: Shutting down and abandoning module ProfilerService (342)
[2018.03.04-01.48.12:040][362]LogModuleManager: Shutting down and abandoning module TaskGraph (340)
[2018.03.04-01.48.12:040][362]LogModuleManager: Shutting down and abandoning module SteamVRController (338)
[2018.03.04-01.48.12:040][362]LogModuleManager: Shutting down and abandoning module ProceduralMeshComponentEditor (336)
[2018.03.04-01.48.12:040][362]LogModuleManager: Shutting down and abandoning module ProceduralMeshComponent (334)
[2018.03.04-01.48.12:040][362]LogModuleManager: Shutting down and abandoning module OculusInput (332)
[2018.03.04-01.48.12:040][362]LogModuleManager: Shutting down and abandoning module MobilePatchingUtils (330)
[2018.03.04-01.48.12:040][362]LogModuleManager: Shutting down and abandoning module CustomMeshComponent (328)
[2018.03.04-01.48.12:040][362]LogModuleManager: Shutting down and abandoning module CableComponent (326)
[2018.03.04-01.48.12:040][362]LogModuleManager: Shutting down and abandoning module ArchVisCharacter (324)
[2018.03.04-01.48.12:040][362]LogModuleManager: Shutting down and abandoning module AndroidPermission (322)
[2018.03.04-01.48.12:040][362]LogModuleManager: Shutting down and abandoning module ActorSequence (318)
[2018.03.04-01.48.12:040][362]LogModuleManager: Shutting down and abandoning module MediaPlayerEditor (316)
[2018.03.04-01.48.12:041][362]LogModuleManager: Shutting down and abandoning module MediaCompositingEditor (314)
[2018.03.04-01.48.12:041][362]LogModuleManager: Shutting down and abandoning module MediaCompositing (312)
[2018.03.04-01.48.12:041][362]LogModuleManager: Shutting down and abandoning module HTML5Networking (310)
[2018.03.04-01.48.12:041][362]LogModuleManager: Shutting down and abandoning module AlembicImporter (308)
[2018.03.04-01.48.12:041][362]LogModuleManager: Shutting down and abandoning module AlembicLibrary (307)
[2018.03.04-01.48.12:041][362]LogModuleManager: Shutting down and abandoning module GeometryCache (306)
[2018.03.04-01.48.12:041][362]LogModuleManager: Shutting down and abandoning module GeometryCacheEd (305)
[2018.03.04-01.48.12:041][362]LogModuleManager: Shutting down and abandoning module SpeedTreeImporter (300)
[2018.03.04-01.48.12:041][362]LogModuleManager: Shutting down and abandoning module PluginBrowser (298)
[2018.03.04-01.48.12:041][362]LogModuleManager: Shutting down and abandoning module MobileLauncherProfileWizard (296)
[2018.03.04-01.48.12:041][362]LogModuleManager: Shutting down and abandoning module VisualStudioSourceCodeAccess (294)
[2018.03.04-01.48.12:041][362]LogModuleManager: Shutting down and abandoning module VisualStudioCodeSourceCodeAccess (292)
[2018.03.04-01.48.12:041][362]LogModuleManager: Shutting down and abandoning module UObjectPlugin (290)
[2018.03.04-01.48.12:041][362]LogModuleManager: Shutting down and abandoning module SubversionSourceControl (288)
[2018.03.04-01.48.12:041][362]LogModuleManager: Shutting down and abandoning module PerforceSourceControl (286)
[2018.03.04-01.48.12:041][362]LogModuleManager: Shutting down and abandoning module GitSourceControl (284)
[2018.03.04-01.48.12:041][362]LogModuleManager: Shutting down and abandoning module SourceControl (283)
[2018.03.04-01.48.12:041][362]LogModuleManager: Shutting down and abandoning module LightPropagationVolumeEditor (280)
[2018.03.04-01.48.12:041][362]LogModuleManager: Shutting down and abandoning module PaperTiledImporter (278)
[2018.03.04-01.48.12:041][362]LogModuleManager: Shutting down and abandoning module PaperSpriteSheetImporter (276)
[2018.03.04-01.48.12:041][362]LogModuleManager: Shutting down and abandoning module Paper2DEditor (274)
[2018.03.04-01.48.12:041][362]LogModuleManager: Shutting down and abandoning module MeshPaint (273)
[2018.03.04-01.48.12:041][362]LogModuleManager: Shutting down and abandoning module LevelEditor (271)
[2018.03.04-01.48.12:042][362]LogModuleManager: Shutting down and abandoning module PixelInspectorModule (270)
[2018.03.04-01.48.12:042][362]LogModuleManager: Shutting down and abandoning module MainFrame (268)
[2018.03.04-01.48.12:042][362]LogModuleManager: Shutting down and abandoning module HotReload (267)
[2018.03.04-01.48.12:043][362]LogModuleManager: Shutting down and abandoning module RuntimePhysXCooking (262)
[2018.03.04-01.48.12:043][362]LogModuleManager: Shutting down and abandoning module PhysXVehiclesEditor (260)
[2018.03.04-01.48.12:043][362]LogModuleManager: Shutting down and abandoning module PhysXVehicles (258)
[2018.03.04-01.48.12:043][362]LogModuleManager: Shutting down and abandoning module OculusEditor (256)
[2018.03.04-01.48.12:043][362]LogModuleManager: Shutting down and abandoning module LocationServicesBPLibrary (254)
[2018.03.04-01.48.12:043][362]LogModuleManager: Shutting down and abandoning module ImmediatePhysicsEditor (252)
[2018.03.04-01.48.12:043][362]LogModuleManager: Shutting down and abandoning module ImmediatePhysics (250)
[2018.03.04-01.48.12:043][362]LogModuleManager: Shutting down and abandoning module UdpMessaging (248)
[2018.03.04-01.48.12:144][362]LogModuleManager: Shutting down and abandoning module TcpMessaging (246)
[2018.03.04-01.48.12:244][362]LogModuleManager: Shutting down and abandoning module GameplayTagsEditor (244)
[2018.03.04-01.48.12:244][362]LogModuleManager: Shutting down and abandoning module FacialAnimationEditor (242)
[2018.03.04-01.48.12:244][362]LogModuleManager: Shutting down and abandoning module FacialAnimation (240)
[2018.03.04-01.48.12:244][362]LogModuleManager: Shutting down and abandoning module AssetManagerEditor (238)
[2018.03.04-01.48.12:244][362]LogModuleManager: Shutting down and abandoning module GraphEditor (237)
[2018.03.04-01.48.12:244][362]LogModuleManager: Shutting down and abandoning module ContentBrowser (235)
[2018.03.04-01.48.12:245][362]LogModuleManager: Shutting down and abandoning module LightPropagationVolumeRuntime (232)
[2018.03.04-01.48.12:245][362]LogModuleManager: Shutting down and abandoning module Paper2D (230)
[2018.03.04-01.48.12:245][362]LogModuleManager: Shutting down and abandoning module WindowsMoviePlayer (228)
[2018.03.04-01.48.12:245][362]LogModuleManager: Shutting down and abandoning module WmfMedia (226)
[2018.03.04-01.48.12:249][362]LogModuleManager: Shutting down and abandoning module ImgMedia (224)
[2018.03.04-01.48.12:250][362]LogModuleManager: Shutting down and abandoning module PacketHandler (222)
[2018.03.04-01.48.12:250][362]LogModuleManager: Shutting down and abandoning module ClothingSystemEditor (220)
[2018.03.04-01.48.12:250][362]LogModuleManager: Shutting down and abandoning module ClothingSystemRuntime (218)
[2018.03.04-01.48.12:250][362]LogModuleManager: Shutting down and abandoning module MediaAssets (216)
[2018.03.04-01.48.12:250][362]LogModuleManager: Shutting down and abandoning module Media (215)
[2018.03.04-01.48.12:256][362]LogModuleManager: Shutting down and abandoning module Overlay (212)
[2018.03.04-01.48.12:256][362]LogModuleManager: Shutting down and abandoning module OverlayEditor (211)
[2018.03.04-01.48.12:256][362]LogModuleManager: Shutting down and abandoning module VREditor (208)
[2018.03.04-01.48.12:257][362]LogModuleManager: Shutting down and abandoning module StringTableEditor (206)
[2018.03.04-01.48.12:257][362]LogModuleManager: Shutting down and abandoning module GameplayTasksEditor (204)
[2018.03.04-01.48.12:257][362]LogModuleManager: Shutting down and abandoning module BehaviorTreeEditor (202)
[2018.03.04-01.48.12:257][362]LogModuleManager: Shutting down and abandoning module FunctionalTesting (200)
[2018.03.04-01.48.12:257][362]LogModuleManager: Shutting down and abandoning module CollisionAnalyzer (198)
[2018.03.04-01.48.12:257][362]LogModuleManager: Shutting down and abandoning module WorkspaceMenuStructure (197)
[2018.03.04-01.48.12:257][362]LogModuleManager: Shutting down and abandoning module UMG (194)
[2018.03.04-01.48.12:257][362]LogModuleManager: Shutting down and abandoning module UMGEditor (193)
[2018.03.04-01.48.12:257][362]LogModuleManager: Shutting down and abandoning module Sequencer (192)
[2018.03.04-01.48.12:258][362]LogModuleManager: Shutting down and abandoning module MessageLog (189)
[2018.03.04-01.48.12:258][362]LogModuleManager: Shutting down and abandoning module SlateReflector (184)
[2018.03.04-01.48.12:258][362]LogModuleManager: Shutting down and abandoning module Slate (182)
[2018.03.04-01.48.12:258][362]LogModuleManager: Shutting down and abandoning module EditorStyle (180)
[2018.03.04-01.48.12:267][362]LogModuleManager: Shutting down and abandoning module MRMesh (178)
[2018.03.04-01.48.12:268][362]LogModuleManager: Shutting down and abandoning module SourceCodeAccess (176)
[2018.03.04-01.48.12:268][362]LogModuleManager: Shutting down and abandoning module HeadMountedDisplay (174)
[2018.03.04-01.48.12:268][362]LogModuleManager: Shutting down and abandoning module XAudio2 (172)
[2018.03.04-01.48.12:268][362]LogModuleManager: Shutting down and abandoning module Networking (170)
[2018.03.04-01.48.12:268][362]LogModuleManager: Shutting down and abandoning module Core (166)
[2018.03.04-01.48.12:268][362]LogModuleManager: Shutting down and abandoning module LevelSequence (162)
[2018.03.04-01.48.12:268][362]LogModuleManager: Shutting down and abandoning module DirectoryWatcher (160)
[2018.03.04-01.48.12:270][362]LogModuleManager: Shutting down and abandoning module KismetCompiler (158)
[2018.03.04-01.48.12:270][362]LogModuleManager: Shutting down and abandoning module MeshUtilities (156)
[2018.03.04-01.48.12:270][362]LogModuleManager: Shutting down and abandoning module MeshMergeUtilities (155)
[2018.03.04-01.48.12:271][362]LogModuleManager: Shutting down and abandoning module MeshReductionInterface (154)
[2018.03.04-01.48.12:271][362]LogModuleManager: Shutting down and abandoning module QuadricMeshReduction (153)
[2018.03.04-01.48.12:271][362]LogModuleManager: Shutting down and abandoning module MaterialBaking (149)
[2018.03.04-01.48.12:271][362]LogModuleManager: Shutting down and abandoning module DerivedDataCache (146)
[2018.03.04-01.48.12:559][362]LogDerivedDataCache: Shutdown
[2018.03.04-01.48.12:559][362]LogModuleManager: Shutting down and abandoning module TargetPlatform (144)
[2018.03.04-01.48.12:559][362]LogModuleManager: Shutting down and abandoning module VulkanShaderFormat (143)
[2018.03.04-01.48.12:559][362]LogModuleManager: Shutting down and abandoning module ShaderFormatVectorVM (141)
[2018.03.04-01.48.12:559][362]LogModuleManager: Shutting down and abandoning module ShaderFormatOpenGL (139)
[2018.03.04-01.48.12:559][362]LogModuleManager: Shutting down and abandoning module ShaderFormatD3D (137)
[2018.03.04-01.48.12:559][362]LogModuleManager: Shutting down and abandoning module MetalShaderFormat (135)
[2018.03.04-01.48.12:559][362]LogModuleManager: Shutting down and abandoning module TextureFormatUncompressed (133)
[2018.03.04-01.48.12:560][362]LogModuleManager: Shutting down and abandoning module TextureFormatPVR (131)
[2018.03.04-01.48.12:560][362]LogModuleManager: Shutting down and abandoning module TextureFormatDXT (129)
[2018.03.04-01.48.12:560][362]LogModuleManager: Shutting down and abandoning module TextureFormatIntelISPCTexComp (127)
[2018.03.04-01.48.12:560][362]LogModuleManager: Shutting down and abandoning module TextureFormatASTC (125)
[2018.03.04-01.48.12:560][362]LogModuleManager: Shutting down and abandoning module ImageWrapper (124)
[2018.03.04-01.48.12:560][362]LogModuleManager: Shutting down and abandoning module TextureFormatAndroid (121)
[2018.03.04-01.48.12:560][362]LogModuleManager: Shutting down and abandoning module AudioFormatOpus (119)
[2018.03.04-01.48.12:560][362]LogModuleManager: Shutting down and abandoning module AudioFormatOgg (117)
[2018.03.04-01.48.12:560][362]LogModuleManager: Shutting down and abandoning module AudioFormatADPCM (115)
[2018.03.04-01.48.12:560][362]LogModuleManager: Shutting down and abandoning module TVOSTargetPlatform (113)
[2018.03.04-01.48.12:560][362]LogModuleManager: Shutting down and abandoning module Messaging (111)
[2018.03.04-01.48.12:560][362]LogModuleManager: Shutting down and abandoning module IOSTargetPlatform (109)
[2018.03.04-01.48.12:560][362]LogModuleManager: Shutting down and abandoning module HTML5TargetPlatform (107)
[2018.03.04-01.48.12:561][362]LogModuleManager: Shutting down and abandoning module AndroidTargetPlatform (105)
[2018.03.04-01.48.12:561][362]LogModuleManager: Shutting down and abandoning module Android_PVRTCTargetPlatform (103)
[2018.03.04-01.48.12:561][362]LogModuleManager: Shutting down and abandoning module Android_MultiTargetPlatform (101)
[2018.03.04-01.48.12:561][362]LogModuleManager: Shutting down and abandoning module Android_ETC2TargetPlatform (99)
[2018.03.04-01.48.12:561][362]LogModuleManager: Shutting down and abandoning module Android_ETC1TargetPlatform (97)
[2018.03.04-01.48.12:561][362]LogModuleManager: Shutting down and abandoning module Android_DXTTargetPlatform (95)
[2018.03.04-01.48.12:561][362]LogModuleManager: Shutting down and abandoning module Android_ATCTargetPlatform (93)
[2018.03.04-01.48.12:561][362]LogModuleManager: Shutting down and abandoning module Android_ASTCTargetPlatform (91)
[2018.03.04-01.48.12:561][362]LogModuleManager: Shutting down and abandoning module WindowsTargetPlatform (89)
[2018.03.04-01.48.12:561][362]LogModuleManager: Shutting down and abandoning module WindowsServerTargetPlatform (87)
[2018.03.04-01.48.12:561][362]LogModuleManager: Shutting down and abandoning module WindowsNoEditorTargetPlatform (85)
[2018.03.04-01.48.12:561][362]LogModuleManager: Shutting down and abandoning module WindowsClientTargetPlatform (83)
[2018.03.04-01.48.12:561][362]LogModuleManager: Shutting down and abandoning module UWPTargetPlatform (81)
[2018.03.04-01.48.12:561][362]LogModuleManager: Shutting down and abandoning module UWPDeviceDetector (79)
[2018.03.04-01.48.12:562][362]LogModuleManager: Shutting down and abandoning module UWP32TargetPlatform (77)
[2018.03.04-01.48.12:562][362]LogModuleManager: Shutting down and abandoning module MacTargetPlatform (75)
[2018.03.04-01.48.12:562][362]LogModuleManager: Shutting down and abandoning module MacServerTargetPlatform (73)
[2018.03.04-01.48.12:562][362]LogModuleManager: Shutting down and abandoning module MacNoEditorTargetPlatform (71)
[2018.03.04-01.48.12:562][362]LogModuleManager: Shutting down and abandoning module MacClientTargetPlatform (69)
[2018.03.04-01.48.12:562][362]LogModuleManager: Shutting down and abandoning module AllDesktopTargetPlatform (67)
[2018.03.04-01.48.12:562][362]LogModuleManager: Shutting down and abandoning module InputCore (64)
[2018.03.04-01.48.12:562][362]LogModuleManager: Shutting down and abandoning module Settings (62)
[2018.03.04-01.48.12:562][362]LogModuleManager: Shutting down and abandoning module PhysXCooking (60)
[2018.03.04-01.48.12:562][362]LogModuleManager: Shutting down and abandoning module SteamVR (58)
[2018.03.04-01.48.12:562][362]LogModuleManager: Shutting down and abandoning module OculusHMD (56)
[2018.03.04-01.48.12:562][362]LogModuleManager: Shutting down and abandoning module ExampleDeviceProfileSelector (54)
[2018.03.04-01.48.12:562][362]LogModuleManager: Shutting down and abandoning module AppleARKit (52)
[2018.03.04-01.48.12:563][362]LogModuleManager: Shutting down and abandoning module AugmentedReality (51)
[2018.03.04-01.48.12:563][362]LogModuleManager: Shutting down and abandoning module OnlineBlueprintSupport (48)
[2018.03.04-01.48.12:563][362]LogModuleManager: Shutting down and abandoning module OnlineSubsystem (44)
[2018.03.04-01.48.12:563][362]LogModuleManager: Shutting down and abandoning module XMPP (43)
[2018.03.04-01.48.12:563][362]LogModuleManager: Shutting down and abandoning module HTTP (41)
[2018.03.04-01.48.12:563][362]LogHttp: Display: Http module shutting down, but needs to wait on 1 outstanding Http requests:
[2018.03.04-01.48.12:563][362]LogHttp: Display: 	verb=[POST] url=[https://datarouter.ol.epicgames.com/datarouter/api/v1/public/data?SessionID=%7BF00157E7-4C27-4B20-D8EB-6191BF37EC6F%7D&AppID=UEEditor.UnrealEngine.Release&AppVersion=4.18.2-0%2B%2B%2BUE4%2BRelease-4.18&UserID=b0c8f0ab48c2a61507a5d7858176abed%7C8188d1f451ea4a559898d354cc353d53%7C45a0b155-8bc0-4877-97c5-e3ab8ce1847e&AppEnvironment=datacollector-source&UploadType=eteventstream] status=Processing
[2018.03.04-01.48.12:595][362]LogModuleManager: Shutting down and abandoning module SSL (40)
[2018.03.04-01.48.12:599][362]LogModuleManager: Shutting down and abandoning module AnimationModifiers (36)
[2018.03.04-01.48.12:600][362]LogModuleManager: Shutting down and abandoning module PropertyEditor (35)
[2018.03.04-01.48.12:600][362]LogModuleManager: Shutting down and abandoning module AudioEditor (32)
[2018.03.04-01.48.12:600][362]LogModuleManager: Shutting down and abandoning module TextureCompressor (30)
[2018.03.04-01.48.12:600][362]LogModuleManager: Shutting down and abandoning module ShaderCore (28)
[2018.03.04-01.48.12:600][362]LogModuleManager: Shutting down and abandoning module Landscape (26)
[2018.03.04-01.48.12:601][362]LogModuleManager: Shutting down and abandoning module SlateRHIRenderer (24)
[2018.03.04-01.48.12:602][362]LogModuleManager: Shutting down and abandoning module OpenGLDrv (22)
[2018.03.04-01.48.12:602][362]LogModuleManager: Shutting down and abandoning module D3D11RHI (20)
[2018.03.04-01.48.12:602][362]LogModuleManager: Shutting down and abandoning module AnimGraphRuntime (18)
[2018.03.04-01.48.12:602][362]LogModuleManager: Shutting down and abandoning module Renderer (16)
[2018.03.04-01.48.12:602][362]LogModuleManager: Shutting down and abandoning module Engine (14)
[2018.03.04-01.48.12:602][362]LogModuleManager: Shutting down and abandoning module CoreUObject (12)
[2018.03.04-01.48.12:602][362]LogModuleManager: Shutting down and abandoning module NetworkFile (10)
[2018.03.04-01.48.12:602][362]LogModuleManager: Shutting down and abandoning module CookedIterativeFile (8)
[2018.03.04-01.48.12:602][362]LogModuleManager: Shutting down and abandoning module StreamingFile (6)
[2018.03.04-01.48.12:602][362]LogModuleManager: Shutting down and abandoning module SandboxFile (4)
[2018.03.04-01.48.12:602][362]LogModuleManager: Shutting down and abandoning module PakFile (2)
[2018.03.04-01.48.12:613][362]LogExit: Exiting.
[2018.03.04-01.48.12:641][362]Log file closed, 03/03/18 20:48:12
